Performing C SOURCE FILE Test CMAKE_HAVE_LIBC_PTHREAD failed with the following output:
Change Dir: /home/pdell/dev/viz3d/glfw/src/glfw-build/CMakeFiles/CMakeTmp

Run Build Command(s):/usr/bin/make -f Makefile cmTC_91bc3/fast && make[3]: Entering directory '/home/pdell/dev/viz3d/glfw/src/glfw-build/CMakeFiles/CMakeTmp'
/usr/bin/make  -f CMakeFiles/cmTC_91bc3.dir/build.make CMakeFiles/cmTC_91bc3.dir/build
make[4]: Entering directory '/home/pdell/dev/viz3d/glfw/src/glfw-build/CMakeFiles/CMakeTmp'
Building C object CMakeFiles/cmTC_91bc3.dir/src.c.o
/usr/bin/cc -DCMAKE_HAVE_LIBC_PTHREAD   -o CMakeFiles/cmTC_91bc3.dir/src.c.o -c /home/pdell/dev/viz3d/glfw/src/glfw-build/CMakeFiles/CMakeTmp/src.c
Linking C executable cmTC_91bc3
/usr/bin/cmake -E cmake_link_script CMakeFiles/cmTC_91bc3.dir/link.txt --verbose=1
/usr/bin/cc -rdynamic CMakeFiles/cmTC_91bc3.dir/src.c.o -o cmTC_91bc3 
CMakeFiles/cmTC_91bc3.dir/src.c.o: In function `main':
src.c:(.text+0x3e): undefined reference to `pthread_create'
src.c:(.text+0x4a): undefined reference to `pthread_detach'
src.c:(.text+0x56): undefined reference to `pthread_cancel'
src.c:(.text+0x67): undefined reference to `pthread_join'
src.c:(.text+0x7b): undefined reference to `pthread_atfork'
collect2: error: ld returned 1 exit status
CMakeFiles/cmTC_91bc3.dir/build.make:98: recipe for target 'cmTC_91bc3' failed
make[4]: *** [cmTC_91bc3] Error 1
make[4]: Leaving directory '/home/pdell/dev/viz3d/glfw/src/glfw-build/CMakeFiles/CMakeTmp'
Makefile:127: recipe for target 'cmTC_91bc3/fast' failed
make[3]: *** [cmTC_91bc3/fast] Error 2
make[3]: Leaving directory '/home/pdell/dev/viz3d/glfw/src/glfw-build/CMakeFiles/CMakeTmp'


Source file was:
#include <pthread.h>

static void* test_func(void* data)
{
  return data;
}

int main(void)
{
  pthread_t thread;
  pthread_create(&thread, NULL, test_func, NULL);
  pthread_detach(thread);
  pthread_cancel(thread);
  pthread_join(thread, NULL);
  pthread_atfork(NULL, NULL, NULL);
  pthread_exit(NULL);

  return 0;
}

Determining if the function pthread_create exists in the pthreads failed with the following output:
Change Dir: /home/pdell/dev/viz3d/glfw/src/glfw-build/CMakeFiles/CMakeTmp

Run Build Command(s):/usr/bin/make -f Makefile cmTC_dab7b/fast && make[3]: Entering directory '/home/pdell/dev/viz3d/glfw/src/glfw-build/CMakeFiles/CMakeTmp'
/usr/bin/make  -f CMakeFiles/cmTC_dab7b.dir/build.make CMakeFiles/cmTC_dab7b.dir/build
make[4]: Entering directory '/home/pdell/dev/viz3d/glfw/src/glfw-build/CMakeFiles/CMakeTmp'
Building C object CMakeFiles/cmTC_dab7b.dir/CheckFunctionExists.c.o
/usr/bin/cc   -DCHECK_FUNCTION_EXISTS=pthread_create -o CMakeFiles/cmTC_dab7b.dir/CheckFunctionExists.c.o -c /usr/share/cmake-3.21/Modules/CheckFunctionExists.c
Linking C executable cmTC_dab7b
/usr/bin/cmake -E cmake_link_script CMakeFiles/cmTC_dab7b.dir/link.txt --verbose=1
/usr/bin/cc  -DCHECK_FUNCTION_EXISTS=pthread_create -rdynamic CMakeFiles/cmTC_dab7b.dir/CheckFunctionExists.c.o -o cmTC_dab7b  -lpthreads 
/usr/bin/ld: cannot find -lpthreads
collect2: error: ld returned 1 exit status
CMakeFiles/cmTC_dab7b.dir/build.make:98: recipe for target 'cmTC_dab7b' failed
make[4]: *** [cmTC_dab7b] Error 1
make[4]: Leaving directory '/home/pdell/dev/viz3d/glfw/src/glfw-build/CMakeFiles/CMakeTmp'
Makefile:127: recipe for target 'cmTC_dab7b/fast' failed
make[3]: *** [cmTC_dab7b/fast] Error 2
make[3]: Leaving directory '/home/pdell/dev/viz3d/glfw/src/glfw-build/CMakeFiles/CMakeTmp'



