The system is: Linux - 5.4.0-81-generic - x86_64
Compiling the CXX compiler identification source file "CMakeCXXCompilerId.cpp" succeeded.
Compiler: /usr/bin/c++ 
Build flags: 
Id flags:  

The output was:
0


Compilation of the CXX compiler identification source "CMakeCXXCompilerId.cpp" produced "a.out"

The CXX compiler identification is GNU, found in "/home/pdell/dev/viz3d/glog/src/glog-build/CMakeFiles/3.21.0/CompilerIdCXX/a.out"

Detecting CXX compiler ABI info compiled with the following output:
Change Dir: /home/pdell/dev/viz3d/glog/src/glog-build/CMakeFiles/CMakeTmp

Run Build Command(s):/usr/bin/make -f Makefile cmTC_4a0b1/fast && make[3]: Entering directory '/home/pdell/dev/viz3d/glog/src/glog-build/CMakeFiles/CMakeTmp'
/usr/bin/make  -f CMakeFiles/cmTC_4a0b1.dir/build.make CMakeFiles/cmTC_4a0b1.dir/build
make[4]: Entering directory '/home/pdell/dev/viz3d/glog/src/glog-build/CMakeFiles/CMakeTmp'
Building CXX object CMakeFiles/cmTC_4a0b1.dir/CMakeCXXCompilerABI.cpp.o
/usr/bin/c++   -v -o CMakeFiles/cmTC_4a0b1.dir/CMakeCXXCompilerABI.cpp.o -c /usr/share/cmake-3.21/Modules/CMakeCXXCompilerABI.cpp
Using built-in specs.
COLLECT_GCC=/usr/bin/c++
OFFLOAD_TARGET_NAMES=nvptx-none:hsa
OFFLOAD_TARGET_DEFAULT=1
Target: x86_64-linux-gnu
Configured with: ../src/configure -v --with-pkgversion='Ubuntu 9.4.0-1ubuntu1~18.04' --with-bugurl=file:///usr/share/doc/gcc-9/README.Bugs --enable-languages=c,ada,c++,go,brig,d,fortran,objc,obj-c++,gm2 --prefix=/usr --with-gcc-major-version-only --program-suffix=-9 --program-prefix=x86_64-linux-gnu- --enable-shared --enable-linker-build-id --libexecdir=/usr/lib --without-included-gettext --enable-threads=posix --libdir=/usr/lib --enable-nls --enable-clocale=gnu --enable-libstdcxx-debug --enable-libstdcxx-time=yes --with-default-libstdcxx-abi=new --enable-gnu-unique-object --disable-vtable-verify --enable-plugin --enable-default-pie --with-system-zlib --with-target-system-zlib=auto --enable-objc-gc=auto --enable-multiarch --disable-werror --with-arch-32=i686 --with-abi=m64 --with-multilib-list=m32,m64,mx32 --enable-multilib --with-tune=generic --enable-offload-targets=nvptx-none=/build/gcc-9-nrQql7/gcc-9-9.4.0/debian/tmp-nvptx/usr,hsa --without-cuda-driver --enable-checking=release --build=x86_64-linux-gnu --host=x86_64-linux-gnu --target=x86_64-linux-gnu
Thread model: posix
gcc version 9.4.0 (Ubuntu 9.4.0-1ubuntu1~18.04) 
COLLECT_GCC_OPTIONS='-v' '-o' 'CMakeFiles/cmTC_4a0b1.dir/CMakeCXXCompilerABI.cpp.o' '-c' '-shared-libgcc' '-mtune=generic' '-march=x86-64'
 /usr/lib/gcc/x86_64-linux-gnu/9/cc1plus -quiet -v -imultiarch x86_64-linux-gnu -D_GNU_SOURCE /usr/share/cmake-3.21/Modules/CMakeCXXCompilerABI.cpp -quiet -dumpbase CMakeCXXCompilerABI.cpp -mtune=generic -march=x86-64 -auxbase-strip CMakeFiles/cmTC_4a0b1.dir/CMakeCXXCompilerABI.cpp.o -version -fasynchronous-unwind-tables -fstack-protector-strong -Wformat -Wformat-security -o /tmp/cc99KOcP.s
GNU C++14 (Ubuntu 9.4.0-1ubuntu1~18.04) version 9.4.0 (x86_64-linux-gnu)
	compiled by GNU C version 9.4.0, GMP version 6.1.2, MPFR version 4.0.1, MPC version 1.1.0, isl version isl-0.19-GMP

GGC heuristics: --param ggc-min-expand=100 --param ggc-min-heapsize=131072
ignoring duplicate directory "/usr/include/x86_64-linux-gnu/c++/9"
ignoring nonexistent directory "/usr/local/include/x86_64-linux-gnu"
ignoring nonexistent directory "/usr/lib/gcc/x86_64-linux-gnu/9/include-fixed"
ignoring nonexistent directory "/usr/lib/gcc/x86_64-linux-gnu/9/../../../../x86_64-linux-gnu/include"
#include "..." search starts here:
#include <...> search starts here:
 /usr/include/c++/9
 /usr/include/x86_64-linux-gnu/c++/9
 /usr/include/c++/9/backward
 /usr/lib/gcc/x86_64-linux-gnu/9/include
 /usr/local/include
 /usr/include/x86_64-linux-gnu
 /usr/include
End of search list.
GNU C++14 (Ubuntu 9.4.0-1ubuntu1~18.04) version 9.4.0 (x86_64-linux-gnu)
	compiled by GNU C version 9.4.0, GMP version 6.1.2, MPFR version 4.0.1, MPC version 1.1.0, isl version isl-0.19-GMP

GGC heuristics: --param ggc-min-expand=100 --param ggc-min-heapsize=131072
Compiler executable checksum: 306847ad22fd9e2a7a49ad7f5781968e
COLLECT_GCC_OPTIONS='-v' '-o' 'CMakeFiles/cmTC_4a0b1.dir/CMakeCXXCompilerABI.cpp.o' '-c' '-shared-libgcc' '-mtune=generic' '-march=x86-64'
 as -v --64 -o CMakeFiles/cmTC_4a0b1.dir/CMakeCXXCompilerABI.cpp.o /tmp/cc99KOcP.s
GNU assembler version 2.30 (x86_64-linux-gnu) using BFD version (GNU Binutils for Ubuntu) 2.30
COMPILER_PATH=/usr/lib/gcc/x86_64-linux-gnu/9/:/usr/lib/gcc/x86_64-linux-gnu/9/:/usr/lib/gcc/x86_64-linux-gnu/:/usr/lib/gcc/x86_64-linux-gnu/9/:/usr/lib/gcc/x86_64-linux-gnu/
LIBRARY_PATH=/usr/lib/gcc/x86_64-linux-gnu/9/:/usr/lib/gcc/x86_64-linux-gnu/9/../../../x86_64-linux-gnu/:/usr/lib/gcc/x86_64-linux-gnu/9/../../../../lib/:/lib/x86_64-linux-gnu/:/lib/../lib/:/usr/lib/x86_64-linux-gnu/:/usr/lib/../lib/:/usr/lib/gcc/x86_64-linux-gnu/9/../../../:/lib/:/usr/lib/
COLLECT_GCC_OPTIONS='-v' '-o' 'CMakeFiles/cmTC_4a0b1.dir/CMakeCXXCompilerABI.cpp.o' '-c' '-shared-libgcc' '-mtune=generic' '-march=x86-64'
Linking CXX executable cmTC_4a0b1
/usr/bin/cmake -E cmake_link_script CMakeFiles/cmTC_4a0b1.dir/link.txt --verbose=1
/usr/bin/c++  -v -rdynamic CMakeFiles/cmTC_4a0b1.dir/CMakeCXXCompilerABI.cpp.o -o cmTC_4a0b1 
Using built-in specs.
COLLECT_GCC=/usr/bin/c++
COLLECT_LTO_WRAPPER=/usr/lib/gcc/x86_64-linux-gnu/9/lto-wrapper
OFFLOAD_TARGET_NAMES=nvptx-none:hsa
OFFLOAD_TARGET_DEFAULT=1
Target: x86_64-linux-gnu
Configured with: ../src/configure -v --with-pkgversion='Ubuntu 9.4.0-1ubuntu1~18.04' --with-bugurl=file:///usr/share/doc/gcc-9/README.Bugs --enable-languages=c,ada,c++,go,brig,d,fortran,objc,obj-c++,gm2 --prefix=/usr --with-gcc-major-version-only --program-suffix=-9 --program-prefix=x86_64-linux-gnu- --enable-shared --enable-linker-build-id --libexecdir=/usr/lib --without-included-gettext --enable-threads=posix --libdir=/usr/lib --enable-nls --enable-clocale=gnu --enable-libstdcxx-debug --enable-libstdcxx-time=yes --with-default-libstdcxx-abi=new --enable-gnu-unique-object --disable-vtable-verify --enable-plugin --enable-default-pie --with-system-zlib --with-target-system-zlib=auto --enable-objc-gc=auto --enable-multiarch --disable-werror --with-arch-32=i686 --with-abi=m64 --with-multilib-list=m32,m64,mx32 --enable-multilib --with-tune=generic --enable-offload-targets=nvptx-none=/build/gcc-9-nrQql7/gcc-9-9.4.0/debian/tmp-nvptx/usr,hsa --without-cuda-driver --enable-checking=release --build=x86_64-linux-gnu --host=x86_64-linux-gnu --target=x86_64-linux-gnu
Thread model: posix
gcc version 9.4.0 (Ubuntu 9.4.0-1ubuntu1~18.04) 
COMPILER_PATH=/usr/lib/gcc/x86_64-linux-gnu/9/:/usr/lib/gcc/x86_64-linux-gnu/9/:/usr/lib/gcc/x86_64-linux-gnu/:/usr/lib/gcc/x86_64-linux-gnu/9/:/usr/lib/gcc/x86_64-linux-gnu/
LIBRARY_PATH=/usr/lib/gcc/x86_64-linux-gnu/9/:/usr/lib/gcc/x86_64-linux-gnu/9/../../../x86_64-linux-gnu/:/usr/lib/gcc/x86_64-linux-gnu/9/../../../../lib/:/lib/x86_64-linux-gnu/:/lib/../lib/:/usr/lib/x86_64-linux-gnu/:/usr/lib/../lib/:/usr/lib/gcc/x86_64-linux-gnu/9/../../../:/lib/:/usr/lib/
COLLECT_GCC_OPTIONS='-v' '-rdynamic' '-o' 'cmTC_4a0b1' '-shared-libgcc' '-mtune=generic' '-march=x86-64'
 /usr/lib/gcc/x86_64-linux-gnu/9/collect2 -plugin /usr/lib/gcc/x86_64-linux-gnu/9/liblto_plugin.so -plugin-opt=/usr/lib/gcc/x86_64-linux-gnu/9/lto-wrapper -plugin-opt=-fresolution=/tmp/ccHsq9IS.res -plugin-opt=-pass-through=-lgcc_s -plugin-opt=-pass-through=-lgcc -plugin-opt=-pass-through=-lc -plugin-opt=-pass-through=-lgcc_s -plugin-opt=-pass-through=-lgcc --build-id --eh-frame-hdr -m elf_x86_64 --hash-style=gnu --as-needed -export-dynamic -dynamic-linker /lib64/ld-linux-x86-64.so.2 -pie -z now -z relro -o cmTC_4a0b1 /usr/lib/gcc/x86_64-linux-gnu/9/../../../x86_64-linux-gnu/Scrt1.o /usr/lib/gcc/x86_64-linux-gnu/9/../../../x86_64-linux-gnu/crti.o /usr/lib/gcc/x86_64-linux-gnu/9/crtbeginS.o -L/usr/lib/gcc/x86_64-linux-gnu/9 -L/usr/lib/gcc/x86_64-linux-gnu/9/../../../x86_64-linux-gnu -L/usr/lib/gcc/x86_64-linux-gnu/9/../../../../lib -L/lib/x86_64-linux-gnu -L/lib/../lib -L/usr/lib/x86_64-linux-gnu -L/usr/lib/../lib -L/usr/lib/gcc/x86_64-linux-gnu/9/../../.. CMakeFiles/cmTC_4a0b1.dir/CMakeCXXCompilerABI.cpp.o -lstdc++ -lm -lgcc_s -lgcc -lc -lgcc_s -lgcc /usr/lib/gcc/x86_64-linux-gnu/9/crtendS.o /usr/lib/gcc/x86_64-linux-gnu/9/../../../x86_64-linux-gnu/crtn.o
COLLECT_GCC_OPTIONS='-v' '-rdynamic' '-o' 'cmTC_4a0b1' '-shared-libgcc' '-mtune=generic' '-march=x86-64'
make[4]: Leaving directory '/home/pdell/dev/viz3d/glog/src/glog-build/CMakeFiles/CMakeTmp'
make[3]: Leaving directory '/home/pdell/dev/viz3d/glog/src/glog-build/CMakeFiles/CMakeTmp'



Parsed CXX implicit include dir info from above output: rv=done
  found start of include info
  found start of implicit include info
    add: [/usr/include/c++/9]
    add: [/usr/include/x86_64-linux-gnu/c++/9]
    add: [/usr/include/c++/9/backward]
    add: [/usr/lib/gcc/x86_64-linux-gnu/9/include]
    add: [/usr/local/include]
    add: [/usr/include/x86_64-linux-gnu]
    add: [/usr/include]
  end of search list found
  collapse include dir [/usr/include/c++/9] ==> [/usr/include/c++/9]
  collapse include dir [/usr/include/x86_64-linux-gnu/c++/9] ==> [/usr/include/x86_64-linux-gnu/c++/9]
  collapse include dir [/usr/include/c++/9/backward] ==> [/usr/include/c++/9/backward]
  collapse include dir [/usr/lib/gcc/x86_64-linux-gnu/9/include] ==> [/usr/lib/gcc/x86_64-linux-gnu/9/include]
  collapse include dir [/usr/local/include] ==> [/usr/local/include]
  collapse include dir [/usr/include/x86_64-linux-gnu] ==> [/usr/include/x86_64-linux-gnu]
  collapse include dir [/usr/include] ==> [/usr/include]
  implicit include dirs: [/usr/include/c++/9;/usr/include/x86_64-linux-gnu/c++/9;/usr/include/c++/9/backward;/usr/lib/gcc/x86_64-linux-gnu/9/include;/usr/local/include;/usr/include/x86_64-linux-gnu;/usr/include]


Parsed CXX implicit link information from above output:
  link line regex: [^( *|.*[/\])(ld|CMAKE_LINK_STARTFILE-NOTFOUND|([^/\]+-)?ld|collect2)[^/\]*( |$)]
  ignore line: [Change Dir: /home/pdell/dev/viz3d/glog/src/glog-build/CMakeFiles/CMakeTmp]
  ignore line: []
  ignore line: [Run Build Command(s):/usr/bin/make -f Makefile cmTC_4a0b1/fast && make[3]: Entering directory '/home/pdell/dev/viz3d/glog/src/glog-build/CMakeFiles/CMakeTmp']
  ignore line: [/usr/bin/make  -f CMakeFiles/cmTC_4a0b1.dir/build.make CMakeFiles/cmTC_4a0b1.dir/build]
  ignore line: [make[4]: Entering directory '/home/pdell/dev/viz3d/glog/src/glog-build/CMakeFiles/CMakeTmp']
  ignore line: [Building CXX object CMakeFiles/cmTC_4a0b1.dir/CMakeCXXCompilerABI.cpp.o]
  ignore line: [/usr/bin/c++   -v -o CMakeFiles/cmTC_4a0b1.dir/CMakeCXXCompilerABI.cpp.o -c /usr/share/cmake-3.21/Modules/CMakeCXXCompilerABI.cpp]
  ignore line: [Using built-in specs.]
  ignore line: [COLLECT_GCC=/usr/bin/c++]
  ignore line: [OFFLOAD_TARGET_NAMES=nvptx-none:hsa]
  ignore line: [OFFLOAD_TARGET_DEFAULT=1]
  ignore line: [Target: x86_64-linux-gnu]
  ignore line: [Configured with: ../src/configure -v --with-pkgversion='Ubuntu 9.4.0-1ubuntu1~18.04' --with-bugurl=file:///usr/share/doc/gcc-9/README.Bugs --enable-languages=c ada c++ go brig d fortran objc obj-c++ gm2 --prefix=/usr --with-gcc-major-version-only --program-suffix=-9 --program-prefix=x86_64-linux-gnu- --enable-shared --enable-linker-build-id --libexecdir=/usr/lib --without-included-gettext --enable-threads=posix --libdir=/usr/lib --enable-nls --enable-clocale=gnu --enable-libstdcxx-debug --enable-libstdcxx-time=yes --with-default-libstdcxx-abi=new --enable-gnu-unique-object --disable-vtable-verify --enable-plugin --enable-default-pie --with-system-zlib --with-target-system-zlib=auto --enable-objc-gc=auto --enable-multiarch --disable-werror --with-arch-32=i686 --with-abi=m64 --with-multilib-list=m32 m64 mx32 --enable-multilib --with-tune=generic --enable-offload-targets=nvptx-none=/build/gcc-9-nrQql7/gcc-9-9.4.0/debian/tmp-nvptx/usr hsa --without-cuda-driver --enable-checking=release --build=x86_64-linux-gnu --host=x86_64-linux-gnu --target=x86_64-linux-gnu]
  ignore line: [Thread model: posix]
  ignore line: [gcc version 9.4.0 (Ubuntu 9.4.0-1ubuntu1~18.04) ]
  ignore line: [COLLECT_GCC_OPTIONS='-v' '-o' 'CMakeFiles/cmTC_4a0b1.dir/CMakeCXXCompilerABI.cpp.o' '-c' '-shared-libgcc' '-mtune=generic' '-march=x86-64']
  ignore line: [ /usr/lib/gcc/x86_64-linux-gnu/9/cc1plus -quiet -v -imultiarch x86_64-linux-gnu -D_GNU_SOURCE /usr/share/cmake-3.21/Modules/CMakeCXXCompilerABI.cpp -quiet -dumpbase CMakeCXXCompilerABI.cpp -mtune=generic -march=x86-64 -auxbase-strip CMakeFiles/cmTC_4a0b1.dir/CMakeCXXCompilerABI.cpp.o -version -fasynchronous-unwind-tables -fstack-protector-strong -Wformat -Wformat-security -o /tmp/cc99KOcP.s]
  ignore line: [GNU C++14 (Ubuntu 9.4.0-1ubuntu1~18.04) version 9.4.0 (x86_64-linux-gnu)]
  ignore line: [	compiled by GNU C version 9.4.0  GMP version 6.1.2  MPFR version 4.0.1  MPC version 1.1.0  isl version isl-0.19-GMP]
  ignore line: []
  ignore line: [GGC heuristics: --param ggc-min-expand=100 --param ggc-min-heapsize=131072]
  ignore line: [ignoring duplicate directory "/usr/include/x86_64-linux-gnu/c++/9"]
  ignore line: [ignoring nonexistent directory "/usr/local/include/x86_64-linux-gnu"]
  ignore line: [ignoring nonexistent directory "/usr/lib/gcc/x86_64-linux-gnu/9/include-fixed"]
  ignore line: [ignoring nonexistent directory "/usr/lib/gcc/x86_64-linux-gnu/9/../../../../x86_64-linux-gnu/include"]
  ignore line: [#include "..." search starts here:]
  ignore line: [#include <...> search starts here:]
  ignore line: [ /usr/include/c++/9]
  ignore line: [ /usr/include/x86_64-linux-gnu/c++/9]
  ignore line: [ /usr/include/c++/9/backward]
  ignore line: [ /usr/lib/gcc/x86_64-linux-gnu/9/include]
  ignore line: [ /usr/local/include]
  ignore line: [ /usr/include/x86_64-linux-gnu]
  ignore line: [ /usr/include]
  ignore line: [End of search list.]
  ignore line: [GNU C++14 (Ubuntu 9.4.0-1ubuntu1~18.04) version 9.4.0 (x86_64-linux-gnu)]
  ignore line: [	compiled by GNU C version 9.4.0  GMP version 6.1.2  MPFR version 4.0.1  MPC version 1.1.0  isl version isl-0.19-GMP]
  ignore line: []
  ignore line: [GGC heuristics: --param ggc-min-expand=100 --param ggc-min-heapsize=131072]
  ignore line: [Compiler executable checksum: 306847ad22fd9e2a7a49ad7f5781968e]
  ignore line: [COLLECT_GCC_OPTIONS='-v' '-o' 'CMakeFiles/cmTC_4a0b1.dir/CMakeCXXCompilerABI.cpp.o' '-c' '-shared-libgcc' '-mtune=generic' '-march=x86-64']
  ignore line: [ as -v --64 -o CMakeFiles/cmTC_4a0b1.dir/CMakeCXXCompilerABI.cpp.o /tmp/cc99KOcP.s]
  ignore line: [GNU assembler version 2.30 (x86_64-linux-gnu) using BFD version (GNU Binutils for Ubuntu) 2.30]
  ignore line: [COMPILER_PATH=/usr/lib/gcc/x86_64-linux-gnu/9/:/usr/lib/gcc/x86_64-linux-gnu/9/:/usr/lib/gcc/x86_64-linux-gnu/:/usr/lib/gcc/x86_64-linux-gnu/9/:/usr/lib/gcc/x86_64-linux-gnu/]
  ignore line: [LIBRARY_PATH=/usr/lib/gcc/x86_64-linux-gnu/9/:/usr/lib/gcc/x86_64-linux-gnu/9/../../../x86_64-linux-gnu/:/usr/lib/gcc/x86_64-linux-gnu/9/../../../../lib/:/lib/x86_64-linux-gnu/:/lib/../lib/:/usr/lib/x86_64-linux-gnu/:/usr/lib/../lib/:/usr/lib/gcc/x86_64-linux-gnu/9/../../../:/lib/:/usr/lib/]
  ignore line: [COLLECT_GCC_OPTIONS='-v' '-o' 'CMakeFiles/cmTC_4a0b1.dir/CMakeCXXCompilerABI.cpp.o' '-c' '-shared-libgcc' '-mtune=generic' '-march=x86-64']
  ignore line: [Linking CXX executable cmTC_4a0b1]
  ignore line: [/usr/bin/cmake -E cmake_link_script CMakeFiles/cmTC_4a0b1.dir/link.txt --verbose=1]
  ignore line: [/usr/bin/c++  -v -rdynamic CMakeFiles/cmTC_4a0b1.dir/CMakeCXXCompilerABI.cpp.o -o cmTC_4a0b1 ]
  ignore line: [Using built-in specs.]
  ignore line: [COLLECT_GCC=/usr/bin/c++]
  ignore line: [COLLECT_LTO_WRAPPER=/usr/lib/gcc/x86_64-linux-gnu/9/lto-wrapper]
  ignore line: [OFFLOAD_TARGET_NAMES=nvptx-none:hsa]
  ignore line: [OFFLOAD_TARGET_DEFAULT=1]
  ignore line: [Target: x86_64-linux-gnu]
  ignore line: [Configured with: ../src/configure -v --with-pkgversion='Ubuntu 9.4.0-1ubuntu1~18.04' --with-bugurl=file:///usr/share/doc/gcc-9/README.Bugs --enable-languages=c ada c++ go brig d fortran objc obj-c++ gm2 --prefix=/usr --with-gcc-major-version-only --program-suffix=-9 --program-prefix=x86_64-linux-gnu- --enable-shared --enable-linker-build-id --libexecdir=/usr/lib --without-included-gettext --enable-threads=posix --libdir=/usr/lib --enable-nls --enable-clocale=gnu --enable-libstdcxx-debug --enable-libstdcxx-time=yes --with-default-libstdcxx-abi=new --enable-gnu-unique-object --disable-vtable-verify --enable-plugin --enable-default-pie --with-system-zlib --with-target-system-zlib=auto --enable-objc-gc=auto --enable-multiarch --disable-werror --with-arch-32=i686 --with-abi=m64 --with-multilib-list=m32 m64 mx32 --enable-multilib --with-tune=generic --enable-offload-targets=nvptx-none=/build/gcc-9-nrQql7/gcc-9-9.4.0/debian/tmp-nvptx/usr hsa --without-cuda-driver --enable-checking=release --build=x86_64-linux-gnu --host=x86_64-linux-gnu --target=x86_64-linux-gnu]
  ignore line: [Thread model: posix]
  ignore line: [gcc version 9.4.0 (Ubuntu 9.4.0-1ubuntu1~18.04) ]
  ignore line: [COMPILER_PATH=/usr/lib/gcc/x86_64-linux-gnu/9/:/usr/lib/gcc/x86_64-linux-gnu/9/:/usr/lib/gcc/x86_64-linux-gnu/:/usr/lib/gcc/x86_64-linux-gnu/9/:/usr/lib/gcc/x86_64-linux-gnu/]
  ignore line: [LIBRARY_PATH=/usr/lib/gcc/x86_64-linux-gnu/9/:/usr/lib/gcc/x86_64-linux-gnu/9/../../../x86_64-linux-gnu/:/usr/lib/gcc/x86_64-linux-gnu/9/../../../../lib/:/lib/x86_64-linux-gnu/:/lib/../lib/:/usr/lib/x86_64-linux-gnu/:/usr/lib/../lib/:/usr/lib/gcc/x86_64-linux-gnu/9/../../../:/lib/:/usr/lib/]
  ignore line: [COLLECT_GCC_OPTIONS='-v' '-rdynamic' '-o' 'cmTC_4a0b1' '-shared-libgcc' '-mtune=generic' '-march=x86-64']
  link line: [ /usr/lib/gcc/x86_64-linux-gnu/9/collect2 -plugin /usr/lib/gcc/x86_64-linux-gnu/9/liblto_plugin.so -plugin-opt=/usr/lib/gcc/x86_64-linux-gnu/9/lto-wrapper -plugin-opt=-fresolution=/tmp/ccHsq9IS.res -plugin-opt=-pass-through=-lgcc_s -plugin-opt=-pass-through=-lgcc -plugin-opt=-pass-through=-lc -plugin-opt=-pass-through=-lgcc_s -plugin-opt=-pass-through=-lgcc --build-id --eh-frame-hdr -m elf_x86_64 --hash-style=gnu --as-needed -export-dynamic -dynamic-linker /lib64/ld-linux-x86-64.so.2 -pie -z now -z relro -o cmTC_4a0b1 /usr/lib/gcc/x86_64-linux-gnu/9/../../../x86_64-linux-gnu/Scrt1.o /usr/lib/gcc/x86_64-linux-gnu/9/../../../x86_64-linux-gnu/crti.o /usr/lib/gcc/x86_64-linux-gnu/9/crtbeginS.o -L/usr/lib/gcc/x86_64-linux-gnu/9 -L/usr/lib/gcc/x86_64-linux-gnu/9/../../../x86_64-linux-gnu -L/usr/lib/gcc/x86_64-linux-gnu/9/../../../../lib -L/lib/x86_64-linux-gnu -L/lib/../lib -L/usr/lib/x86_64-linux-gnu -L/usr/lib/../lib -L/usr/lib/gcc/x86_64-linux-gnu/9/../../.. CMakeFiles/cmTC_4a0b1.dir/CMakeCXXCompilerABI.cpp.o -lstdc++ -lm -lgcc_s -lgcc -lc -lgcc_s -lgcc /usr/lib/gcc/x86_64-linux-gnu/9/crtendS.o /usr/lib/gcc/x86_64-linux-gnu/9/../../../x86_64-linux-gnu/crtn.o]
    arg [/usr/lib/gcc/x86_64-linux-gnu/9/collect2] ==> ignore
    arg [-plugin] ==> ignore
    arg [/usr/lib/gcc/x86_64-linux-gnu/9/liblto_plugin.so] ==> ignore
    arg [-plugin-opt=/usr/lib/gcc/x86_64-linux-gnu/9/lto-wrapper] ==> ignore
    arg [-plugin-opt=-fresolution=/tmp/ccHsq9IS.res] ==> ignore
    arg [-plugin-opt=-pass-through=-lgcc_s] ==> ignore
    arg [-plugin-opt=-pass-through=-lgcc] ==> ignore
    arg [-plugin-opt=-pass-through=-lc] ==> ignore
    arg [-plugin-opt=-pass-through=-lgcc_s] ==> ignore
    arg [-plugin-opt=-pass-through=-lgcc] ==> ignore
    arg [--build-id] ==> ignore
    arg [--eh-frame-hdr] ==> ignore
    arg [-m] ==> ignore
    arg [elf_x86_64] ==> ignore
    arg [--hash-style=gnu] ==> ignore
    arg [--as-needed] ==> ignore
    arg [-export-dynamic] ==> ignore
    arg [-dynamic-linker] ==> ignore
    arg [/lib64/ld-linux-x86-64.so.2] ==> ignore
    arg [-pie] ==> ignore
    arg [-znow] ==> ignore
    arg [-zrelro] ==> ignore
    arg [-o] ==> ignore
    arg [cmTC_4a0b1] ==> ignore
    arg [/usr/lib/gcc/x86_64-linux-gnu/9/../../../x86_64-linux-gnu/Scrt1.o] ==> obj [/usr/lib/gcc/x86_64-linux-gnu/9/../../../x86_64-linux-gnu/Scrt1.o]
    arg [/usr/lib/gcc/x86_64-linux-gnu/9/../../../x86_64-linux-gnu/crti.o] ==> obj [/usr/lib/gcc/x86_64-linux-gnu/9/../../../x86_64-linux-gnu/crti.o]
    arg [/usr/lib/gcc/x86_64-linux-gnu/9/crtbeginS.o] ==> obj [/usr/lib/gcc/x86_64-linux-gnu/9/crtbeginS.o]
    arg [-L/usr/lib/gcc/x86_64-linux-gnu/9] ==> dir [/usr/lib/gcc/x86_64-linux-gnu/9]
    arg [-L/usr/lib/gcc/x86_64-linux-gnu/9/../../../x86_64-linux-gnu] ==> dir [/usr/lib/gcc/x86_64-linux-gnu/9/../../../x86_64-linux-gnu]
    arg [-L/usr/lib/gcc/x86_64-linux-gnu/9/../../../../lib] ==> dir [/usr/lib/gcc/x86_64-linux-gnu/9/../../../../lib]
    arg [-L/lib/x86_64-linux-gnu] ==> dir [/lib/x86_64-linux-gnu]
    arg [-L/lib/../lib] ==> dir [/lib/../lib]
    arg [-L/usr/lib/x86_64-linux-gnu] ==> dir [/usr/lib/x86_64-linux-gnu]
    arg [-L/usr/lib/../lib] ==> dir [/usr/lib/../lib]
    arg [-L/usr/lib/gcc/x86_64-linux-gnu/9/../../..] ==> dir [/usr/lib/gcc/x86_64-linux-gnu/9/../../..]
    arg [CMakeFiles/cmTC_4a0b1.dir/CMakeCXXCompilerABI.cpp.o] ==> ignore
    arg [-lstdc++] ==> lib [stdc++]
    arg [-lm] ==> lib [m]
    arg [-lgcc_s] ==> lib [gcc_s]
    arg [-lgcc] ==> lib [gcc]
    arg [-lc] ==> lib [c]
    arg [-lgcc_s] ==> lib [gcc_s]
    arg [-lgcc] ==> lib [gcc]
    arg [/usr/lib/gcc/x86_64-linux-gnu/9/crtendS.o] ==> obj [/usr/lib/gcc/x86_64-linux-gnu/9/crtendS.o]
    arg [/usr/lib/gcc/x86_64-linux-gnu/9/../../../x86_64-linux-gnu/crtn.o] ==> obj [/usr/lib/gcc/x86_64-linux-gnu/9/../../../x86_64-linux-gnu/crtn.o]
  collapse obj [/usr/lib/gcc/x86_64-linux-gnu/9/../../../x86_64-linux-gnu/Scrt1.o] ==> [/usr/lib/x86_64-linux-gnu/Scrt1.o]
  collapse obj [/usr/lib/gcc/x86_64-linux-gnu/9/../../../x86_64-linux-gnu/crti.o] ==> [/usr/lib/x86_64-linux-gnu/crti.o]
  collapse obj [/usr/lib/gcc/x86_64-linux-gnu/9/../../../x86_64-linux-gnu/crtn.o] ==> [/usr/lib/x86_64-linux-gnu/crtn.o]
  collapse library dir [/usr/lib/gcc/x86_64-linux-gnu/9] ==> [/usr/lib/gcc/x86_64-linux-gnu/9]
  collapse library dir [/usr/lib/gcc/x86_64-linux-gnu/9/../../../x86_64-linux-gnu] ==> [/usr/lib/x86_64-linux-gnu]
  collapse library dir [/usr/lib/gcc/x86_64-linux-gnu/9/../../../../lib] ==> [/usr/lib]
  collapse library dir [/lib/x86_64-linux-gnu] ==> [/lib/x86_64-linux-gnu]
  collapse library dir [/lib/../lib] ==> [/lib]
  collapse library dir [/usr/lib/x86_64-linux-gnu] ==> [/usr/lib/x86_64-linux-gnu]
  collapse library dir [/usr/lib/../lib] ==> [/usr/lib]
  collapse library dir [/usr/lib/gcc/x86_64-linux-gnu/9/../../..] ==> [/usr/lib]
  implicit libs: [stdc++;m;gcc_s;gcc;c;gcc_s;gcc]
  implicit objs: [/usr/lib/x86_64-linux-gnu/Scrt1.o;/usr/lib/x86_64-linux-gnu/crti.o;/usr/lib/gcc/x86_64-linux-gnu/9/crtbeginS.o;/usr/lib/gcc/x86_64-linux-gnu/9/crtendS.o;/usr/lib/x86_64-linux-gnu/crtn.o]
  implicit dirs: [/usr/lib/gcc/x86_64-linux-gnu/9;/usr/lib/x86_64-linux-gnu;/usr/lib;/lib/x86_64-linux-gnu;/lib]
  implicit fwks: []


Determining the gflags namespace passed with the following output:
Change Dir: /home/pdell/dev/viz3d/glog/src/glog-build/CMakeFiles/CMakeTmp

Run Build Command(s):/usr/bin/make -f Makefile cmTC_84482/fast && make[3]: Entering directory '/home/pdell/dev/viz3d/glog/src/glog-build/CMakeFiles/CMakeTmp'
/usr/bin/make  -f CMakeFiles/cmTC_84482.dir/build.make CMakeFiles/cmTC_84482.dir/build
make[4]: Entering directory '/home/pdell/dev/viz3d/glog/src/glog-build/CMakeFiles/CMakeTmp'
Building CXX object CMakeFiles/cmTC_84482.dir/DetermineGflagsNamespace.cxx.o
/usr/bin/c++ -DGFLAGS_IS_A_DLL=0 -DGLOG_GFLAGS_NAMESPACE=gflags   -o CMakeFiles/cmTC_84482.dir/DetermineGflagsNamespace.cxx.o -c /home/pdell/dev/viz3d/glog/src/glog-build/CMakeFiles/CMakeTmp/DetermineGflagsNamespace.cxx
Linking CXX executable cmTC_84482
/usr/bin/cmake -E cmake_link_script CMakeFiles/cmTC_84482.dir/link.txt --verbose=1
/usr/bin/c++ -rdynamic CMakeFiles/cmTC_84482.dir/DetermineGflagsNamespace.cxx.o -o cmTC_84482  /usr/lib/x86_64-linux-gnu/libgflags.so.2.2.1 -lpthread 
make[4]: Leaving directory '/home/pdell/dev/viz3d/glog/src/glog-build/CMakeFiles/CMakeTmp'
make[3]: Leaving directory '/home/pdell/dev/viz3d/glog/src/glog-build/CMakeFiles/CMakeTmp'



Determining if the include file pthread.h exists passed with the following output:
Change Dir: /home/pdell/dev/viz3d/glog/src/glog-build/CMakeFiles/CMakeTmp

Run Build Command(s):/usr/bin/make -f Makefile cmTC_ff6cc/fast && make[3]: Entering directory '/home/pdell/dev/viz3d/glog/src/glog-build/CMakeFiles/CMakeTmp'
/usr/bin/make  -f CMakeFiles/cmTC_ff6cc.dir/build.make CMakeFiles/cmTC_ff6cc.dir/build
make[4]: Entering directory '/home/pdell/dev/viz3d/glog/src/glog-build/CMakeFiles/CMakeTmp'
Building CXX object CMakeFiles/cmTC_ff6cc.dir/CheckIncludeFile.cxx.o
/usr/bin/c++    -o CMakeFiles/cmTC_ff6cc.dir/CheckIncludeFile.cxx.o -c /home/pdell/dev/viz3d/glog/src/glog-build/CMakeFiles/CMakeTmp/CheckIncludeFile.cxx
Linking CXX executable cmTC_ff6cc
/usr/bin/cmake -E cmake_link_script CMakeFiles/cmTC_ff6cc.dir/link.txt --verbose=1
/usr/bin/c++ -rdynamic CMakeFiles/cmTC_ff6cc.dir/CheckIncludeFile.cxx.o -o cmTC_ff6cc 
make[4]: Leaving directory '/home/pdell/dev/viz3d/glog/src/glog-build/CMakeFiles/CMakeTmp'
make[3]: Leaving directory '/home/pdell/dev/viz3d/glog/src/glog-build/CMakeFiles/CMakeTmp'



Determining if the function pthread_create exists in the pthread passed with the following output:
Change Dir: /home/pdell/dev/viz3d/glog/src/glog-build/CMakeFiles/CMakeTmp

Run Build Command(s):/usr/bin/make -f Makefile cmTC_35fd0/fast && make[3]: Entering directory '/home/pdell/dev/viz3d/glog/src/glog-build/CMakeFiles/CMakeTmp'
/usr/bin/make  -f CMakeFiles/cmTC_35fd0.dir/build.make CMakeFiles/cmTC_35fd0.dir/build
make[4]: Entering directory '/home/pdell/dev/viz3d/glog/src/glog-build/CMakeFiles/CMakeTmp'
Building CXX object CMakeFiles/cmTC_35fd0.dir/CheckFunctionExists.cxx.o
/usr/bin/c++   -DCHECK_FUNCTION_EXISTS=pthread_create -o CMakeFiles/cmTC_35fd0.dir/CheckFunctionExists.cxx.o -c /home/pdell/dev/viz3d/glog/src/glog-build/CMakeFiles/CheckLibraryExists/CheckFunctionExists.cxx
Linking CXX executable cmTC_35fd0
/usr/bin/cmake -E cmake_link_script CMakeFiles/cmTC_35fd0.dir/link.txt --verbose=1
/usr/bin/c++  -DCHECK_FUNCTION_EXISTS=pthread_create -rdynamic CMakeFiles/cmTC_35fd0.dir/CheckFunctionExists.cxx.o -o cmTC_35fd0  -lpthread 
make[4]: Leaving directory '/home/pdell/dev/viz3d/glog/src/glog-build/CMakeFiles/CMakeTmp'
make[3]: Leaving directory '/home/pdell/dev/viz3d/glog/src/glog-build/CMakeFiles/CMakeTmp'



Determining if the include file dlfcn.h exists passed with the following output:
Change Dir: /home/pdell/dev/viz3d/glog/src/glog-build/CMakeFiles/CMakeTmp

Run Build Command(s):/usr/bin/make -f Makefile cmTC_b7052/fast && make[3]: Entering directory '/home/pdell/dev/viz3d/glog/src/glog-build/CMakeFiles/CMakeTmp'
/usr/bin/make  -f CMakeFiles/cmTC_b7052.dir/build.make CMakeFiles/cmTC_b7052.dir/build
make[4]: Entering directory '/home/pdell/dev/viz3d/glog/src/glog-build/CMakeFiles/CMakeTmp'
Building CXX object CMakeFiles/cmTC_b7052.dir/CheckIncludeFile.cxx.o
/usr/bin/c++    -o CMakeFiles/cmTC_b7052.dir/CheckIncludeFile.cxx.o -c /home/pdell/dev/viz3d/glog/src/glog-build/CMakeFiles/CMakeTmp/CheckIncludeFile.cxx
Linking CXX executable cmTC_b7052
/usr/bin/cmake -E cmake_link_script CMakeFiles/cmTC_b7052.dir/link.txt --verbose=1
/usr/bin/c++ -rdynamic CMakeFiles/cmTC_b7052.dir/CheckIncludeFile.cxx.o -o cmTC_b7052 
make[4]: Leaving directory '/home/pdell/dev/viz3d/glog/src/glog-build/CMakeFiles/CMakeTmp'
make[3]: Leaving directory '/home/pdell/dev/viz3d/glog/src/glog-build/CMakeFiles/CMakeTmp'



Determining if the include file execinfo.h exists passed with the following output:
Change Dir: /home/pdell/dev/viz3d/glog/src/glog-build/CMakeFiles/CMakeTmp

Run Build Command(s):/usr/bin/make -f Makefile cmTC_a9c6e/fast && make[3]: Entering directory '/home/pdell/dev/viz3d/glog/src/glog-build/CMakeFiles/CMakeTmp'
/usr/bin/make  -f CMakeFiles/cmTC_a9c6e.dir/build.make CMakeFiles/cmTC_a9c6e.dir/build
make[4]: Entering directory '/home/pdell/dev/viz3d/glog/src/glog-build/CMakeFiles/CMakeTmp'
Building CXX object CMakeFiles/cmTC_a9c6e.dir/CheckIncludeFile.cxx.o
/usr/bin/c++    -o CMakeFiles/cmTC_a9c6e.dir/CheckIncludeFile.cxx.o -c /home/pdell/dev/viz3d/glog/src/glog-build/CMakeFiles/CMakeTmp/CheckIncludeFile.cxx
Linking CXX executable cmTC_a9c6e
/usr/bin/cmake -E cmake_link_script CMakeFiles/cmTC_a9c6e.dir/link.txt --verbose=1
/usr/bin/c++ -rdynamic CMakeFiles/cmTC_a9c6e.dir/CheckIncludeFile.cxx.o -o cmTC_a9c6e 
make[4]: Leaving directory '/home/pdell/dev/viz3d/glog/src/glog-build/CMakeFiles/CMakeTmp'
make[3]: Leaving directory '/home/pdell/dev/viz3d/glog/src/glog-build/CMakeFiles/CMakeTmp'



Determining if the include file glob.h exists passed with the following output:
Change Dir: /home/pdell/dev/viz3d/glog/src/glog-build/CMakeFiles/CMakeTmp

Run Build Command(s):/usr/bin/make -f Makefile cmTC_c4984/fast && make[3]: Entering directory '/home/pdell/dev/viz3d/glog/src/glog-build/CMakeFiles/CMakeTmp'
/usr/bin/make  -f CMakeFiles/cmTC_c4984.dir/build.make CMakeFiles/cmTC_c4984.dir/build
make[4]: Entering directory '/home/pdell/dev/viz3d/glog/src/glog-build/CMakeFiles/CMakeTmp'
Building CXX object CMakeFiles/cmTC_c4984.dir/CheckIncludeFile.cxx.o
/usr/bin/c++    -o CMakeFiles/cmTC_c4984.dir/CheckIncludeFile.cxx.o -c /home/pdell/dev/viz3d/glog/src/glog-build/CMakeFiles/CMakeTmp/CheckIncludeFile.cxx
Linking CXX executable cmTC_c4984
/usr/bin/cmake -E cmake_link_script CMakeFiles/cmTC_c4984.dir/link.txt --verbose=1
/usr/bin/c++ -rdynamic CMakeFiles/cmTC_c4984.dir/CheckIncludeFile.cxx.o -o cmTC_c4984 
make[4]: Leaving directory '/home/pdell/dev/viz3d/glog/src/glog-build/CMakeFiles/CMakeTmp'
make[3]: Leaving directory '/home/pdell/dev/viz3d/glog/src/glog-build/CMakeFiles/CMakeTmp'



Determining if the include file inttypes.h exists passed with the following output:
Change Dir: /home/pdell/dev/viz3d/glog/src/glog-build/CMakeFiles/CMakeTmp

Run Build Command(s):/usr/bin/make -f Makefile cmTC_b14f6/fast && make[3]: Entering directory '/home/pdell/dev/viz3d/glog/src/glog-build/CMakeFiles/CMakeTmp'
/usr/bin/make  -f CMakeFiles/cmTC_b14f6.dir/build.make CMakeFiles/cmTC_b14f6.dir/build
make[4]: Entering directory '/home/pdell/dev/viz3d/glog/src/glog-build/CMakeFiles/CMakeTmp'
Building CXX object CMakeFiles/cmTC_b14f6.dir/CheckIncludeFile.cxx.o
/usr/bin/c++    -o CMakeFiles/cmTC_b14f6.dir/CheckIncludeFile.cxx.o -c /home/pdell/dev/viz3d/glog/src/glog-build/CMakeFiles/CMakeTmp/CheckIncludeFile.cxx
Linking CXX executable cmTC_b14f6
/usr/bin/cmake -E cmake_link_script CMakeFiles/cmTC_b14f6.dir/link.txt --verbose=1
/usr/bin/c++ -rdynamic CMakeFiles/cmTC_b14f6.dir/CheckIncludeFile.cxx.o -o cmTC_b14f6 
make[4]: Leaving directory '/home/pdell/dev/viz3d/glog/src/glog-build/CMakeFiles/CMakeTmp'
make[3]: Leaving directory '/home/pdell/dev/viz3d/glog/src/glog-build/CMakeFiles/CMakeTmp'



Determining if the include file memory.h exists passed with the following output:
Change Dir: /home/pdell/dev/viz3d/glog/src/glog-build/CMakeFiles/CMakeTmp

Run Build Command(s):/usr/bin/make -f Makefile cmTC_599ae/fast && make[3]: Entering directory '/home/pdell/dev/viz3d/glog/src/glog-build/CMakeFiles/CMakeTmp'
/usr/bin/make  -f CMakeFiles/cmTC_599ae.dir/build.make CMakeFiles/cmTC_599ae.dir/build
make[4]: Entering directory '/home/pdell/dev/viz3d/glog/src/glog-build/CMakeFiles/CMakeTmp'
Building CXX object CMakeFiles/cmTC_599ae.dir/CheckIncludeFile.cxx.o
/usr/bin/c++    -o CMakeFiles/cmTC_599ae.dir/CheckIncludeFile.cxx.o -c /home/pdell/dev/viz3d/glog/src/glog-build/CMakeFiles/CMakeTmp/CheckIncludeFile.cxx
Linking CXX executable cmTC_599ae
/usr/bin/cmake -E cmake_link_script CMakeFiles/cmTC_599ae.dir/link.txt --verbose=1
/usr/bin/c++ -rdynamic CMakeFiles/cmTC_599ae.dir/CheckIncludeFile.cxx.o -o cmTC_599ae 
make[4]: Leaving directory '/home/pdell/dev/viz3d/glog/src/glog-build/CMakeFiles/CMakeTmp'
make[3]: Leaving directory '/home/pdell/dev/viz3d/glog/src/glog-build/CMakeFiles/CMakeTmp'



Determining if the include file pwd.h exists passed with the following output:
Change Dir: /home/pdell/dev/viz3d/glog/src/glog-build/CMakeFiles/CMakeTmp

Run Build Command(s):/usr/bin/make -f Makefile cmTC_a044d/fast && make[3]: Entering directory '/home/pdell/dev/viz3d/glog/src/glog-build/CMakeFiles/CMakeTmp'
/usr/bin/make  -f CMakeFiles/cmTC_a044d.dir/build.make CMakeFiles/cmTC_a044d.dir/build
make[4]: Entering directory '/home/pdell/dev/viz3d/glog/src/glog-build/CMakeFiles/CMakeTmp'
Building CXX object CMakeFiles/cmTC_a044d.dir/CheckIncludeFile.cxx.o
/usr/bin/c++    -o CMakeFiles/cmTC_a044d.dir/CheckIncludeFile.cxx.o -c /home/pdell/dev/viz3d/glog/src/glog-build/CMakeFiles/CMakeTmp/CheckIncludeFile.cxx
Linking CXX executable cmTC_a044d
/usr/bin/cmake -E cmake_link_script CMakeFiles/cmTC_a044d.dir/link.txt --verbose=1
/usr/bin/c++ -rdynamic CMakeFiles/cmTC_a044d.dir/CheckIncludeFile.cxx.o -o cmTC_a044d 
make[4]: Leaving directory '/home/pdell/dev/viz3d/glog/src/glog-build/CMakeFiles/CMakeTmp'
make[3]: Leaving directory '/home/pdell/dev/viz3d/glog/src/glog-build/CMakeFiles/CMakeTmp'



Determining if the include file stdint.h exists passed with the following output:
Change Dir: /home/pdell/dev/viz3d/glog/src/glog-build/CMakeFiles/CMakeTmp

Run Build Command(s):/usr/bin/make -f Makefile cmTC_5e427/fast && make[3]: Entering directory '/home/pdell/dev/viz3d/glog/src/glog-build/CMakeFiles/CMakeTmp'
/usr/bin/make  -f CMakeFiles/cmTC_5e427.dir/build.make CMakeFiles/cmTC_5e427.dir/build
make[4]: Entering directory '/home/pdell/dev/viz3d/glog/src/glog-build/CMakeFiles/CMakeTmp'
Building CXX object CMakeFiles/cmTC_5e427.dir/CheckIncludeFile.cxx.o
/usr/bin/c++    -o CMakeFiles/cmTC_5e427.dir/CheckIncludeFile.cxx.o -c /home/pdell/dev/viz3d/glog/src/glog-build/CMakeFiles/CMakeTmp/CheckIncludeFile.cxx
Linking CXX executable cmTC_5e427
/usr/bin/cmake -E cmake_link_script CMakeFiles/cmTC_5e427.dir/link.txt --verbose=1
/usr/bin/c++ -rdynamic CMakeFiles/cmTC_5e427.dir/CheckIncludeFile.cxx.o -o cmTC_5e427 
make[4]: Leaving directory '/home/pdell/dev/viz3d/glog/src/glog-build/CMakeFiles/CMakeTmp'
make[3]: Leaving directory '/home/pdell/dev/viz3d/glog/src/glog-build/CMakeFiles/CMakeTmp'



Determining if the include file strings.h exists passed with the following output:
Change Dir: /home/pdell/dev/viz3d/glog/src/glog-build/CMakeFiles/CMakeTmp

Run Build Command(s):/usr/bin/make -f Makefile cmTC_86c1d/fast && make[3]: Entering directory '/home/pdell/dev/viz3d/glog/src/glog-build/CMakeFiles/CMakeTmp'
/usr/bin/make  -f CMakeFiles/cmTC_86c1d.dir/build.make CMakeFiles/cmTC_86c1d.dir/build
make[4]: Entering directory '/home/pdell/dev/viz3d/glog/src/glog-build/CMakeFiles/CMakeTmp'
Building CXX object CMakeFiles/cmTC_86c1d.dir/CheckIncludeFile.cxx.o
/usr/bin/c++    -o CMakeFiles/cmTC_86c1d.dir/CheckIncludeFile.cxx.o -c /home/pdell/dev/viz3d/glog/src/glog-build/CMakeFiles/CMakeTmp/CheckIncludeFile.cxx
Linking CXX executable cmTC_86c1d
/usr/bin/cmake -E cmake_link_script CMakeFiles/cmTC_86c1d.dir/link.txt --verbose=1
/usr/bin/c++ -rdynamic CMakeFiles/cmTC_86c1d.dir/CheckIncludeFile.cxx.o -o cmTC_86c1d 
make[4]: Leaving directory '/home/pdell/dev/viz3d/glog/src/glog-build/CMakeFiles/CMakeTmp'
make[3]: Leaving directory '/home/pdell/dev/viz3d/glog/src/glog-build/CMakeFiles/CMakeTmp'



Determining if the include file sys/stat.h exists passed with the following output:
Change Dir: /home/pdell/dev/viz3d/glog/src/glog-build/CMakeFiles/CMakeTmp

Run Build Command(s):/usr/bin/make -f Makefile cmTC_09dc4/fast && make[3]: Entering directory '/home/pdell/dev/viz3d/glog/src/glog-build/CMakeFiles/CMakeTmp'
/usr/bin/make  -f CMakeFiles/cmTC_09dc4.dir/build.make CMakeFiles/cmTC_09dc4.dir/build
make[4]: Entering directory '/home/pdell/dev/viz3d/glog/src/glog-build/CMakeFiles/CMakeTmp'
Building CXX object CMakeFiles/cmTC_09dc4.dir/CheckIncludeFile.cxx.o
/usr/bin/c++    -o CMakeFiles/cmTC_09dc4.dir/CheckIncludeFile.cxx.o -c /home/pdell/dev/viz3d/glog/src/glog-build/CMakeFiles/CMakeTmp/CheckIncludeFile.cxx
Linking CXX executable cmTC_09dc4
/usr/bin/cmake -E cmake_link_script CMakeFiles/cmTC_09dc4.dir/link.txt --verbose=1
/usr/bin/c++ -rdynamic CMakeFiles/cmTC_09dc4.dir/CheckIncludeFile.cxx.o -o cmTC_09dc4 
make[4]: Leaving directory '/home/pdell/dev/viz3d/glog/src/glog-build/CMakeFiles/CMakeTmp'
make[3]: Leaving directory '/home/pdell/dev/viz3d/glog/src/glog-build/CMakeFiles/CMakeTmp'



Determining if the include file sys/syscall.h exists passed with the following output:
Change Dir: /home/pdell/dev/viz3d/glog/src/glog-build/CMakeFiles/CMakeTmp

Run Build Command(s):/usr/bin/make -f Makefile cmTC_74787/fast && make[3]: Entering directory '/home/pdell/dev/viz3d/glog/src/glog-build/CMakeFiles/CMakeTmp'
/usr/bin/make  -f CMakeFiles/cmTC_74787.dir/build.make CMakeFiles/cmTC_74787.dir/build
make[4]: Entering directory '/home/pdell/dev/viz3d/glog/src/glog-build/CMakeFiles/CMakeTmp'
Building CXX object CMakeFiles/cmTC_74787.dir/CheckIncludeFile.cxx.o
/usr/bin/c++    -o CMakeFiles/cmTC_74787.dir/CheckIncludeFile.cxx.o -c /home/pdell/dev/viz3d/glog/src/glog-build/CMakeFiles/CMakeTmp/CheckIncludeFile.cxx
Linking CXX executable cmTC_74787
/usr/bin/cmake -E cmake_link_script CMakeFiles/cmTC_74787.dir/link.txt --verbose=1
/usr/bin/c++ -rdynamic CMakeFiles/cmTC_74787.dir/CheckIncludeFile.cxx.o -o cmTC_74787 
make[4]: Leaving directory '/home/pdell/dev/viz3d/glog/src/glog-build/CMakeFiles/CMakeTmp'
make[3]: Leaving directory '/home/pdell/dev/viz3d/glog/src/glog-build/CMakeFiles/CMakeTmp'



Determining if the include file sys/time.h exists passed with the following output:
Change Dir: /home/pdell/dev/viz3d/glog/src/glog-build/CMakeFiles/CMakeTmp

Run Build Command(s):/usr/bin/make -f Makefile cmTC_bdcdb/fast && make[3]: Entering directory '/home/pdell/dev/viz3d/glog/src/glog-build/CMakeFiles/CMakeTmp'
/usr/bin/make  -f CMakeFiles/cmTC_bdcdb.dir/build.make CMakeFiles/cmTC_bdcdb.dir/build
make[4]: Entering directory '/home/pdell/dev/viz3d/glog/src/glog-build/CMakeFiles/CMakeTmp'
Building CXX object CMakeFiles/cmTC_bdcdb.dir/CheckIncludeFile.cxx.o
/usr/bin/c++    -o CMakeFiles/cmTC_bdcdb.dir/CheckIncludeFile.cxx.o -c /home/pdell/dev/viz3d/glog/src/glog-build/CMakeFiles/CMakeTmp/CheckIncludeFile.cxx
Linking CXX executable cmTC_bdcdb
/usr/bin/cmake -E cmake_link_script CMakeFiles/cmTC_bdcdb.dir/link.txt --verbose=1
/usr/bin/c++ -rdynamic CMakeFiles/cmTC_bdcdb.dir/CheckIncludeFile.cxx.o -o cmTC_bdcdb 
make[4]: Leaving directory '/home/pdell/dev/viz3d/glog/src/glog-build/CMakeFiles/CMakeTmp'
make[3]: Leaving directory '/home/pdell/dev/viz3d/glog/src/glog-build/CMakeFiles/CMakeTmp'



Determining if the include file sys/types.h exists passed with the following output:
Change Dir: /home/pdell/dev/viz3d/glog/src/glog-build/CMakeFiles/CMakeTmp

Run Build Command(s):/usr/bin/make -f Makefile cmTC_434c2/fast && make[3]: Entering directory '/home/pdell/dev/viz3d/glog/src/glog-build/CMakeFiles/CMakeTmp'
/usr/bin/make  -f CMakeFiles/cmTC_434c2.dir/build.make CMakeFiles/cmTC_434c2.dir/build
make[4]: Entering directory '/home/pdell/dev/viz3d/glog/src/glog-build/CMakeFiles/CMakeTmp'
Building CXX object CMakeFiles/cmTC_434c2.dir/CheckIncludeFile.cxx.o
/usr/bin/c++    -o CMakeFiles/cmTC_434c2.dir/CheckIncludeFile.cxx.o -c /home/pdell/dev/viz3d/glog/src/glog-build/CMakeFiles/CMakeTmp/CheckIncludeFile.cxx
Linking CXX executable cmTC_434c2
/usr/bin/cmake -E cmake_link_script CMakeFiles/cmTC_434c2.dir/link.txt --verbose=1
/usr/bin/c++ -rdynamic CMakeFiles/cmTC_434c2.dir/CheckIncludeFile.cxx.o -o cmTC_434c2 
make[4]: Leaving directory '/home/pdell/dev/viz3d/glog/src/glog-build/CMakeFiles/CMakeTmp'
make[3]: Leaving directory '/home/pdell/dev/viz3d/glog/src/glog-build/CMakeFiles/CMakeTmp'



Determining if the include file sys/utsname.h exists passed with the following output:
Change Dir: /home/pdell/dev/viz3d/glog/src/glog-build/CMakeFiles/CMakeTmp

Run Build Command(s):/usr/bin/make -f Makefile cmTC_2196a/fast && make[3]: Entering directory '/home/pdell/dev/viz3d/glog/src/glog-build/CMakeFiles/CMakeTmp'
/usr/bin/make  -f CMakeFiles/cmTC_2196a.dir/build.make CMakeFiles/cmTC_2196a.dir/build
make[4]: Entering directory '/home/pdell/dev/viz3d/glog/src/glog-build/CMakeFiles/CMakeTmp'
Building CXX object CMakeFiles/cmTC_2196a.dir/CheckIncludeFile.cxx.o
/usr/bin/c++    -o CMakeFiles/cmTC_2196a.dir/CheckIncludeFile.cxx.o -c /home/pdell/dev/viz3d/glog/src/glog-build/CMakeFiles/CMakeTmp/CheckIncludeFile.cxx
Linking CXX executable cmTC_2196a
/usr/bin/cmake -E cmake_link_script CMakeFiles/cmTC_2196a.dir/link.txt --verbose=1
/usr/bin/c++ -rdynamic CMakeFiles/cmTC_2196a.dir/CheckIncludeFile.cxx.o -o cmTC_2196a 
make[4]: Leaving directory '/home/pdell/dev/viz3d/glog/src/glog-build/CMakeFiles/CMakeTmp'
make[3]: Leaving directory '/home/pdell/dev/viz3d/glog/src/glog-build/CMakeFiles/CMakeTmp'



Determining if the include file sys/wait.h exists passed with the following output:
Change Dir: /home/pdell/dev/viz3d/glog/src/glog-build/CMakeFiles/CMakeTmp

Run Build Command(s):/usr/bin/make -f Makefile cmTC_ced2d/fast && make[3]: Entering directory '/home/pdell/dev/viz3d/glog/src/glog-build/CMakeFiles/CMakeTmp'
/usr/bin/make  -f CMakeFiles/cmTC_ced2d.dir/build.make CMakeFiles/cmTC_ced2d.dir/build
make[4]: Entering directory '/home/pdell/dev/viz3d/glog/src/glog-build/CMakeFiles/CMakeTmp'
Building CXX object CMakeFiles/cmTC_ced2d.dir/CheckIncludeFile.cxx.o
/usr/bin/c++    -o CMakeFiles/cmTC_ced2d.dir/CheckIncludeFile.cxx.o -c /home/pdell/dev/viz3d/glog/src/glog-build/CMakeFiles/CMakeTmp/CheckIncludeFile.cxx
Linking CXX executable cmTC_ced2d
/usr/bin/cmake -E cmake_link_script CMakeFiles/cmTC_ced2d.dir/link.txt --verbose=1
/usr/bin/c++ -rdynamic CMakeFiles/cmTC_ced2d.dir/CheckIncludeFile.cxx.o -o cmTC_ced2d 
make[4]: Leaving directory '/home/pdell/dev/viz3d/glog/src/glog-build/CMakeFiles/CMakeTmp'
make[3]: Leaving directory '/home/pdell/dev/viz3d/glog/src/glog-build/CMakeFiles/CMakeTmp'



Determining if the include file syscall.h exists passed with the following output:
Change Dir: /home/pdell/dev/viz3d/glog/src/glog-build/CMakeFiles/CMakeTmp

Run Build Command(s):/usr/bin/make -f Makefile cmTC_8d15d/fast && make[3]: Entering directory '/home/pdell/dev/viz3d/glog/src/glog-build/CMakeFiles/CMakeTmp'
/usr/bin/make  -f CMakeFiles/cmTC_8d15d.dir/build.make CMakeFiles/cmTC_8d15d.dir/build
make[4]: Entering directory '/home/pdell/dev/viz3d/glog/src/glog-build/CMakeFiles/CMakeTmp'
Building CXX object CMakeFiles/cmTC_8d15d.dir/CheckIncludeFile.cxx.o
/usr/bin/c++    -o CMakeFiles/cmTC_8d15d.dir/CheckIncludeFile.cxx.o -c /home/pdell/dev/viz3d/glog/src/glog-build/CMakeFiles/CMakeTmp/CheckIncludeFile.cxx
Linking CXX executable cmTC_8d15d
/usr/bin/cmake -E cmake_link_script CMakeFiles/cmTC_8d15d.dir/link.txt --verbose=1
/usr/bin/c++ -rdynamic CMakeFiles/cmTC_8d15d.dir/CheckIncludeFile.cxx.o -o cmTC_8d15d 
make[4]: Leaving directory '/home/pdell/dev/viz3d/glog/src/glog-build/CMakeFiles/CMakeTmp'
make[3]: Leaving directory '/home/pdell/dev/viz3d/glog/src/glog-build/CMakeFiles/CMakeTmp'



Determining if the include file syslog.h exists passed with the following output:
Change Dir: /home/pdell/dev/viz3d/glog/src/glog-build/CMakeFiles/CMakeTmp

Run Build Command(s):/usr/bin/make -f Makefile cmTC_5052c/fast && make[3]: Entering directory '/home/pdell/dev/viz3d/glog/src/glog-build/CMakeFiles/CMakeTmp'
/usr/bin/make  -f CMakeFiles/cmTC_5052c.dir/build.make CMakeFiles/cmTC_5052c.dir/build
make[4]: Entering directory '/home/pdell/dev/viz3d/glog/src/glog-build/CMakeFiles/CMakeTmp'
Building CXX object CMakeFiles/cmTC_5052c.dir/CheckIncludeFile.cxx.o
/usr/bin/c++    -o CMakeFiles/cmTC_5052c.dir/CheckIncludeFile.cxx.o -c /home/pdell/dev/viz3d/glog/src/glog-build/CMakeFiles/CMakeTmp/CheckIncludeFile.cxx
Linking CXX executable cmTC_5052c
/usr/bin/cmake -E cmake_link_script CMakeFiles/cmTC_5052c.dir/link.txt --verbose=1
/usr/bin/c++ -rdynamic CMakeFiles/cmTC_5052c.dir/CheckIncludeFile.cxx.o -o cmTC_5052c 
make[4]: Leaving directory '/home/pdell/dev/viz3d/glog/src/glog-build/CMakeFiles/CMakeTmp'
make[3]: Leaving directory '/home/pdell/dev/viz3d/glog/src/glog-build/CMakeFiles/CMakeTmp'



Determining if the include file ucontext.h exists passed with the following output:
Change Dir: /home/pdell/dev/viz3d/glog/src/glog-build/CMakeFiles/CMakeTmp

Run Build Command(s):/usr/bin/make -f Makefile cmTC_347fb/fast && make[3]: Entering directory '/home/pdell/dev/viz3d/glog/src/glog-build/CMakeFiles/CMakeTmp'
/usr/bin/make  -f CMakeFiles/cmTC_347fb.dir/build.make CMakeFiles/cmTC_347fb.dir/build
make[4]: Entering directory '/home/pdell/dev/viz3d/glog/src/glog-build/CMakeFiles/CMakeTmp'
Building CXX object CMakeFiles/cmTC_347fb.dir/CheckIncludeFile.cxx.o
/usr/bin/c++    -o CMakeFiles/cmTC_347fb.dir/CheckIncludeFile.cxx.o -c /home/pdell/dev/viz3d/glog/src/glog-build/CMakeFiles/CMakeTmp/CheckIncludeFile.cxx
Linking CXX executable cmTC_347fb
/usr/bin/cmake -E cmake_link_script CMakeFiles/cmTC_347fb.dir/link.txt --verbose=1
/usr/bin/c++ -rdynamic CMakeFiles/cmTC_347fb.dir/CheckIncludeFile.cxx.o -o cmTC_347fb 
make[4]: Leaving directory '/home/pdell/dev/viz3d/glog/src/glog-build/CMakeFiles/CMakeTmp'
make[3]: Leaving directory '/home/pdell/dev/viz3d/glog/src/glog-build/CMakeFiles/CMakeTmp'



Determining if the include file unistd.h exists passed with the following output:
Change Dir: /home/pdell/dev/viz3d/glog/src/glog-build/CMakeFiles/CMakeTmp

Run Build Command(s):/usr/bin/make -f Makefile cmTC_8279a/fast && make[3]: Entering directory '/home/pdell/dev/viz3d/glog/src/glog-build/CMakeFiles/CMakeTmp'
/usr/bin/make  -f CMakeFiles/cmTC_8279a.dir/build.make CMakeFiles/cmTC_8279a.dir/build
make[4]: Entering directory '/home/pdell/dev/viz3d/glog/src/glog-build/CMakeFiles/CMakeTmp'
Building CXX object CMakeFiles/cmTC_8279a.dir/CheckIncludeFile.cxx.o
/usr/bin/c++    -o CMakeFiles/cmTC_8279a.dir/CheckIncludeFile.cxx.o -c /home/pdell/dev/viz3d/glog/src/glog-build/CMakeFiles/CMakeTmp/CheckIncludeFile.cxx
Linking CXX executable cmTC_8279a
/usr/bin/cmake -E cmake_link_script CMakeFiles/cmTC_8279a.dir/link.txt --verbose=1
/usr/bin/c++ -rdynamic CMakeFiles/cmTC_8279a.dir/CheckIncludeFile.cxx.o -o cmTC_8279a 
make[4]: Leaving directory '/home/pdell/dev/viz3d/glog/src/glog-build/CMakeFiles/CMakeTmp'
make[3]: Leaving directory '/home/pdell/dev/viz3d/glog/src/glog-build/CMakeFiles/CMakeTmp'



Determining if the include file ext/hash_map exists passed with the following output:
Change Dir: /home/pdell/dev/viz3d/glog/src/glog-build/CMakeFiles/CMakeTmp

Run Build Command(s):/usr/bin/make -f Makefile cmTC_6497a/fast && make[3]: Entering directory '/home/pdell/dev/viz3d/glog/src/glog-build/CMakeFiles/CMakeTmp'
/usr/bin/make  -f CMakeFiles/cmTC_6497a.dir/build.make CMakeFiles/cmTC_6497a.dir/build
make[4]: Entering directory '/home/pdell/dev/viz3d/glog/src/glog-build/CMakeFiles/CMakeTmp'
Building CXX object CMakeFiles/cmTC_6497a.dir/CheckIncludeFile.cxx.o
/usr/bin/c++    -o CMakeFiles/cmTC_6497a.dir/CheckIncludeFile.cxx.o -c /home/pdell/dev/viz3d/glog/src/glog-build/CMakeFiles/CMakeTmp/CheckIncludeFile.cxx
In file included from /usr/include/c++/9/ext/hash_map:60,
                 from /home/pdell/dev/viz3d/glog/src/glog-build/CMakeFiles/CMakeTmp/CheckIncludeFile.cxx:1:
/usr/include/c++/9/backward/backward_warning.h:32:2: warning: #warning This file includes at least one deprecated or antiquated header which may be removed without further notice at a future date. Please use a non-deprecated interface with equivalent functionality instead. For a listing of replacement headers and interfaces, consult the file backward_warning.h. To disable this warning use -Wno-deprecated. [-Wcpp]
   32 | #warning \
      |  ^~~~~~~
Linking CXX executable cmTC_6497a
/usr/bin/cmake -E cmake_link_script CMakeFiles/cmTC_6497a.dir/link.txt --verbose=1
/usr/bin/c++ -rdynamic CMakeFiles/cmTC_6497a.dir/CheckIncludeFile.cxx.o -o cmTC_6497a 
make[4]: Leaving directory '/home/pdell/dev/viz3d/glog/src/glog-build/CMakeFiles/CMakeTmp'
make[3]: Leaving directory '/home/pdell/dev/viz3d/glog/src/glog-build/CMakeFiles/CMakeTmp'



Determining if the include file ext/hash_set exists passed with the following output:
Change Dir: /home/pdell/dev/viz3d/glog/src/glog-build/CMakeFiles/CMakeTmp

Run Build Command(s):/usr/bin/make -f Makefile cmTC_6cc3a/fast && make[3]: Entering directory '/home/pdell/dev/viz3d/glog/src/glog-build/CMakeFiles/CMakeTmp'
/usr/bin/make  -f CMakeFiles/cmTC_6cc3a.dir/build.make CMakeFiles/cmTC_6cc3a.dir/build
make[4]: Entering directory '/home/pdell/dev/viz3d/glog/src/glog-build/CMakeFiles/CMakeTmp'
Building CXX object CMakeFiles/cmTC_6cc3a.dir/CheckIncludeFile.cxx.o
/usr/bin/c++    -o CMakeFiles/cmTC_6cc3a.dir/CheckIncludeFile.cxx.o -c /home/pdell/dev/viz3d/glog/src/glog-build/CMakeFiles/CMakeTmp/CheckIncludeFile.cxx
In file included from /usr/include/c++/9/ext/hash_set:60,
                 from /home/pdell/dev/viz3d/glog/src/glog-build/CMakeFiles/CMakeTmp/CheckIncludeFile.cxx:1:
/usr/include/c++/9/backward/backward_warning.h:32:2: warning: #warning This file includes at least one deprecated or antiquated header which may be removed without further notice at a future date. Please use a non-deprecated interface with equivalent functionality instead. For a listing of replacement headers and interfaces, consult the file backward_warning.h. To disable this warning use -Wno-deprecated. [-Wcpp]
   32 | #warning \
      |  ^~~~~~~
Linking CXX executable cmTC_6cc3a
/usr/bin/cmake -E cmake_link_script CMakeFiles/cmTC_6cc3a.dir/link.txt --verbose=1
/usr/bin/c++ -rdynamic CMakeFiles/cmTC_6cc3a.dir/CheckIncludeFile.cxx.o -o cmTC_6cc3a 
make[4]: Leaving directory '/home/pdell/dev/viz3d/glog/src/glog-build/CMakeFiles/CMakeTmp'
make[3]: Leaving directory '/home/pdell/dev/viz3d/glog/src/glog-build/CMakeFiles/CMakeTmp'



Determining if the include file ext/slist exists passed with the following output:
Change Dir: /home/pdell/dev/viz3d/glog/src/glog-build/CMakeFiles/CMakeTmp

Run Build Command(s):/usr/bin/make -f Makefile cmTC_d4961/fast && make[3]: Entering directory '/home/pdell/dev/viz3d/glog/src/glog-build/CMakeFiles/CMakeTmp'
/usr/bin/make  -f CMakeFiles/cmTC_d4961.dir/build.make CMakeFiles/cmTC_d4961.dir/build
make[4]: Entering directory '/home/pdell/dev/viz3d/glog/src/glog-build/CMakeFiles/CMakeTmp'
Building CXX object CMakeFiles/cmTC_d4961.dir/CheckIncludeFile.cxx.o
/usr/bin/c++    -o CMakeFiles/cmTC_d4961.dir/CheckIncludeFile.cxx.o -c /home/pdell/dev/viz3d/glog/src/glog-build/CMakeFiles/CMakeTmp/CheckIncludeFile.cxx
Linking CXX executable cmTC_d4961
/usr/bin/cmake -E cmake_link_script CMakeFiles/cmTC_d4961.dir/link.txt --verbose=1
/usr/bin/c++ -rdynamic CMakeFiles/cmTC_d4961.dir/CheckIncludeFile.cxx.o -o cmTC_d4961 
make[4]: Leaving directory '/home/pdell/dev/viz3d/glog/src/glog-build/CMakeFiles/CMakeTmp'
make[3]: Leaving directory '/home/pdell/dev/viz3d/glog/src/glog-build/CMakeFiles/CMakeTmp'



Determining if the include file tr1/unordered_map exists passed with the following output:
Change Dir: /home/pdell/dev/viz3d/glog/src/glog-build/CMakeFiles/CMakeTmp

Run Build Command(s):/usr/bin/make -f Makefile cmTC_25c18/fast && make[3]: Entering directory '/home/pdell/dev/viz3d/glog/src/glog-build/CMakeFiles/CMakeTmp'
/usr/bin/make  -f CMakeFiles/cmTC_25c18.dir/build.make CMakeFiles/cmTC_25c18.dir/build
make[4]: Entering directory '/home/pdell/dev/viz3d/glog/src/glog-build/CMakeFiles/CMakeTmp'
Building CXX object CMakeFiles/cmTC_25c18.dir/CheckIncludeFile.cxx.o
/usr/bin/c++    -o CMakeFiles/cmTC_25c18.dir/CheckIncludeFile.cxx.o -c /home/pdell/dev/viz3d/glog/src/glog-build/CMakeFiles/CMakeTmp/CheckIncludeFile.cxx
Linking CXX executable cmTC_25c18
/usr/bin/cmake -E cmake_link_script CMakeFiles/cmTC_25c18.dir/link.txt --verbose=1
/usr/bin/c++ -rdynamic CMakeFiles/cmTC_25c18.dir/CheckIncludeFile.cxx.o -o cmTC_25c18 
make[4]: Leaving directory '/home/pdell/dev/viz3d/glog/src/glog-build/CMakeFiles/CMakeTmp'
make[3]: Leaving directory '/home/pdell/dev/viz3d/glog/src/glog-build/CMakeFiles/CMakeTmp'



Determining if the include file tr1/unordered_set exists passed with the following output:
Change Dir: /home/pdell/dev/viz3d/glog/src/glog-build/CMakeFiles/CMakeTmp

Run Build Command(s):/usr/bin/make -f Makefile cmTC_f1b8e/fast && make[3]: Entering directory '/home/pdell/dev/viz3d/glog/src/glog-build/CMakeFiles/CMakeTmp'
/usr/bin/make  -f CMakeFiles/cmTC_f1b8e.dir/build.make CMakeFiles/cmTC_f1b8e.dir/build
make[4]: Entering directory '/home/pdell/dev/viz3d/glog/src/glog-build/CMakeFiles/CMakeTmp'
Building CXX object CMakeFiles/cmTC_f1b8e.dir/CheckIncludeFile.cxx.o
/usr/bin/c++    -o CMakeFiles/cmTC_f1b8e.dir/CheckIncludeFile.cxx.o -c /home/pdell/dev/viz3d/glog/src/glog-build/CMakeFiles/CMakeTmp/CheckIncludeFile.cxx
Linking CXX executable cmTC_f1b8e
/usr/bin/cmake -E cmake_link_script CMakeFiles/cmTC_f1b8e.dir/link.txt --verbose=1
/usr/bin/c++ -rdynamic CMakeFiles/cmTC_f1b8e.dir/CheckIncludeFile.cxx.o -o cmTC_f1b8e 
make[4]: Leaving directory '/home/pdell/dev/viz3d/glog/src/glog-build/CMakeFiles/CMakeTmp'
make[3]: Leaving directory '/home/pdell/dev/viz3d/glog/src/glog-build/CMakeFiles/CMakeTmp'



Determining if the include file unordered_map exists passed with the following output:
Change Dir: /home/pdell/dev/viz3d/glog/src/glog-build/CMakeFiles/CMakeTmp

Run Build Command(s):/usr/bin/make -f Makefile cmTC_2d578/fast && make[3]: Entering directory '/home/pdell/dev/viz3d/glog/src/glog-build/CMakeFiles/CMakeTmp'
/usr/bin/make  -f CMakeFiles/cmTC_2d578.dir/build.make CMakeFiles/cmTC_2d578.dir/build
make[4]: Entering directory '/home/pdell/dev/viz3d/glog/src/glog-build/CMakeFiles/CMakeTmp'
Building CXX object CMakeFiles/cmTC_2d578.dir/CheckIncludeFile.cxx.o
/usr/bin/c++    -o CMakeFiles/cmTC_2d578.dir/CheckIncludeFile.cxx.o -c /home/pdell/dev/viz3d/glog/src/glog-build/CMakeFiles/CMakeTmp/CheckIncludeFile.cxx
Linking CXX executable cmTC_2d578
/usr/bin/cmake -E cmake_link_script CMakeFiles/cmTC_2d578.dir/link.txt --verbose=1
/usr/bin/c++ -rdynamic CMakeFiles/cmTC_2d578.dir/CheckIncludeFile.cxx.o -o cmTC_2d578 
make[4]: Leaving directory '/home/pdell/dev/viz3d/glog/src/glog-build/CMakeFiles/CMakeTmp'
make[3]: Leaving directory '/home/pdell/dev/viz3d/glog/src/glog-build/CMakeFiles/CMakeTmp'



Determining if the include file unordered_set exists passed with the following output:
Change Dir: /home/pdell/dev/viz3d/glog/src/glog-build/CMakeFiles/CMakeTmp

Run Build Command(s):/usr/bin/make -f Makefile cmTC_55a37/fast && make[3]: Entering directory '/home/pdell/dev/viz3d/glog/src/glog-build/CMakeFiles/CMakeTmp'
/usr/bin/make  -f CMakeFiles/cmTC_55a37.dir/build.make CMakeFiles/cmTC_55a37.dir/build
make[4]: Entering directory '/home/pdell/dev/viz3d/glog/src/glog-build/CMakeFiles/CMakeTmp'
Building CXX object CMakeFiles/cmTC_55a37.dir/CheckIncludeFile.cxx.o
/usr/bin/c++    -o CMakeFiles/cmTC_55a37.dir/CheckIncludeFile.cxx.o -c /home/pdell/dev/viz3d/glog/src/glog-build/CMakeFiles/CMakeTmp/CheckIncludeFile.cxx
Linking CXX executable cmTC_55a37
/usr/bin/cmake -E cmake_link_script CMakeFiles/cmTC_55a37.dir/link.txt --verbose=1
/usr/bin/c++ -rdynamic CMakeFiles/cmTC_55a37.dir/CheckIncludeFile.cxx.o -o cmTC_55a37 
make[4]: Leaving directory '/home/pdell/dev/viz3d/glog/src/glog-build/CMakeFiles/CMakeTmp'
make[3]: Leaving directory '/home/pdell/dev/viz3d/glog/src/glog-build/CMakeFiles/CMakeTmp'



Determining if the include file stddef.h exists passed with the following output:
Change Dir: /home/pdell/dev/viz3d/glog/src/glog-build/CMakeFiles/CMakeTmp

Run Build Command(s):/usr/bin/make -f Makefile cmTC_e1597/fast && make[3]: Entering directory '/home/pdell/dev/viz3d/glog/src/glog-build/CMakeFiles/CMakeTmp'
/usr/bin/make  -f CMakeFiles/cmTC_e1597.dir/build.make CMakeFiles/cmTC_e1597.dir/build
make[4]: Entering directory '/home/pdell/dev/viz3d/glog/src/glog-build/CMakeFiles/CMakeTmp'
Building CXX object CMakeFiles/cmTC_e1597.dir/CheckIncludeFile.cxx.o
/usr/bin/c++    -o CMakeFiles/cmTC_e1597.dir/CheckIncludeFile.cxx.o -c /home/pdell/dev/viz3d/glog/src/glog-build/CMakeFiles/CMakeTmp/CheckIncludeFile.cxx
Linking CXX executable cmTC_e1597
/usr/bin/cmake -E cmake_link_script CMakeFiles/cmTC_e1597.dir/link.txt --verbose=1
/usr/bin/c++ -rdynamic CMakeFiles/cmTC_e1597.dir/CheckIncludeFile.cxx.o -o cmTC_e1597 
make[4]: Leaving directory '/home/pdell/dev/viz3d/glog/src/glog-build/CMakeFiles/CMakeTmp'
make[3]: Leaving directory '/home/pdell/dev/viz3d/glog/src/glog-build/CMakeFiles/CMakeTmp'



Determining size of u_int16_t passed with the following output:
Change Dir: /home/pdell/dev/viz3d/glog/src/glog-build/CMakeFiles/CMakeTmp

Run Build Command(s):/usr/bin/make -f Makefile cmTC_7ec95/fast && make[3]: Entering directory '/home/pdell/dev/viz3d/glog/src/glog-build/CMakeFiles/CMakeTmp'
/usr/bin/make  -f CMakeFiles/cmTC_7ec95.dir/build.make CMakeFiles/cmTC_7ec95.dir/build
make[4]: Entering directory '/home/pdell/dev/viz3d/glog/src/glog-build/CMakeFiles/CMakeTmp'
Building CXX object CMakeFiles/cmTC_7ec95.dir/HAVE_U_INT16_T.cpp.o
/usr/bin/c++    -o CMakeFiles/cmTC_7ec95.dir/HAVE_U_INT16_T.cpp.o -c /home/pdell/dev/viz3d/glog/src/glog-build/CMakeFiles/CheckTypeSize/HAVE_U_INT16_T.cpp
Linking CXX executable cmTC_7ec95
/usr/bin/cmake -E cmake_link_script CMakeFiles/cmTC_7ec95.dir/link.txt --verbose=1
/usr/bin/c++ -rdynamic CMakeFiles/cmTC_7ec95.dir/HAVE_U_INT16_T.cpp.o -o cmTC_7ec95 
make[4]: Leaving directory '/home/pdell/dev/viz3d/glog/src/glog-build/CMakeFiles/CMakeTmp'
make[3]: Leaving directory '/home/pdell/dev/viz3d/glog/src/glog-build/CMakeFiles/CMakeTmp'



Determining size of uint16_t passed with the following output:
Change Dir: /home/pdell/dev/viz3d/glog/src/glog-build/CMakeFiles/CMakeTmp

Run Build Command(s):/usr/bin/make -f Makefile cmTC_273d3/fast && make[3]: Entering directory '/home/pdell/dev/viz3d/glog/src/glog-build/CMakeFiles/CMakeTmp'
/usr/bin/make  -f CMakeFiles/cmTC_273d3.dir/build.make CMakeFiles/cmTC_273d3.dir/build
make[4]: Entering directory '/home/pdell/dev/viz3d/glog/src/glog-build/CMakeFiles/CMakeTmp'
Building CXX object CMakeFiles/cmTC_273d3.dir/HAVE_UINT16_T.cpp.o
/usr/bin/c++    -o CMakeFiles/cmTC_273d3.dir/HAVE_UINT16_T.cpp.o -c /home/pdell/dev/viz3d/glog/src/glog-build/CMakeFiles/CheckTypeSize/HAVE_UINT16_T.cpp
Linking CXX executable cmTC_273d3
/usr/bin/cmake -E cmake_link_script CMakeFiles/cmTC_273d3.dir/link.txt --verbose=1
/usr/bin/c++ -rdynamic CMakeFiles/cmTC_273d3.dir/HAVE_UINT16_T.cpp.o -o cmTC_273d3 
make[4]: Leaving directory '/home/pdell/dev/viz3d/glog/src/glog-build/CMakeFiles/CMakeTmp'
make[3]: Leaving directory '/home/pdell/dev/viz3d/glog/src/glog-build/CMakeFiles/CMakeTmp'



Determining if the function fcntl exists passed with the following output:
Change Dir: /home/pdell/dev/viz3d/glog/src/glog-build/CMakeFiles/CMakeTmp

Run Build Command(s):/usr/bin/make -f Makefile cmTC_a48a7/fast && make[3]: Entering directory '/home/pdell/dev/viz3d/glog/src/glog-build/CMakeFiles/CMakeTmp'
/usr/bin/make  -f CMakeFiles/cmTC_a48a7.dir/build.make CMakeFiles/cmTC_a48a7.dir/build
make[4]: Entering directory '/home/pdell/dev/viz3d/glog/src/glog-build/CMakeFiles/CMakeTmp'
Building CXX object CMakeFiles/cmTC_a48a7.dir/CheckFunctionExists.cxx.o
/usr/bin/c++   -DCHECK_FUNCTION_EXISTS=fcntl -o CMakeFiles/cmTC_a48a7.dir/CheckFunctionExists.cxx.o -c /home/pdell/dev/viz3d/glog/src/glog-build/CMakeFiles/CheckFunctionExists/CheckFunctionExists.cxx
Linking CXX executable cmTC_a48a7
/usr/bin/cmake -E cmake_link_script CMakeFiles/cmTC_a48a7.dir/link.txt --verbose=1
/usr/bin/c++  -DCHECK_FUNCTION_EXISTS=fcntl -rdynamic CMakeFiles/cmTC_a48a7.dir/CheckFunctionExists.cxx.o -o cmTC_a48a7 
make[4]: Leaving directory '/home/pdell/dev/viz3d/glog/src/glog-build/CMakeFiles/CMakeTmp'
make[3]: Leaving directory '/home/pdell/dev/viz3d/glog/src/glog-build/CMakeFiles/CMakeTmp'



Determining if the function pread exists passed with the following output:
Change Dir: /home/pdell/dev/viz3d/glog/src/glog-build/CMakeFiles/CMakeTmp

Run Build Command(s):/usr/bin/make -f Makefile cmTC_c78ea/fast && make[3]: Entering directory '/home/pdell/dev/viz3d/glog/src/glog-build/CMakeFiles/CMakeTmp'
/usr/bin/make  -f CMakeFiles/cmTC_c78ea.dir/build.make CMakeFiles/cmTC_c78ea.dir/build
make[4]: Entering directory '/home/pdell/dev/viz3d/glog/src/glog-build/CMakeFiles/CMakeTmp'
Building CXX object CMakeFiles/cmTC_c78ea.dir/CheckFunctionExists.cxx.o
/usr/bin/c++   -DCHECK_FUNCTION_EXISTS=pread -o CMakeFiles/cmTC_c78ea.dir/CheckFunctionExists.cxx.o -c /home/pdell/dev/viz3d/glog/src/glog-build/CMakeFiles/CheckFunctionExists/CheckFunctionExists.cxx
Linking CXX executable cmTC_c78ea
/usr/bin/cmake -E cmake_link_script CMakeFiles/cmTC_c78ea.dir/link.txt --verbose=1
/usr/bin/c++  -DCHECK_FUNCTION_EXISTS=pread -rdynamic CMakeFiles/cmTC_c78ea.dir/CheckFunctionExists.cxx.o -o cmTC_c78ea 
make[4]: Leaving directory '/home/pdell/dev/viz3d/glog/src/glog-build/CMakeFiles/CMakeTmp'
make[3]: Leaving directory '/home/pdell/dev/viz3d/glog/src/glog-build/CMakeFiles/CMakeTmp'



Determining if the function pwrite exists passed with the following output:
Change Dir: /home/pdell/dev/viz3d/glog/src/glog-build/CMakeFiles/CMakeTmp

Run Build Command(s):/usr/bin/make -f Makefile cmTC_de63c/fast && make[3]: Entering directory '/home/pdell/dev/viz3d/glog/src/glog-build/CMakeFiles/CMakeTmp'
/usr/bin/make  -f CMakeFiles/cmTC_de63c.dir/build.make CMakeFiles/cmTC_de63c.dir/build
make[4]: Entering directory '/home/pdell/dev/viz3d/glog/src/glog-build/CMakeFiles/CMakeTmp'
Building CXX object CMakeFiles/cmTC_de63c.dir/CheckFunctionExists.cxx.o
/usr/bin/c++   -DCHECK_FUNCTION_EXISTS=pwrite -o CMakeFiles/cmTC_de63c.dir/CheckFunctionExists.cxx.o -c /home/pdell/dev/viz3d/glog/src/glog-build/CMakeFiles/CheckFunctionExists/CheckFunctionExists.cxx
Linking CXX executable cmTC_de63c
/usr/bin/cmake -E cmake_link_script CMakeFiles/cmTC_de63c.dir/link.txt --verbose=1
/usr/bin/c++  -DCHECK_FUNCTION_EXISTS=pwrite -rdynamic CMakeFiles/cmTC_de63c.dir/CheckFunctionExists.cxx.o -o cmTC_de63c 
make[4]: Leaving directory '/home/pdell/dev/viz3d/glog/src/glog-build/CMakeFiles/CMakeTmp'
make[3]: Leaving directory '/home/pdell/dev/viz3d/glog/src/glog-build/CMakeFiles/CMakeTmp'



Determining if the function sigaction exists passed with the following output:
Change Dir: /home/pdell/dev/viz3d/glog/src/glog-build/CMakeFiles/CMakeTmp

Run Build Command(s):/usr/bin/make -f Makefile cmTC_10f44/fast && make[3]: Entering directory '/home/pdell/dev/viz3d/glog/src/glog-build/CMakeFiles/CMakeTmp'
/usr/bin/make  -f CMakeFiles/cmTC_10f44.dir/build.make CMakeFiles/cmTC_10f44.dir/build
make[4]: Entering directory '/home/pdell/dev/viz3d/glog/src/glog-build/CMakeFiles/CMakeTmp'
Building CXX object CMakeFiles/cmTC_10f44.dir/CheckFunctionExists.cxx.o
/usr/bin/c++   -DCHECK_FUNCTION_EXISTS=sigaction -o CMakeFiles/cmTC_10f44.dir/CheckFunctionExists.cxx.o -c /home/pdell/dev/viz3d/glog/src/glog-build/CMakeFiles/CheckFunctionExists/CheckFunctionExists.cxx
Linking CXX executable cmTC_10f44
/usr/bin/cmake -E cmake_link_script CMakeFiles/cmTC_10f44.dir/link.txt --verbose=1
/usr/bin/c++  -DCHECK_FUNCTION_EXISTS=sigaction -rdynamic CMakeFiles/cmTC_10f44.dir/CheckFunctionExists.cxx.o -o cmTC_10f44 
make[4]: Leaving directory '/home/pdell/dev/viz3d/glog/src/glog-build/CMakeFiles/CMakeTmp'
make[3]: Leaving directory '/home/pdell/dev/viz3d/glog/src/glog-build/CMakeFiles/CMakeTmp'



Determining if the function sigaltstack exists passed with the following output:
Change Dir: /home/pdell/dev/viz3d/glog/src/glog-build/CMakeFiles/CMakeTmp

Run Build Command(s):/usr/bin/make -f Makefile cmTC_4d25f/fast && make[3]: Entering directory '/home/pdell/dev/viz3d/glog/src/glog-build/CMakeFiles/CMakeTmp'
/usr/bin/make  -f CMakeFiles/cmTC_4d25f.dir/build.make CMakeFiles/cmTC_4d25f.dir/build
make[4]: Entering directory '/home/pdell/dev/viz3d/glog/src/glog-build/CMakeFiles/CMakeTmp'
Building CXX object CMakeFiles/cmTC_4d25f.dir/CheckFunctionExists.cxx.o
/usr/bin/c++   -DCHECK_FUNCTION_EXISTS=sigaltstack -o CMakeFiles/cmTC_4d25f.dir/CheckFunctionExists.cxx.o -c /home/pdell/dev/viz3d/glog/src/glog-build/CMakeFiles/CheckFunctionExists/CheckFunctionExists.cxx
Linking CXX executable cmTC_4d25f
/usr/bin/cmake -E cmake_link_script CMakeFiles/cmTC_4d25f.dir/link.txt --verbose=1
/usr/bin/c++  -DCHECK_FUNCTION_EXISTS=sigaltstack -rdynamic CMakeFiles/cmTC_4d25f.dir/CheckFunctionExists.cxx.o -o cmTC_4d25f 
make[4]: Leaving directory '/home/pdell/dev/viz3d/glog/src/glog-build/CMakeFiles/CMakeTmp'
make[3]: Leaving directory '/home/pdell/dev/viz3d/glog/src/glog-build/CMakeFiles/CMakeTmp'



Performing C++ SOURCE FILE Test HAVE_NO_DEPRECATED succeeded with the following output:
Change Dir: /home/pdell/dev/viz3d/glog/src/glog-build/CMakeFiles/CMakeTmp

Run Build Command(s):/usr/bin/make -f Makefile cmTC_96a62/fast && make[3]: Entering directory '/home/pdell/dev/viz3d/glog/src/glog-build/CMakeFiles/CMakeTmp'
/usr/bin/make  -f CMakeFiles/cmTC_96a62.dir/build.make CMakeFiles/cmTC_96a62.dir/build
make[4]: Entering directory '/home/pdell/dev/viz3d/glog/src/glog-build/CMakeFiles/CMakeTmp'
Building CXX object CMakeFiles/cmTC_96a62.dir/src.cxx.o
/usr/bin/c++ -DHAVE_NO_DEPRECATED  -Wdeprecated -o CMakeFiles/cmTC_96a62.dir/src.cxx.o -c /home/pdell/dev/viz3d/glog/src/glog-build/CMakeFiles/CMakeTmp/src.cxx
Linking CXX executable cmTC_96a62
/usr/bin/cmake -E cmake_link_script CMakeFiles/cmTC_96a62.dir/link.txt --verbose=1
/usr/bin/c++ -rdynamic CMakeFiles/cmTC_96a62.dir/src.cxx.o -o cmTC_96a62 
make[4]: Leaving directory '/home/pdell/dev/viz3d/glog/src/glog-build/CMakeFiles/CMakeTmp'
make[3]: Leaving directory '/home/pdell/dev/viz3d/glog/src/glog-build/CMakeFiles/CMakeTmp'


Source file was:
int main() { return 0; }
Determining if the snprintf exist passed with the following output:
Change Dir: /home/pdell/dev/viz3d/glog/src/glog-build/CMakeFiles/CMakeTmp

Run Build Command(s):/usr/bin/make -f Makefile cmTC_43077/fast && make[3]: Entering directory '/home/pdell/dev/viz3d/glog/src/glog-build/CMakeFiles/CMakeTmp'
/usr/bin/make  -f CMakeFiles/cmTC_43077.dir/build.make CMakeFiles/cmTC_43077.dir/build
make[4]: Entering directory '/home/pdell/dev/viz3d/glog/src/glog-build/CMakeFiles/CMakeTmp'
Building CXX object CMakeFiles/cmTC_43077.dir/CheckSymbolExists.cxx.o
/usr/bin/c++    -o CMakeFiles/cmTC_43077.dir/CheckSymbolExists.cxx.o -c /home/pdell/dev/viz3d/glog/src/glog-build/CMakeFiles/CMakeTmp/CheckSymbolExists.cxx
Linking CXX executable cmTC_43077
/usr/bin/cmake -E cmake_link_script CMakeFiles/cmTC_43077.dir/link.txt --verbose=1
/usr/bin/c++ -rdynamic CMakeFiles/cmTC_43077.dir/CheckSymbolExists.cxx.o -o cmTC_43077 
make[4]: Leaving directory '/home/pdell/dev/viz3d/glog/src/glog-build/CMakeFiles/CMakeTmp'
make[3]: Leaving directory '/home/pdell/dev/viz3d/glog/src/glog-build/CMakeFiles/CMakeTmp'


File /home/pdell/dev/viz3d/glog/src/glog-build/CMakeFiles/CMakeTmp/CheckSymbolExists.cxx:
/* */
#include <cstdio>

int main(int argc, char** argv)
{
  (void)argv;
#ifndef snprintf
  return ((int*)(&snprintf))[argc];
#else
  (void)argc;
  return 0;
#endif
}
Performing C++ SOURCE FILE Test HAVE___ATTRIBUTE__ succeeded with the following output:
Change Dir: /home/pdell/dev/viz3d/glog/src/glog-build/CMakeFiles/CMakeTmp

Run Build Command(s):/usr/bin/make -f Makefile cmTC_6656a/fast && make[3]: Entering directory '/home/pdell/dev/viz3d/glog/src/glog-build/CMakeFiles/CMakeTmp'
/usr/bin/make  -f CMakeFiles/cmTC_6656a.dir/build.make CMakeFiles/cmTC_6656a.dir/build
make[4]: Entering directory '/home/pdell/dev/viz3d/glog/src/glog-build/CMakeFiles/CMakeTmp'
Building CXX object CMakeFiles/cmTC_6656a.dir/src.cxx.o
/usr/bin/c++ -DHAVE___ATTRIBUTE__   -o CMakeFiles/cmTC_6656a.dir/src.cxx.o -c /home/pdell/dev/viz3d/glog/src/glog-build/CMakeFiles/CMakeTmp/src.cxx
Linking CXX executable cmTC_6656a
/usr/bin/cmake -E cmake_link_script CMakeFiles/cmTC_6656a.dir/link.txt --verbose=1
/usr/bin/c++ -rdynamic CMakeFiles/cmTC_6656a.dir/src.cxx.o -o cmTC_6656a 
make[4]: Leaving directory '/home/pdell/dev/viz3d/glog/src/glog-build/CMakeFiles/CMakeTmp'
make[3]: Leaving directory '/home/pdell/dev/viz3d/glog/src/glog-build/CMakeFiles/CMakeTmp'


Source file was:

#include <cstdlib>
static void foo(void) __attribute__ ((unused));
int main(void) { return 0; }

Performing C++ SOURCE FILE Test HAVE___ATTRIBUTE__VISIBILITY_DEFAULT succeeded with the following output:
Change Dir: /home/pdell/dev/viz3d/glog/src/glog-build/CMakeFiles/CMakeTmp

Run Build Command(s):/usr/bin/make -f Makefile cmTC_b8a53/fast && make[3]: Entering directory '/home/pdell/dev/viz3d/glog/src/glog-build/CMakeFiles/CMakeTmp'
/usr/bin/make  -f CMakeFiles/cmTC_b8a53.dir/build.make CMakeFiles/cmTC_b8a53.dir/build
make[4]: Entering directory '/home/pdell/dev/viz3d/glog/src/glog-build/CMakeFiles/CMakeTmp'
Building CXX object CMakeFiles/cmTC_b8a53.dir/src.cxx.o
/usr/bin/c++ -DHAVE___ATTRIBUTE__VISIBILITY_DEFAULT   -o CMakeFiles/cmTC_b8a53.dir/src.cxx.o -c /home/pdell/dev/viz3d/glog/src/glog-build/CMakeFiles/CMakeTmp/src.cxx
/home/pdell/dev/viz3d/glog/src/glog-build/CMakeFiles/CMakeTmp/src.cxx:3:61: warning: visibility attribute ignored [-Wattributes]
    3 | static void foo(void) __attribute__ ((visibility("default")));
      |                                                             ^
Linking CXX executable cmTC_b8a53
/usr/bin/cmake -E cmake_link_script CMakeFiles/cmTC_b8a53.dir/link.txt --verbose=1
/usr/bin/c++ -rdynamic CMakeFiles/cmTC_b8a53.dir/src.cxx.o -o cmTC_b8a53 
make[4]: Leaving directory '/home/pdell/dev/viz3d/glog/src/glog-build/CMakeFiles/CMakeTmp'
make[3]: Leaving directory '/home/pdell/dev/viz3d/glog/src/glog-build/CMakeFiles/CMakeTmp'


Source file was:

#include <cstdlib>
static void foo(void) __attribute__ ((visibility("default")));
int main(void) { return 0; }

Performing C++ SOURCE FILE Test HAVE___ATTRIBUTE__VISIBILITY_HIDDEN succeeded with the following output:
Change Dir: /home/pdell/dev/viz3d/glog/src/glog-build/CMakeFiles/CMakeTmp

Run Build Command(s):/usr/bin/make -f Makefile cmTC_2740a/fast && make[3]: Entering directory '/home/pdell/dev/viz3d/glog/src/glog-build/CMakeFiles/CMakeTmp'
/usr/bin/make  -f CMakeFiles/cmTC_2740a.dir/build.make CMakeFiles/cmTC_2740a.dir/build
make[4]: Entering directory '/home/pdell/dev/viz3d/glog/src/glog-build/CMakeFiles/CMakeTmp'
Building CXX object CMakeFiles/cmTC_2740a.dir/src.cxx.o
/usr/bin/c++ -DHAVE___ATTRIBUTE__VISIBILITY_HIDDEN   -o CMakeFiles/cmTC_2740a.dir/src.cxx.o -c /home/pdell/dev/viz3d/glog/src/glog-build/CMakeFiles/CMakeTmp/src.cxx
/home/pdell/dev/viz3d/glog/src/glog-build/CMakeFiles/CMakeTmp/src.cxx:3:60: warning: visibility attribute ignored [-Wattributes]
    3 | static void foo(void) __attribute__ ((visibility("hidden")));
      |                                                            ^
Linking CXX executable cmTC_2740a
/usr/bin/cmake -E cmake_link_script CMakeFiles/cmTC_2740a.dir/link.txt --verbose=1
/usr/bin/c++ -rdynamic CMakeFiles/cmTC_2740a.dir/src.cxx.o -o cmTC_2740a 
make[4]: Leaving directory '/home/pdell/dev/viz3d/glog/src/glog-build/CMakeFiles/CMakeTmp'
make[3]: Leaving directory '/home/pdell/dev/viz3d/glog/src/glog-build/CMakeFiles/CMakeTmp'


Source file was:

#include <cstdlib>
static void foo(void) __attribute__ ((visibility("hidden")));
int main(void) { return 0; }

Performing C++ SOURCE FILE Test HAVE___BUILTIN_EXPECT succeeded with the following output:
Change Dir: /home/pdell/dev/viz3d/glog/src/glog-build/CMakeFiles/CMakeTmp

Run Build Command(s):/usr/bin/make -f Makefile cmTC_c5cc9/fast && make[3]: Entering directory '/home/pdell/dev/viz3d/glog/src/glog-build/CMakeFiles/CMakeTmp'
/usr/bin/make  -f CMakeFiles/cmTC_c5cc9.dir/build.make CMakeFiles/cmTC_c5cc9.dir/build
make[4]: Entering directory '/home/pdell/dev/viz3d/glog/src/glog-build/CMakeFiles/CMakeTmp'
Building CXX object CMakeFiles/cmTC_c5cc9.dir/src.cxx.o
/usr/bin/c++ -DHAVE___BUILTIN_EXPECT   -o CMakeFiles/cmTC_c5cc9.dir/src.cxx.o -c /home/pdell/dev/viz3d/glog/src/glog-build/CMakeFiles/CMakeTmp/src.cxx
Linking CXX executable cmTC_c5cc9
/usr/bin/cmake -E cmake_link_script CMakeFiles/cmTC_c5cc9.dir/link.txt --verbose=1
/usr/bin/c++ -rdynamic CMakeFiles/cmTC_c5cc9.dir/src.cxx.o -o cmTC_c5cc9 
make[4]: Leaving directory '/home/pdell/dev/viz3d/glog/src/glog-build/CMakeFiles/CMakeTmp'
make[3]: Leaving directory '/home/pdell/dev/viz3d/glog/src/glog-build/CMakeFiles/CMakeTmp'


Source file was:

int main(void) { if (__builtin_expect(0, 0)) return 1; return 0; }

Performing C++ SOURCE FILE Test HAVE___SYNC_VAL_COMPARE_AND_SWAP succeeded with the following output:
Change Dir: /home/pdell/dev/viz3d/glog/src/glog-build/CMakeFiles/CMakeTmp

Run Build Command(s):/usr/bin/make -f Makefile cmTC_8ce4e/fast && make[3]: Entering directory '/home/pdell/dev/viz3d/glog/src/glog-build/CMakeFiles/CMakeTmp'
/usr/bin/make  -f CMakeFiles/cmTC_8ce4e.dir/build.make CMakeFiles/cmTC_8ce4e.dir/build
make[4]: Entering directory '/home/pdell/dev/viz3d/glog/src/glog-build/CMakeFiles/CMakeTmp'
Building CXX object CMakeFiles/cmTC_8ce4e.dir/src.cxx.o
/usr/bin/c++ -DHAVE___SYNC_VAL_COMPARE_AND_SWAP   -o CMakeFiles/cmTC_8ce4e.dir/src.cxx.o -c /home/pdell/dev/viz3d/glog/src/glog-build/CMakeFiles/CMakeTmp/src.cxx
Linking CXX executable cmTC_8ce4e
/usr/bin/cmake -E cmake_link_script CMakeFiles/cmTC_8ce4e.dir/link.txt --verbose=1
/usr/bin/c++ -rdynamic CMakeFiles/cmTC_8ce4e.dir/src.cxx.o -o cmTC_8ce4e 
make[4]: Leaving directory '/home/pdell/dev/viz3d/glog/src/glog-build/CMakeFiles/CMakeTmp'
make[3]: Leaving directory '/home/pdell/dev/viz3d/glog/src/glog-build/CMakeFiles/CMakeTmp'


Source file was:

int main(void)
{
  int a; if (__sync_val_compare_and_swap(&a, 0, 1)) return 1; return 0;
}

Performing C++ SOURCE FILE Test STL_STD_NAMESPACE succeeded with the following output:
Change Dir: /home/pdell/dev/viz3d/glog/src/glog-build/CMakeFiles/CMakeTmp

Run Build Command(s):/usr/bin/make -f Makefile cmTC_84302/fast && make[3]: Entering directory '/home/pdell/dev/viz3d/glog/src/glog-build/CMakeFiles/CMakeTmp'
/usr/bin/make  -f CMakeFiles/cmTC_84302.dir/build.make CMakeFiles/cmTC_84302.dir/build
make[4]: Entering directory '/home/pdell/dev/viz3d/glog/src/glog-build/CMakeFiles/CMakeTmp'
Building CXX object CMakeFiles/cmTC_84302.dir/src.cxx.o
/usr/bin/c++ -DSTL_STD_NAMESPACE   -o CMakeFiles/cmTC_84302.dir/src.cxx.o -c /home/pdell/dev/viz3d/glog/src/glog-build/CMakeFiles/CMakeTmp/src.cxx
Linking CXX executable cmTC_84302
/usr/bin/cmake -E cmake_link_script CMakeFiles/cmTC_84302.dir/link.txt --verbose=1
/usr/bin/c++ -rdynamic CMakeFiles/cmTC_84302.dir/src.cxx.o -o cmTC_84302 
make[4]: Leaving directory '/home/pdell/dev/viz3d/glog/src/glog-build/CMakeFiles/CMakeTmp'
make[3]: Leaving directory '/home/pdell/dev/viz3d/glog/src/glog-build/CMakeFiles/CMakeTmp'


Source file was:

#include <vector>
std::vector<int> t; int main() { }

Performing C++ SOURCE FILE Test HAVE_USING_OPERATOR succeeded with the following output:
Change Dir: /home/pdell/dev/viz3d/glog/src/glog-build/CMakeFiles/CMakeTmp

Run Build Command(s):/usr/bin/make -f Makefile cmTC_081e6/fast && make[3]: Entering directory '/home/pdell/dev/viz3d/glog/src/glog-build/CMakeFiles/CMakeTmp'
/usr/bin/make  -f CMakeFiles/cmTC_081e6.dir/build.make CMakeFiles/cmTC_081e6.dir/build
make[4]: Entering directory '/home/pdell/dev/viz3d/glog/src/glog-build/CMakeFiles/CMakeTmp'
Building CXX object CMakeFiles/cmTC_081e6.dir/src.cxx.o
/usr/bin/c++ -DHAVE_USING_OPERATOR   -o CMakeFiles/cmTC_081e6.dir/src.cxx.o -c /home/pdell/dev/viz3d/glog/src/glog-build/CMakeFiles/CMakeTmp/src.cxx
Linking CXX executable cmTC_081e6
/usr/bin/cmake -E cmake_link_script CMakeFiles/cmTC_081e6.dir/link.txt --verbose=1
/usr/bin/c++ -rdynamic CMakeFiles/cmTC_081e6.dir/src.cxx.o -o cmTC_081e6 
make[4]: Leaving directory '/home/pdell/dev/viz3d/glog/src/glog-build/CMakeFiles/CMakeTmp'
make[3]: Leaving directory '/home/pdell/dev/viz3d/glog/src/glog-build/CMakeFiles/CMakeTmp'


Source file was:

#include <iostream>
std::ostream& operator<<(std::ostream&, struct s);
using ::operator<<;
int main() { }

Performing C++ SOURCE FILE Test HAVE_NAMESPACES succeeded with the following output:
Change Dir: /home/pdell/dev/viz3d/glog/src/glog-build/CMakeFiles/CMakeTmp

Run Build Command(s):/usr/bin/make -f Makefile cmTC_41bf2/fast && make[3]: Entering directory '/home/pdell/dev/viz3d/glog/src/glog-build/CMakeFiles/CMakeTmp'
/usr/bin/make  -f CMakeFiles/cmTC_41bf2.dir/build.make CMakeFiles/cmTC_41bf2.dir/build
make[4]: Entering directory '/home/pdell/dev/viz3d/glog/src/glog-build/CMakeFiles/CMakeTmp'
Building CXX object CMakeFiles/cmTC_41bf2.dir/src.cxx.o
/usr/bin/c++ -DHAVE_NAMESPACES   -o CMakeFiles/cmTC_41bf2.dir/src.cxx.o -c /home/pdell/dev/viz3d/glog/src/glog-build/CMakeFiles/CMakeTmp/src.cxx
Linking CXX executable cmTC_41bf2
/usr/bin/cmake -E cmake_link_script CMakeFiles/cmTC_41bf2.dir/link.txt --verbose=1
/usr/bin/c++ -rdynamic CMakeFiles/cmTC_41bf2.dir/src.cxx.o -o cmTC_41bf2 
make[4]: Leaving directory '/home/pdell/dev/viz3d/glog/src/glog-build/CMakeFiles/CMakeTmp'
make[3]: Leaving directory '/home/pdell/dev/viz3d/glog/src/glog-build/CMakeFiles/CMakeTmp'


Source file was:

namespace Outer { namespace Inner { int i = 0; }}
using namespace Outer::Inner;;
int main() { return i; }

Performing C++ SOURCE FILE Test HAVE_GCC_TLS succeeded with the following output:
Change Dir: /home/pdell/dev/viz3d/glog/src/glog-build/CMakeFiles/CMakeTmp

Run Build Command(s):/usr/bin/make -f Makefile cmTC_b757b/fast && make[3]: Entering directory '/home/pdell/dev/viz3d/glog/src/glog-build/CMakeFiles/CMakeTmp'
/usr/bin/make  -f CMakeFiles/cmTC_b757b.dir/build.make CMakeFiles/cmTC_b757b.dir/build
make[4]: Entering directory '/home/pdell/dev/viz3d/glog/src/glog-build/CMakeFiles/CMakeTmp'
Building CXX object CMakeFiles/cmTC_b757b.dir/src.cxx.o
/usr/bin/c++ -DHAVE_GCC_TLS   -o CMakeFiles/cmTC_b757b.dir/src.cxx.o -c /home/pdell/dev/viz3d/glog/src/glog-build/CMakeFiles/CMakeTmp/src.cxx
Linking CXX executable cmTC_b757b
/usr/bin/cmake -E cmake_link_script CMakeFiles/cmTC_b757b.dir/link.txt --verbose=1
/usr/bin/c++ -rdynamic CMakeFiles/cmTC_b757b.dir/src.cxx.o -o cmTC_b757b 
make[4]: Leaving directory '/home/pdell/dev/viz3d/glog/src/glog-build/CMakeFiles/CMakeTmp'
make[3]: Leaving directory '/home/pdell/dev/viz3d/glog/src/glog-build/CMakeFiles/CMakeTmp'


Source file was:

__thread int tls;
int main() { }

Performing C++ SOURCE FILE Test HAVE_CXX11_TLS succeeded with the following output:
Change Dir: /home/pdell/dev/viz3d/glog/src/glog-build/CMakeFiles/CMakeTmp

Run Build Command(s):/usr/bin/make -f Makefile cmTC_d6c9f/fast && make[3]: Entering directory '/home/pdell/dev/viz3d/glog/src/glog-build/CMakeFiles/CMakeTmp'
/usr/bin/make  -f CMakeFiles/cmTC_d6c9f.dir/build.make CMakeFiles/cmTC_d6c9f.dir/build
make[4]: Entering directory '/home/pdell/dev/viz3d/glog/src/glog-build/CMakeFiles/CMakeTmp'
Building CXX object CMakeFiles/cmTC_d6c9f.dir/src.cxx.o
/usr/bin/c++ -DHAVE_CXX11_TLS   -o CMakeFiles/cmTC_d6c9f.dir/src.cxx.o -c /home/pdell/dev/viz3d/glog/src/glog-build/CMakeFiles/CMakeTmp/src.cxx
Linking CXX executable cmTC_d6c9f
/usr/bin/cmake -E cmake_link_script CMakeFiles/cmTC_d6c9f.dir/link.txt --verbose=1
/usr/bin/c++ -rdynamic CMakeFiles/cmTC_d6c9f.dir/src.cxx.o -o cmTC_d6c9f 
make[4]: Leaving directory '/home/pdell/dev/viz3d/glog/src/glog-build/CMakeFiles/CMakeTmp'
make[3]: Leaving directory '/home/pdell/dev/viz3d/glog/src/glog-build/CMakeFiles/CMakeTmp'


Source file was:

thread_local int tls;
int main() { }

Performing C++ SOURCE FILE Test HAVE_ALIGNED_STORAGE succeeded with the following output:
Change Dir: /home/pdell/dev/viz3d/glog/src/glog-build/CMakeFiles/CMakeTmp

Run Build Command(s):/usr/bin/make -f Makefile cmTC_32903/fast && make[3]: Entering directory '/home/pdell/dev/viz3d/glog/src/glog-build/CMakeFiles/CMakeTmp'
/usr/bin/make  -f CMakeFiles/cmTC_32903.dir/build.make CMakeFiles/cmTC_32903.dir/build
make[4]: Entering directory '/home/pdell/dev/viz3d/glog/src/glog-build/CMakeFiles/CMakeTmp'
Building CXX object CMakeFiles/cmTC_32903.dir/src.cxx.o
/usr/bin/c++ -DHAVE_ALIGNED_STORAGE   -o CMakeFiles/cmTC_32903.dir/src.cxx.o -c /home/pdell/dev/viz3d/glog/src/glog-build/CMakeFiles/CMakeTmp/src.cxx
Linking CXX executable cmTC_32903
/usr/bin/cmake -E cmake_link_script CMakeFiles/cmTC_32903.dir/link.txt --verbose=1
/usr/bin/c++ -rdynamic CMakeFiles/cmTC_32903.dir/src.cxx.o -o cmTC_32903 
make[4]: Leaving directory '/home/pdell/dev/viz3d/glog/src/glog-build/CMakeFiles/CMakeTmp'
make[3]: Leaving directory '/home/pdell/dev/viz3d/glog/src/glog-build/CMakeFiles/CMakeTmp'


Source file was:

#include <type_traits>
std::aligned_storage<sizeof(char), alignof(char)>::type data;
int main() { }

Performing C++ SOURCE FILE Test HAVE_CXX11_ATOMIC succeeded with the following output:
Change Dir: /home/pdell/dev/viz3d/glog/src/glog-build/CMakeFiles/CMakeTmp

Run Build Command(s):/usr/bin/make -f Makefile cmTC_1b7f2/fast && make[3]: Entering directory '/home/pdell/dev/viz3d/glog/src/glog-build/CMakeFiles/CMakeTmp'
/usr/bin/make  -f CMakeFiles/cmTC_1b7f2.dir/build.make CMakeFiles/cmTC_1b7f2.dir/build
make[4]: Entering directory '/home/pdell/dev/viz3d/glog/src/glog-build/CMakeFiles/CMakeTmp'
Building CXX object CMakeFiles/cmTC_1b7f2.dir/src.cxx.o
/usr/bin/c++ -DHAVE_CXX11_ATOMIC   -o CMakeFiles/cmTC_1b7f2.dir/src.cxx.o -c /home/pdell/dev/viz3d/glog/src/glog-build/CMakeFiles/CMakeTmp/src.cxx
Linking CXX executable cmTC_1b7f2
/usr/bin/cmake -E cmake_link_script CMakeFiles/cmTC_1b7f2.dir/link.txt --verbose=1
/usr/bin/c++ -rdynamic CMakeFiles/cmTC_1b7f2.dir/src.cxx.o -o cmTC_1b7f2 
make[4]: Leaving directory '/home/pdell/dev/viz3d/glog/src/glog-build/CMakeFiles/CMakeTmp'
make[3]: Leaving directory '/home/pdell/dev/viz3d/glog/src/glog-build/CMakeFiles/CMakeTmp'


Source file was:

#include <atomic>
std::atomic<int> i;
int main() { }

Performing C++ SOURCE FILE Test HAVE_CXX11_NULLPTR_T succeeded with the following output:
Change Dir: /home/pdell/dev/viz3d/glog/src/glog-build/CMakeFiles/CMakeTmp

Run Build Command(s):/usr/bin/make -f Makefile cmTC_7fb3a/fast && make[3]: Entering directory '/home/pdell/dev/viz3d/glog/src/glog-build/CMakeFiles/CMakeTmp'
/usr/bin/make  -f CMakeFiles/cmTC_7fb3a.dir/build.make CMakeFiles/cmTC_7fb3a.dir/build
make[4]: Entering directory '/home/pdell/dev/viz3d/glog/src/glog-build/CMakeFiles/CMakeTmp'
Building CXX object CMakeFiles/cmTC_7fb3a.dir/src.cxx.o
/usr/bin/c++ -DHAVE_CXX11_NULLPTR_T   -o CMakeFiles/cmTC_7fb3a.dir/src.cxx.o -c /home/pdell/dev/viz3d/glog/src/glog-build/CMakeFiles/CMakeTmp/src.cxx
Linking CXX executable cmTC_7fb3a
/usr/bin/cmake -E cmake_link_script CMakeFiles/cmTC_7fb3a.dir/link.txt --verbose=1
/usr/bin/c++ -rdynamic CMakeFiles/cmTC_7fb3a.dir/src.cxx.o -o cmTC_7fb3a 
make[4]: Leaving directory '/home/pdell/dev/viz3d/glog/src/glog-build/CMakeFiles/CMakeTmp'
make[3]: Leaving directory '/home/pdell/dev/viz3d/glog/src/glog-build/CMakeFiles/CMakeTmp'


Source file was:

#include <cstddef>
void foo(std::nullptr_t) {}
int main(void) { foo(nullptr); }

Performing C++ SOURCE FILE Test HAVE_LOCALTIME_R succeeded with the following output:
Change Dir: /home/pdell/dev/viz3d/glog/src/glog-build/CMakeFiles/CMakeTmp

Run Build Command(s):/usr/bin/make -f Makefile cmTC_db007/fast && make[3]: Entering directory '/home/pdell/dev/viz3d/glog/src/glog-build/CMakeFiles/CMakeTmp'
/usr/bin/make  -f CMakeFiles/cmTC_db007.dir/build.make CMakeFiles/cmTC_db007.dir/build
make[4]: Entering directory '/home/pdell/dev/viz3d/glog/src/glog-build/CMakeFiles/CMakeTmp'
Building CXX object CMakeFiles/cmTC_db007.dir/src.cxx.o
/usr/bin/c++ -DHAVE_LOCALTIME_R   -o CMakeFiles/cmTC_db007.dir/src.cxx.o -c /home/pdell/dev/viz3d/glog/src/glog-build/CMakeFiles/CMakeTmp/src.cxx
Linking CXX executable cmTC_db007
/usr/bin/cmake -E cmake_link_script CMakeFiles/cmTC_db007.dir/link.txt --verbose=1
/usr/bin/c++ -rdynamic CMakeFiles/cmTC_db007.dir/src.cxx.o -o cmTC_db007 
make[4]: Leaving directory '/home/pdell/dev/viz3d/glog/src/glog-build/CMakeFiles/CMakeTmp'
make[3]: Leaving directory '/home/pdell/dev/viz3d/glog/src/glog-build/CMakeFiles/CMakeTmp'


Source file was:

#include <cstdlib>
#include <time.h>
int main()
{
    time_t timep;
    struct tm result;
    localtime_r(&timep, &result);
    return EXIT_SUCCESS;
}

Performing C++ SOURCE FILE Test COMPILER_HAS_HIDDEN_VISIBILITY succeeded with the following output:
Change Dir: /home/pdell/dev/viz3d/glog/src/glog-build/CMakeFiles/CMakeTmp

Run Build Command(s):/usr/bin/make -f Makefile cmTC_c37e5/fast && make[3]: Entering directory '/home/pdell/dev/viz3d/glog/src/glog-build/CMakeFiles/CMakeTmp'
/usr/bin/make  -f CMakeFiles/cmTC_c37e5.dir/build.make CMakeFiles/cmTC_c37e5.dir/build
make[4]: Entering directory '/home/pdell/dev/viz3d/glog/src/glog-build/CMakeFiles/CMakeTmp'
Building CXX object CMakeFiles/cmTC_c37e5.dir/src.cxx.o
/usr/bin/c++ -DCOMPILER_HAS_HIDDEN_VISIBILITY  -fvisibility=hidden -o CMakeFiles/cmTC_c37e5.dir/src.cxx.o -c /home/pdell/dev/viz3d/glog/src/glog-build/CMakeFiles/CMakeTmp/src.cxx
Linking CXX executable cmTC_c37e5
/usr/bin/cmake -E cmake_link_script CMakeFiles/cmTC_c37e5.dir/link.txt --verbose=1
/usr/bin/c++ -rdynamic CMakeFiles/cmTC_c37e5.dir/src.cxx.o -o cmTC_c37e5 
make[4]: Leaving directory '/home/pdell/dev/viz3d/glog/src/glog-build/CMakeFiles/CMakeTmp'
make[3]: Leaving directory '/home/pdell/dev/viz3d/glog/src/glog-build/CMakeFiles/CMakeTmp'


Source file was:
int main() { return 0; }
Performing C++ SOURCE FILE Test COMPILER_HAS_HIDDEN_INLINE_VISIBILITY succeeded with the following output:
Change Dir: /home/pdell/dev/viz3d/glog/src/glog-build/CMakeFiles/CMakeTmp

Run Build Command(s):/usr/bin/make -f Makefile cmTC_1bdec/fast && make[3]: Entering directory '/home/pdell/dev/viz3d/glog/src/glog-build/CMakeFiles/CMakeTmp'
/usr/bin/make  -f CMakeFiles/cmTC_1bdec.dir/build.make CMakeFiles/cmTC_1bdec.dir/build
make[4]: Entering directory '/home/pdell/dev/viz3d/glog/src/glog-build/CMakeFiles/CMakeTmp'
Building CXX object CMakeFiles/cmTC_1bdec.dir/src.cxx.o
/usr/bin/c++ -DCOMPILER_HAS_HIDDEN_INLINE_VISIBILITY  -fvisibility-inlines-hidden -o CMakeFiles/cmTC_1bdec.dir/src.cxx.o -c /home/pdell/dev/viz3d/glog/src/glog-build/CMakeFiles/CMakeTmp/src.cxx
Linking CXX executable cmTC_1bdec
/usr/bin/cmake -E cmake_link_script CMakeFiles/cmTC_1bdec.dir/link.txt --verbose=1
/usr/bin/c++ -rdynamic CMakeFiles/cmTC_1bdec.dir/src.cxx.o -o cmTC_1bdec 
make[4]: Leaving directory '/home/pdell/dev/viz3d/glog/src/glog-build/CMakeFiles/CMakeTmp'
make[3]: Leaving directory '/home/pdell/dev/viz3d/glog/src/glog-build/CMakeFiles/CMakeTmp'


Source file was:
int main() { return 0; }
Performing C++ SOURCE FILE Test COMPILER_HAS_DEPRECATED_ATTR succeeded with the following output:
Change Dir: /home/pdell/dev/viz3d/glog/src/glog-build/CMakeFiles/CMakeTmp

Run Build Command(s):/usr/bin/make -f Makefile cmTC_630e1/fast && make[3]: Entering directory '/home/pdell/dev/viz3d/glog/src/glog-build/CMakeFiles/CMakeTmp'
/usr/bin/make  -f CMakeFiles/cmTC_630e1.dir/build.make CMakeFiles/cmTC_630e1.dir/build
make[4]: Entering directory '/home/pdell/dev/viz3d/glog/src/glog-build/CMakeFiles/CMakeTmp'
Building CXX object CMakeFiles/cmTC_630e1.dir/src.cxx.o
/usr/bin/c++ -DCOMPILER_HAS_DEPRECATED_ATTR   -o CMakeFiles/cmTC_630e1.dir/src.cxx.o -c /home/pdell/dev/viz3d/glog/src/glog-build/CMakeFiles/CMakeTmp/src.cxx
/home/pdell/dev/viz3d/glog/src/glog-build/CMakeFiles/CMakeTmp/src.cxx: In function int main():
/home/pdell/dev/viz3d/glog/src/glog-build/CMakeFiles/CMakeTmp/src.cxx:2:34: warning: int somefunc() is deprecated [-Wdeprecated-declarations]
    2 |     int main() { return somefunc();}
      |                                  ^
/home/pdell/dev/viz3d/glog/src/glog-build/CMakeFiles/CMakeTmp/src.cxx:1:37: note: declared here
    1 | __attribute__((__deprecated__)) int somefunc() { return 0; }
      |                                     ^~~~~~~~
/home/pdell/dev/viz3d/glog/src/glog-build/CMakeFiles/CMakeTmp/src.cxx:2:34: warning: int somefunc() is deprecated [-Wdeprecated-declarations]
    2 |     int main() { return somefunc();}
      |                                  ^
/home/pdell/dev/viz3d/glog/src/glog-build/CMakeFiles/CMakeTmp/src.cxx:1:37: note: declared here
    1 | __attribute__((__deprecated__)) int somefunc() { return 0; }
      |                                     ^~~~~~~~
Linking CXX executable cmTC_630e1
/usr/bin/cmake -E cmake_link_script CMakeFiles/cmTC_630e1.dir/link.txt --verbose=1
/usr/bin/c++ -rdynamic CMakeFiles/cmTC_630e1.dir/src.cxx.o -o cmTC_630e1 
make[4]: Leaving directory '/home/pdell/dev/viz3d/glog/src/glog-build/CMakeFiles/CMakeTmp'
make[3]: Leaving directory '/home/pdell/dev/viz3d/glog/src/glog-build/CMakeFiles/CMakeTmp'


Source file was:
__attribute__((__deprecated__)) int somefunc() { return 0; }
    int main() { return somefunc();}
