The system is: Linux - 5.4.0-81-generic - x86_64
Compiling the C compiler identification source file "CMakeCCompilerId.c" succeeded.
Compiler: /usr/bin/cc 
Build flags: 
Id flags:  

The output was:
0


Compilation of the C compiler identification source "CMakeCCompilerId.c" produced "a.out"

The C compiler identification is GNU, found in "/home/pdell/dev/viz3d/Eigen3/src/Eigen3-build/CMakeFiles/3.21.0/CompilerIdC/a.out"

Compiling the CXX compiler identification source file "CMakeCXXCompilerId.cpp" succeeded.
Compiler: /usr/bin/c++ 
Build flags: 
Id flags:  

The output was:
0


Compilation of the CXX compiler identification source "CMakeCXXCompilerId.cpp" produced "a.out"

The CXX compiler identification is GNU, found in "/home/pdell/dev/viz3d/Eigen3/src/Eigen3-build/CMakeFiles/3.21.0/CompilerIdCXX/a.out"

Detecting C compiler ABI info compiled with the following output:
Change Dir: /home/pdell/dev/viz3d/Eigen3/src/Eigen3-build/CMakeFiles/CMakeTmp

Run Build Command(s):/usr/bin/make -f Makefile cmTC_462e9/fast && make[3]: Entering directory '/home/pdell/dev/viz3d/Eigen3/src/Eigen3-build/CMakeFiles/CMakeTmp'
/usr/bin/make  -f CMakeFiles/cmTC_462e9.dir/build.make CMakeFiles/cmTC_462e9.dir/build
make[4]: Entering directory '/home/pdell/dev/viz3d/Eigen3/src/Eigen3-build/CMakeFiles/CMakeTmp'
Building C object CMakeFiles/cmTC_462e9.dir/CMakeCCompilerABI.c.o
/usr/bin/cc   -v -o CMakeFiles/cmTC_462e9.dir/CMakeCCompilerABI.c.o -c /usr/share/cmake-3.21/Modules/CMakeCCompilerABI.c
Using built-in specs.
COLLECT_GCC=/usr/bin/cc
OFFLOAD_TARGET_NAMES=nvptx-none:hsa
OFFLOAD_TARGET_DEFAULT=1
Target: x86_64-linux-gnu
Configured with: ../src/configure -v --with-pkgversion='Ubuntu 9.4.0-1ubuntu1~18.04' --with-bugurl=file:///usr/share/doc/gcc-9/README.Bugs --enable-languages=c,ada,c++,go,brig,d,fortran,objc,obj-c++,gm2 --prefix=/usr --with-gcc-major-version-only --program-suffix=-9 --program-prefix=x86_64-linux-gnu- --enable-shared --enable-linker-build-id --libexecdir=/usr/lib --without-included-gettext --enable-threads=posix --libdir=/usr/lib --enable-nls --enable-clocale=gnu --enable-libstdcxx-debug --enable-libstdcxx-time=yes --with-default-libstdcxx-abi=new --enable-gnu-unique-object --disable-vtable-verify --enable-plugin --enable-default-pie --with-system-zlib --with-target-system-zlib=auto --enable-objc-gc=auto --enable-multiarch --disable-werror --with-arch-32=i686 --with-abi=m64 --with-multilib-list=m32,m64,mx32 --enable-multilib --with-tune=generic --enable-offload-targets=nvptx-none=/build/gcc-9-nrQql7/gcc-9-9.4.0/debian/tmp-nvptx/usr,hsa --without-cuda-driver --enable-checking=release --build=x86_64-linux-gnu --host=x86_64-linux-gnu --target=x86_64-linux-gnu
Thread model: posix
gcc version 9.4.0 (Ubuntu 9.4.0-1ubuntu1~18.04) 
COLLECT_GCC_OPTIONS='-v' '-o' 'CMakeFiles/cmTC_462e9.dir/CMakeCCompilerABI.c.o' '-c' '-mtune=generic' '-march=x86-64'
 /usr/lib/gcc/x86_64-linux-gnu/9/cc1 -quiet -v -imultiarch x86_64-linux-gnu /usr/share/cmake-3.21/Modules/CMakeCCompilerABI.c -quiet -dumpbase CMakeCCompilerABI.c -mtune=generic -march=x86-64 -auxbase-strip CMakeFiles/cmTC_462e9.dir/CMakeCCompilerABI.c.o -version -fasynchronous-unwind-tables -fstack-protector-strong -Wformat -Wformat-security -o /tmp/cciuI7xF.s
GNU C17 (Ubuntu 9.4.0-1ubuntu1~18.04) version 9.4.0 (x86_64-linux-gnu)
	compiled by GNU C version 9.4.0, GMP version 6.1.2, MPFR version 4.0.1, MPC version 1.1.0, isl version isl-0.19-GMP

GGC heuristics: --param ggc-min-expand=100 --param ggc-min-heapsize=131072
ignoring nonexistent directory "/usr/local/include/x86_64-linux-gnu"
ignoring nonexistent directory "/usr/lib/gcc/x86_64-linux-gnu/9/include-fixed"
ignoring nonexistent directory "/usr/lib/gcc/x86_64-linux-gnu/9/../../../../x86_64-linux-gnu/include"
#include "..." search starts here:
#include <...> search starts here:
 /usr/lib/gcc/x86_64-linux-gnu/9/include
 /usr/local/include
 /usr/include/x86_64-linux-gnu
 /usr/include
End of search list.
GNU C17 (Ubuntu 9.4.0-1ubuntu1~18.04) version 9.4.0 (x86_64-linux-gnu)
	compiled by GNU C version 9.4.0, GMP version 6.1.2, MPFR version 4.0.1, MPC version 1.1.0, isl version isl-0.19-GMP

GGC heuristics: --param ggc-min-expand=100 --param ggc-min-heapsize=131072
Compiler executable checksum: 2d9575fa907299cba529616286f8f3bc
COLLECT_GCC_OPTIONS='-v' '-o' 'CMakeFiles/cmTC_462e9.dir/CMakeCCompilerABI.c.o' '-c' '-mtune=generic' '-march=x86-64'
 as -v --64 -o CMakeFiles/cmTC_462e9.dir/CMakeCCompilerABI.c.o /tmp/cciuI7xF.s
GNU assembler version 2.30 (x86_64-linux-gnu) using BFD version (GNU Binutils for Ubuntu) 2.30
COMPILER_PATH=/usr/lib/gcc/x86_64-linux-gnu/9/:/usr/lib/gcc/x86_64-linux-gnu/9/:/usr/lib/gcc/x86_64-linux-gnu/:/usr/lib/gcc/x86_64-linux-gnu/9/:/usr/lib/gcc/x86_64-linux-gnu/
LIBRARY_PATH=/usr/lib/gcc/x86_64-linux-gnu/9/:/usr/lib/gcc/x86_64-linux-gnu/9/../../../x86_64-linux-gnu/:/usr/lib/gcc/x86_64-linux-gnu/9/../../../../lib/:/lib/x86_64-linux-gnu/:/lib/../lib/:/usr/lib/x86_64-linux-gnu/:/usr/lib/../lib/:/usr/lib/gcc/x86_64-linux-gnu/9/../../../:/lib/:/usr/lib/
COLLECT_GCC_OPTIONS='-v' '-o' 'CMakeFiles/cmTC_462e9.dir/CMakeCCompilerABI.c.o' '-c' '-mtune=generic' '-march=x86-64'
Linking C executable cmTC_462e9
/usr/bin/cmake -E cmake_link_script CMakeFiles/cmTC_462e9.dir/link.txt --verbose=1
/usr/bin/cc  -v -rdynamic CMakeFiles/cmTC_462e9.dir/CMakeCCompilerABI.c.o -o cmTC_462e9 
Using built-in specs.
COLLECT_GCC=/usr/bin/cc
COLLECT_LTO_WRAPPER=/usr/lib/gcc/x86_64-linux-gnu/9/lto-wrapper
OFFLOAD_TARGET_NAMES=nvptx-none:hsa
OFFLOAD_TARGET_DEFAULT=1
Target: x86_64-linux-gnu
Configured with: ../src/configure -v --with-pkgversion='Ubuntu 9.4.0-1ubuntu1~18.04' --with-bugurl=file:///usr/share/doc/gcc-9/README.Bugs --enable-languages=c,ada,c++,go,brig,d,fortran,objc,obj-c++,gm2 --prefix=/usr --with-gcc-major-version-only --program-suffix=-9 --program-prefix=x86_64-linux-gnu- --enable-shared --enable-linker-build-id --libexecdir=/usr/lib --without-included-gettext --enable-threads=posix --libdir=/usr/lib --enable-nls --enable-clocale=gnu --enable-libstdcxx-debug --enable-libstdcxx-time=yes --with-default-libstdcxx-abi=new --enable-gnu-unique-object --disable-vtable-verify --enable-plugin --enable-default-pie --with-system-zlib --with-target-system-zlib=auto --enable-objc-gc=auto --enable-multiarch --disable-werror --with-arch-32=i686 --with-abi=m64 --with-multilib-list=m32,m64,mx32 --enable-multilib --with-tune=generic --enable-offload-targets=nvptx-none=/build/gcc-9-nrQql7/gcc-9-9.4.0/debian/tmp-nvptx/usr,hsa --without-cuda-driver --enable-checking=release --build=x86_64-linux-gnu --host=x86_64-linux-gnu --target=x86_64-linux-gnu
Thread model: posix
gcc version 9.4.0 (Ubuntu 9.4.0-1ubuntu1~18.04) 
COMPILER_PATH=/usr/lib/gcc/x86_64-linux-gnu/9/:/usr/lib/gcc/x86_64-linux-gnu/9/:/usr/lib/gcc/x86_64-linux-gnu/:/usr/lib/gcc/x86_64-linux-gnu/9/:/usr/lib/gcc/x86_64-linux-gnu/
LIBRARY_PATH=/usr/lib/gcc/x86_64-linux-gnu/9/:/usr/lib/gcc/x86_64-linux-gnu/9/../../../x86_64-linux-gnu/:/usr/lib/gcc/x86_64-linux-gnu/9/../../../../lib/:/lib/x86_64-linux-gnu/:/lib/../lib/:/usr/lib/x86_64-linux-gnu/:/usr/lib/../lib/:/usr/lib/gcc/x86_64-linux-gnu/9/../../../:/lib/:/usr/lib/
COLLECT_GCC_OPTIONS='-v' '-rdynamic' '-o' 'cmTC_462e9' '-mtune=generic' '-march=x86-64'
 /usr/lib/gcc/x86_64-linux-gnu/9/collect2 -plugin /usr/lib/gcc/x86_64-linux-gnu/9/liblto_plugin.so -plugin-opt=/usr/lib/gcc/x86_64-linux-gnu/9/lto-wrapper -plugin-opt=-fresolution=/tmp/ccSQkybJ.res -plugin-opt=-pass-through=-lgcc -plugin-opt=-pass-through=-lgcc_s -plugin-opt=-pass-through=-lc -plugin-opt=-pass-through=-lgcc -plugin-opt=-pass-through=-lgcc_s --build-id --eh-frame-hdr -m elf_x86_64 --hash-style=gnu --as-needed -export-dynamic -dynamic-linker /lib64/ld-linux-x86-64.so.2 -pie -z now -z relro -o cmTC_462e9 /usr/lib/gcc/x86_64-linux-gnu/9/../../../x86_64-linux-gnu/Scrt1.o /usr/lib/gcc/x86_64-linux-gnu/9/../../../x86_64-linux-gnu/crti.o /usr/lib/gcc/x86_64-linux-gnu/9/crtbeginS.o -L/usr/lib/gcc/x86_64-linux-gnu/9 -L/usr/lib/gcc/x86_64-linux-gnu/9/../../../x86_64-linux-gnu -L/usr/lib/gcc/x86_64-linux-gnu/9/../../../../lib -L/lib/x86_64-linux-gnu -L/lib/../lib -L/usr/lib/x86_64-linux-gnu -L/usr/lib/../lib -L/usr/lib/gcc/x86_64-linux-gnu/9/../../.. CMakeFiles/cmTC_462e9.dir/CMakeCCompilerABI.c.o -lgcc --push-state --as-needed -lgcc_s --pop-state -lc -lgcc --push-state --as-needed -lgcc_s --pop-state /usr/lib/gcc/x86_64-linux-gnu/9/crtendS.o /usr/lib/gcc/x86_64-linux-gnu/9/../../../x86_64-linux-gnu/crtn.o
COLLECT_GCC_OPTIONS='-v' '-rdynamic' '-o' 'cmTC_462e9' '-mtune=generic' '-march=x86-64'
make[4]: Leaving directory '/home/pdell/dev/viz3d/Eigen3/src/Eigen3-build/CMakeFiles/CMakeTmp'
make[3]: Leaving directory '/home/pdell/dev/viz3d/Eigen3/src/Eigen3-build/CMakeFiles/CMakeTmp'



Parsed C implicit include dir info from above output: rv=done
  found start of include info
  found start of implicit include info
    add: [/usr/lib/gcc/x86_64-linux-gnu/9/include]
    add: [/usr/local/include]
    add: [/usr/include/x86_64-linux-gnu]
    add: [/usr/include]
  end of search list found
  collapse include dir [/usr/lib/gcc/x86_64-linux-gnu/9/include] ==> [/usr/lib/gcc/x86_64-linux-gnu/9/include]
  collapse include dir [/usr/local/include] ==> [/usr/local/include]
  collapse include dir [/usr/include/x86_64-linux-gnu] ==> [/usr/include/x86_64-linux-gnu]
  collapse include dir [/usr/include] ==> [/usr/include]
  implicit include dirs: [/usr/lib/gcc/x86_64-linux-gnu/9/include;/usr/local/include;/usr/include/x86_64-linux-gnu;/usr/include]


Parsed C implicit link information from above output:
  link line regex: [^( *|.*[/\])(ld|CMAKE_LINK_STARTFILE-NOTFOUND|([^/\]+-)?ld|collect2)[^/\]*( |$)]
  ignore line: [Change Dir: /home/pdell/dev/viz3d/Eigen3/src/Eigen3-build/CMakeFiles/CMakeTmp]
  ignore line: []
  ignore line: [Run Build Command(s):/usr/bin/make -f Makefile cmTC_462e9/fast && make[3]: Entering directory '/home/pdell/dev/viz3d/Eigen3/src/Eigen3-build/CMakeFiles/CMakeTmp']
  ignore line: [/usr/bin/make  -f CMakeFiles/cmTC_462e9.dir/build.make CMakeFiles/cmTC_462e9.dir/build]
  ignore line: [make[4]: Entering directory '/home/pdell/dev/viz3d/Eigen3/src/Eigen3-build/CMakeFiles/CMakeTmp']
  ignore line: [Building C object CMakeFiles/cmTC_462e9.dir/CMakeCCompilerABI.c.o]
  ignore line: [/usr/bin/cc   -v -o CMakeFiles/cmTC_462e9.dir/CMakeCCompilerABI.c.o -c /usr/share/cmake-3.21/Modules/CMakeCCompilerABI.c]
  ignore line: [Using built-in specs.]
  ignore line: [COLLECT_GCC=/usr/bin/cc]
  ignore line: [OFFLOAD_TARGET_NAMES=nvptx-none:hsa]
  ignore line: [OFFLOAD_TARGET_DEFAULT=1]
  ignore line: [Target: x86_64-linux-gnu]
  ignore line: [Configured with: ../src/configure -v --with-pkgversion='Ubuntu 9.4.0-1ubuntu1~18.04' --with-bugurl=file:///usr/share/doc/gcc-9/README.Bugs --enable-languages=c ada c++ go brig d fortran objc obj-c++ gm2 --prefix=/usr --with-gcc-major-version-only --program-suffix=-9 --program-prefix=x86_64-linux-gnu- --enable-shared --enable-linker-build-id --libexecdir=/usr/lib --without-included-gettext --enable-threads=posix --libdir=/usr/lib --enable-nls --enable-clocale=gnu --enable-libstdcxx-debug --enable-libstdcxx-time=yes --with-default-libstdcxx-abi=new --enable-gnu-unique-object --disable-vtable-verify --enable-plugin --enable-default-pie --with-system-zlib --with-target-system-zlib=auto --enable-objc-gc=auto --enable-multiarch --disable-werror --with-arch-32=i686 --with-abi=m64 --with-multilib-list=m32 m64 mx32 --enable-multilib --with-tune=generic --enable-offload-targets=nvptx-none=/build/gcc-9-nrQql7/gcc-9-9.4.0/debian/tmp-nvptx/usr hsa --without-cuda-driver --enable-checking=release --build=x86_64-linux-gnu --host=x86_64-linux-gnu --target=x86_64-linux-gnu]
  ignore line: [Thread model: posix]
  ignore line: [gcc version 9.4.0 (Ubuntu 9.4.0-1ubuntu1~18.04) ]
  ignore line: [COLLECT_GCC_OPTIONS='-v' '-o' 'CMakeFiles/cmTC_462e9.dir/CMakeCCompilerABI.c.o' '-c' '-mtune=generic' '-march=x86-64']
  ignore line: [ /usr/lib/gcc/x86_64-linux-gnu/9/cc1 -quiet -v -imultiarch x86_64-linux-gnu /usr/share/cmake-3.21/Modules/CMakeCCompilerABI.c -quiet -dumpbase CMakeCCompilerABI.c -mtune=generic -march=x86-64 -auxbase-strip CMakeFiles/cmTC_462e9.dir/CMakeCCompilerABI.c.o -version -fasynchronous-unwind-tables -fstack-protector-strong -Wformat -Wformat-security -o /tmp/cciuI7xF.s]
  ignore line: [GNU C17 (Ubuntu 9.4.0-1ubuntu1~18.04) version 9.4.0 (x86_64-linux-gnu)]
  ignore line: [	compiled by GNU C version 9.4.0  GMP version 6.1.2  MPFR version 4.0.1  MPC version 1.1.0  isl version isl-0.19-GMP]
  ignore line: []
  ignore line: [GGC heuristics: --param ggc-min-expand=100 --param ggc-min-heapsize=131072]
  ignore line: [ignoring nonexistent directory "/usr/local/include/x86_64-linux-gnu"]
  ignore line: [ignoring nonexistent directory "/usr/lib/gcc/x86_64-linux-gnu/9/include-fixed"]
  ignore line: [ignoring nonexistent directory "/usr/lib/gcc/x86_64-linux-gnu/9/../../../../x86_64-linux-gnu/include"]
  ignore line: [#include "..." search starts here:]
  ignore line: [#include <...> search starts here:]
  ignore line: [ /usr/lib/gcc/x86_64-linux-gnu/9/include]
  ignore line: [ /usr/local/include]
  ignore line: [ /usr/include/x86_64-linux-gnu]
  ignore line: [ /usr/include]
  ignore line: [End of search list.]
  ignore line: [GNU C17 (Ubuntu 9.4.0-1ubuntu1~18.04) version 9.4.0 (x86_64-linux-gnu)]
  ignore line: [	compiled by GNU C version 9.4.0  GMP version 6.1.2  MPFR version 4.0.1  MPC version 1.1.0  isl version isl-0.19-GMP]
  ignore line: []
  ignore line: [GGC heuristics: --param ggc-min-expand=100 --param ggc-min-heapsize=131072]
  ignore line: [Compiler executable checksum: 2d9575fa907299cba529616286f8f3bc]
  ignore line: [COLLECT_GCC_OPTIONS='-v' '-o' 'CMakeFiles/cmTC_462e9.dir/CMakeCCompilerABI.c.o' '-c' '-mtune=generic' '-march=x86-64']
  ignore line: [ as -v --64 -o CMakeFiles/cmTC_462e9.dir/CMakeCCompilerABI.c.o /tmp/cciuI7xF.s]
  ignore line: [GNU assembler version 2.30 (x86_64-linux-gnu) using BFD version (GNU Binutils for Ubuntu) 2.30]
  ignore line: [COMPILER_PATH=/usr/lib/gcc/x86_64-linux-gnu/9/:/usr/lib/gcc/x86_64-linux-gnu/9/:/usr/lib/gcc/x86_64-linux-gnu/:/usr/lib/gcc/x86_64-linux-gnu/9/:/usr/lib/gcc/x86_64-linux-gnu/]
  ignore line: [LIBRARY_PATH=/usr/lib/gcc/x86_64-linux-gnu/9/:/usr/lib/gcc/x86_64-linux-gnu/9/../../../x86_64-linux-gnu/:/usr/lib/gcc/x86_64-linux-gnu/9/../../../../lib/:/lib/x86_64-linux-gnu/:/lib/../lib/:/usr/lib/x86_64-linux-gnu/:/usr/lib/../lib/:/usr/lib/gcc/x86_64-linux-gnu/9/../../../:/lib/:/usr/lib/]
  ignore line: [COLLECT_GCC_OPTIONS='-v' '-o' 'CMakeFiles/cmTC_462e9.dir/CMakeCCompilerABI.c.o' '-c' '-mtune=generic' '-march=x86-64']
  ignore line: [Linking C executable cmTC_462e9]
  ignore line: [/usr/bin/cmake -E cmake_link_script CMakeFiles/cmTC_462e9.dir/link.txt --verbose=1]
  ignore line: [/usr/bin/cc  -v -rdynamic CMakeFiles/cmTC_462e9.dir/CMakeCCompilerABI.c.o -o cmTC_462e9 ]
  ignore line: [Using built-in specs.]
  ignore line: [COLLECT_GCC=/usr/bin/cc]
  ignore line: [COLLECT_LTO_WRAPPER=/usr/lib/gcc/x86_64-linux-gnu/9/lto-wrapper]
  ignore line: [OFFLOAD_TARGET_NAMES=nvptx-none:hsa]
  ignore line: [OFFLOAD_TARGET_DEFAULT=1]
  ignore line: [Target: x86_64-linux-gnu]
  ignore line: [Configured with: ../src/configure -v --with-pkgversion='Ubuntu 9.4.0-1ubuntu1~18.04' --with-bugurl=file:///usr/share/doc/gcc-9/README.Bugs --enable-languages=c ada c++ go brig d fortran objc obj-c++ gm2 --prefix=/usr --with-gcc-major-version-only --program-suffix=-9 --program-prefix=x86_64-linux-gnu- --enable-shared --enable-linker-build-id --libexecdir=/usr/lib --without-included-gettext --enable-threads=posix --libdir=/usr/lib --enable-nls --enable-clocale=gnu --enable-libstdcxx-debug --enable-libstdcxx-time=yes --with-default-libstdcxx-abi=new --enable-gnu-unique-object --disable-vtable-verify --enable-plugin --enable-default-pie --with-system-zlib --with-target-system-zlib=auto --enable-objc-gc=auto --enable-multiarch --disable-werror --with-arch-32=i686 --with-abi=m64 --with-multilib-list=m32 m64 mx32 --enable-multilib --with-tune=generic --enable-offload-targets=nvptx-none=/build/gcc-9-nrQql7/gcc-9-9.4.0/debian/tmp-nvptx/usr hsa --without-cuda-driver --enable-checking=release --build=x86_64-linux-gnu --host=x86_64-linux-gnu --target=x86_64-linux-gnu]
  ignore line: [Thread model: posix]
  ignore line: [gcc version 9.4.0 (Ubuntu 9.4.0-1ubuntu1~18.04) ]
  ignore line: [COMPILER_PATH=/usr/lib/gcc/x86_64-linux-gnu/9/:/usr/lib/gcc/x86_64-linux-gnu/9/:/usr/lib/gcc/x86_64-linux-gnu/:/usr/lib/gcc/x86_64-linux-gnu/9/:/usr/lib/gcc/x86_64-linux-gnu/]
  ignore line: [LIBRARY_PATH=/usr/lib/gcc/x86_64-linux-gnu/9/:/usr/lib/gcc/x86_64-linux-gnu/9/../../../x86_64-linux-gnu/:/usr/lib/gcc/x86_64-linux-gnu/9/../../../../lib/:/lib/x86_64-linux-gnu/:/lib/../lib/:/usr/lib/x86_64-linux-gnu/:/usr/lib/../lib/:/usr/lib/gcc/x86_64-linux-gnu/9/../../../:/lib/:/usr/lib/]
  ignore line: [COLLECT_GCC_OPTIONS='-v' '-rdynamic' '-o' 'cmTC_462e9' '-mtune=generic' '-march=x86-64']
  link line: [ /usr/lib/gcc/x86_64-linux-gnu/9/collect2 -plugin /usr/lib/gcc/x86_64-linux-gnu/9/liblto_plugin.so -plugin-opt=/usr/lib/gcc/x86_64-linux-gnu/9/lto-wrapper -plugin-opt=-fresolution=/tmp/ccSQkybJ.res -plugin-opt=-pass-through=-lgcc -plugin-opt=-pass-through=-lgcc_s -plugin-opt=-pass-through=-lc -plugin-opt=-pass-through=-lgcc -plugin-opt=-pass-through=-lgcc_s --build-id --eh-frame-hdr -m elf_x86_64 --hash-style=gnu --as-needed -export-dynamic -dynamic-linker /lib64/ld-linux-x86-64.so.2 -pie -z now -z relro -o cmTC_462e9 /usr/lib/gcc/x86_64-linux-gnu/9/../../../x86_64-linux-gnu/Scrt1.o /usr/lib/gcc/x86_64-linux-gnu/9/../../../x86_64-linux-gnu/crti.o /usr/lib/gcc/x86_64-linux-gnu/9/crtbeginS.o -L/usr/lib/gcc/x86_64-linux-gnu/9 -L/usr/lib/gcc/x86_64-linux-gnu/9/../../../x86_64-linux-gnu -L/usr/lib/gcc/x86_64-linux-gnu/9/../../../../lib -L/lib/x86_64-linux-gnu -L/lib/../lib -L/usr/lib/x86_64-linux-gnu -L/usr/lib/../lib -L/usr/lib/gcc/x86_64-linux-gnu/9/../../.. CMakeFiles/cmTC_462e9.dir/CMakeCCompilerABI.c.o -lgcc --push-state --as-needed -lgcc_s --pop-state -lc -lgcc --push-state --as-needed -lgcc_s --pop-state /usr/lib/gcc/x86_64-linux-gnu/9/crtendS.o /usr/lib/gcc/x86_64-linux-gnu/9/../../../x86_64-linux-gnu/crtn.o]
    arg [/usr/lib/gcc/x86_64-linux-gnu/9/collect2] ==> ignore
    arg [-plugin] ==> ignore
    arg [/usr/lib/gcc/x86_64-linux-gnu/9/liblto_plugin.so] ==> ignore
    arg [-plugin-opt=/usr/lib/gcc/x86_64-linux-gnu/9/lto-wrapper] ==> ignore
    arg [-plugin-opt=-fresolution=/tmp/ccSQkybJ.res] ==> ignore
    arg [-plugin-opt=-pass-through=-lgcc] ==> ignore
    arg [-plugin-opt=-pass-through=-lgcc_s] ==> ignore
    arg [-plugin-opt=-pass-through=-lc] ==> ignore
    arg [-plugin-opt=-pass-through=-lgcc] ==> ignore
    arg [-plugin-opt=-pass-through=-lgcc_s] ==> ignore
    arg [--build-id] ==> ignore
    arg [--eh-frame-hdr] ==> ignore
    arg [-m] ==> ignore
    arg [elf_x86_64] ==> ignore
    arg [--hash-style=gnu] ==> ignore
    arg [--as-needed] ==> ignore
    arg [-export-dynamic] ==> ignore
    arg [-dynamic-linker] ==> ignore
    arg [/lib64/ld-linux-x86-64.so.2] ==> ignore
    arg [-pie] ==> ignore
    arg [-znow] ==> ignore
    arg [-zrelro] ==> ignore
    arg [-o] ==> ignore
    arg [cmTC_462e9] ==> ignore
    arg [/usr/lib/gcc/x86_64-linux-gnu/9/../../../x86_64-linux-gnu/Scrt1.o] ==> obj [/usr/lib/gcc/x86_64-linux-gnu/9/../../../x86_64-linux-gnu/Scrt1.o]
    arg [/usr/lib/gcc/x86_64-linux-gnu/9/../../../x86_64-linux-gnu/crti.o] ==> obj [/usr/lib/gcc/x86_64-linux-gnu/9/../../../x86_64-linux-gnu/crti.o]
    arg [/usr/lib/gcc/x86_64-linux-gnu/9/crtbeginS.o] ==> obj [/usr/lib/gcc/x86_64-linux-gnu/9/crtbeginS.o]
    arg [-L/usr/lib/gcc/x86_64-linux-gnu/9] ==> dir [/usr/lib/gcc/x86_64-linux-gnu/9]
    arg [-L/usr/lib/gcc/x86_64-linux-gnu/9/../../../x86_64-linux-gnu] ==> dir [/usr/lib/gcc/x86_64-linux-gnu/9/../../../x86_64-linux-gnu]
    arg [-L/usr/lib/gcc/x86_64-linux-gnu/9/../../../../lib] ==> dir [/usr/lib/gcc/x86_64-linux-gnu/9/../../../../lib]
    arg [-L/lib/x86_64-linux-gnu] ==> dir [/lib/x86_64-linux-gnu]
    arg [-L/lib/../lib] ==> dir [/lib/../lib]
    arg [-L/usr/lib/x86_64-linux-gnu] ==> dir [/usr/lib/x86_64-linux-gnu]
    arg [-L/usr/lib/../lib] ==> dir [/usr/lib/../lib]
    arg [-L/usr/lib/gcc/x86_64-linux-gnu/9/../../..] ==> dir [/usr/lib/gcc/x86_64-linux-gnu/9/../../..]
    arg [CMakeFiles/cmTC_462e9.dir/CMakeCCompilerABI.c.o] ==> ignore
    arg [-lgcc] ==> lib [gcc]
    arg [--push-state] ==> ignore
    arg [--as-needed] ==> ignore
    arg [-lgcc_s] ==> lib [gcc_s]
    arg [--pop-state] ==> ignore
    arg [-lc] ==> lib [c]
    arg [-lgcc] ==> lib [gcc]
    arg [--push-state] ==> ignore
    arg [--as-needed] ==> ignore
    arg [-lgcc_s] ==> lib [gcc_s]
    arg [--pop-state] ==> ignore
    arg [/usr/lib/gcc/x86_64-linux-gnu/9/crtendS.o] ==> obj [/usr/lib/gcc/x86_64-linux-gnu/9/crtendS.o]
    arg [/usr/lib/gcc/x86_64-linux-gnu/9/../../../x86_64-linux-gnu/crtn.o] ==> obj [/usr/lib/gcc/x86_64-linux-gnu/9/../../../x86_64-linux-gnu/crtn.o]
  collapse obj [/usr/lib/gcc/x86_64-linux-gnu/9/../../../x86_64-linux-gnu/Scrt1.o] ==> [/usr/lib/x86_64-linux-gnu/Scrt1.o]
  collapse obj [/usr/lib/gcc/x86_64-linux-gnu/9/../../../x86_64-linux-gnu/crti.o] ==> [/usr/lib/x86_64-linux-gnu/crti.o]
  collapse obj [/usr/lib/gcc/x86_64-linux-gnu/9/../../../x86_64-linux-gnu/crtn.o] ==> [/usr/lib/x86_64-linux-gnu/crtn.o]
  collapse library dir [/usr/lib/gcc/x86_64-linux-gnu/9] ==> [/usr/lib/gcc/x86_64-linux-gnu/9]
  collapse library dir [/usr/lib/gcc/x86_64-linux-gnu/9/../../../x86_64-linux-gnu] ==> [/usr/lib/x86_64-linux-gnu]
  collapse library dir [/usr/lib/gcc/x86_64-linux-gnu/9/../../../../lib] ==> [/usr/lib]
  collapse library dir [/lib/x86_64-linux-gnu] ==> [/lib/x86_64-linux-gnu]
  collapse library dir [/lib/../lib] ==> [/lib]
  collapse library dir [/usr/lib/x86_64-linux-gnu] ==> [/usr/lib/x86_64-linux-gnu]
  collapse library dir [/usr/lib/../lib] ==> [/usr/lib]
  collapse library dir [/usr/lib/gcc/x86_64-linux-gnu/9/../../..] ==> [/usr/lib]
  implicit libs: [gcc;gcc_s;c;gcc;gcc_s]
  implicit objs: [/usr/lib/x86_64-linux-gnu/Scrt1.o;/usr/lib/x86_64-linux-gnu/crti.o;/usr/lib/gcc/x86_64-linux-gnu/9/crtbeginS.o;/usr/lib/gcc/x86_64-linux-gnu/9/crtendS.o;/usr/lib/x86_64-linux-gnu/crtn.o]
  implicit dirs: [/usr/lib/gcc/x86_64-linux-gnu/9;/usr/lib/x86_64-linux-gnu;/usr/lib;/lib/x86_64-linux-gnu;/lib]
  implicit fwks: []


Detecting CXX compiler ABI info compiled with the following output:
Change Dir: /home/pdell/dev/viz3d/Eigen3/src/Eigen3-build/CMakeFiles/CMakeTmp

Run Build Command(s):/usr/bin/make -f Makefile cmTC_f5f11/fast && make[3]: Entering directory '/home/pdell/dev/viz3d/Eigen3/src/Eigen3-build/CMakeFiles/CMakeTmp'
/usr/bin/make  -f CMakeFiles/cmTC_f5f11.dir/build.make CMakeFiles/cmTC_f5f11.dir/build
make[4]: Entering directory '/home/pdell/dev/viz3d/Eigen3/src/Eigen3-build/CMakeFiles/CMakeTmp'
Building CXX object CMakeFiles/cmTC_f5f11.dir/CMakeCXXCompilerABI.cpp.o
/usr/bin/c++   -v -o CMakeFiles/cmTC_f5f11.dir/CMakeCXXCompilerABI.cpp.o -c /usr/share/cmake-3.21/Modules/CMakeCXXCompilerABI.cpp
Using built-in specs.
COLLECT_GCC=/usr/bin/c++
OFFLOAD_TARGET_NAMES=nvptx-none:hsa
OFFLOAD_TARGET_DEFAULT=1
Target: x86_64-linux-gnu
Configured with: ../src/configure -v --with-pkgversion='Ubuntu 9.4.0-1ubuntu1~18.04' --with-bugurl=file:///usr/share/doc/gcc-9/README.Bugs --enable-languages=c,ada,c++,go,brig,d,fortran,objc,obj-c++,gm2 --prefix=/usr --with-gcc-major-version-only --program-suffix=-9 --program-prefix=x86_64-linux-gnu- --enable-shared --enable-linker-build-id --libexecdir=/usr/lib --without-included-gettext --enable-threads=posix --libdir=/usr/lib --enable-nls --enable-clocale=gnu --enable-libstdcxx-debug --enable-libstdcxx-time=yes --with-default-libstdcxx-abi=new --enable-gnu-unique-object --disable-vtable-verify --enable-plugin --enable-default-pie --with-system-zlib --with-target-system-zlib=auto --enable-objc-gc=auto --enable-multiarch --disable-werror --with-arch-32=i686 --with-abi=m64 --with-multilib-list=m32,m64,mx32 --enable-multilib --with-tune=generic --enable-offload-targets=nvptx-none=/build/gcc-9-nrQql7/gcc-9-9.4.0/debian/tmp-nvptx/usr,hsa --without-cuda-driver --enable-checking=release --build=x86_64-linux-gnu --host=x86_64-linux-gnu --target=x86_64-linux-gnu
Thread model: posix
gcc version 9.4.0 (Ubuntu 9.4.0-1ubuntu1~18.04) 
COLLECT_GCC_OPTIONS='-v' '-o' 'CMakeFiles/cmTC_f5f11.dir/CMakeCXXCompilerABI.cpp.o' '-c' '-shared-libgcc' '-mtune=generic' '-march=x86-64'
 /usr/lib/gcc/x86_64-linux-gnu/9/cc1plus -quiet -v -imultiarch x86_64-linux-gnu -D_GNU_SOURCE /usr/share/cmake-3.21/Modules/CMakeCXXCompilerABI.cpp -quiet -dumpbase CMakeCXXCompilerABI.cpp -mtune=generic -march=x86-64 -auxbase-strip CMakeFiles/cmTC_f5f11.dir/CMakeCXXCompilerABI.cpp.o -version -fasynchronous-unwind-tables -fstack-protector-strong -Wformat -Wformat-security -o /tmp/ccRvihDL.s
GNU C++14 (Ubuntu 9.4.0-1ubuntu1~18.04) version 9.4.0 (x86_64-linux-gnu)
	compiled by GNU C version 9.4.0, GMP version 6.1.2, MPFR version 4.0.1, MPC version 1.1.0, isl version isl-0.19-GMP

GGC heuristics: --param ggc-min-expand=100 --param ggc-min-heapsize=131072
ignoring duplicate directory "/usr/include/x86_64-linux-gnu/c++/9"
ignoring nonexistent directory "/usr/local/include/x86_64-linux-gnu"
ignoring nonexistent directory "/usr/lib/gcc/x86_64-linux-gnu/9/include-fixed"
ignoring nonexistent directory "/usr/lib/gcc/x86_64-linux-gnu/9/../../../../x86_64-linux-gnu/include"
#include "..." search starts here:
#include <...> search starts here:
 /usr/include/c++/9
 /usr/include/x86_64-linux-gnu/c++/9
 /usr/include/c++/9/backward
 /usr/lib/gcc/x86_64-linux-gnu/9/include
 /usr/local/include
 /usr/include/x86_64-linux-gnu
 /usr/include
End of search list.
GNU C++14 (Ubuntu 9.4.0-1ubuntu1~18.04) version 9.4.0 (x86_64-linux-gnu)
	compiled by GNU C version 9.4.0, GMP version 6.1.2, MPFR version 4.0.1, MPC version 1.1.0, isl version isl-0.19-GMP

GGC heuristics: --param ggc-min-expand=100 --param ggc-min-heapsize=131072
Compiler executable checksum: 306847ad22fd9e2a7a49ad7f5781968e
COLLECT_GCC_OPTIONS='-v' '-o' 'CMakeFiles/cmTC_f5f11.dir/CMakeCXXCompilerABI.cpp.o' '-c' '-shared-libgcc' '-mtune=generic' '-march=x86-64'
 as -v --64 -o CMakeFiles/cmTC_f5f11.dir/CMakeCXXCompilerABI.cpp.o /tmp/ccRvihDL.s
GNU assembler version 2.30 (x86_64-linux-gnu) using BFD version (GNU Binutils for Ubuntu) 2.30
COMPILER_PATH=/usr/lib/gcc/x86_64-linux-gnu/9/:/usr/lib/gcc/x86_64-linux-gnu/9/:/usr/lib/gcc/x86_64-linux-gnu/:/usr/lib/gcc/x86_64-linux-gnu/9/:/usr/lib/gcc/x86_64-linux-gnu/
LIBRARY_PATH=/usr/lib/gcc/x86_64-linux-gnu/9/:/usr/lib/gcc/x86_64-linux-gnu/9/../../../x86_64-linux-gnu/:/usr/lib/gcc/x86_64-linux-gnu/9/../../../../lib/:/lib/x86_64-linux-gnu/:/lib/../lib/:/usr/lib/x86_64-linux-gnu/:/usr/lib/../lib/:/usr/lib/gcc/x86_64-linux-gnu/9/../../../:/lib/:/usr/lib/
COLLECT_GCC_OPTIONS='-v' '-o' 'CMakeFiles/cmTC_f5f11.dir/CMakeCXXCompilerABI.cpp.o' '-c' '-shared-libgcc' '-mtune=generic' '-march=x86-64'
Linking CXX executable cmTC_f5f11
/usr/bin/cmake -E cmake_link_script CMakeFiles/cmTC_f5f11.dir/link.txt --verbose=1
/usr/bin/c++  -v -rdynamic CMakeFiles/cmTC_f5f11.dir/CMakeCXXCompilerABI.cpp.o -o cmTC_f5f11 
Using built-in specs.
COLLECT_GCC=/usr/bin/c++
COLLECT_LTO_WRAPPER=/usr/lib/gcc/x86_64-linux-gnu/9/lto-wrapper
OFFLOAD_TARGET_NAMES=nvptx-none:hsa
OFFLOAD_TARGET_DEFAULT=1
Target: x86_64-linux-gnu
Configured with: ../src/configure -v --with-pkgversion='Ubuntu 9.4.0-1ubuntu1~18.04' --with-bugurl=file:///usr/share/doc/gcc-9/README.Bugs --enable-languages=c,ada,c++,go,brig,d,fortran,objc,obj-c++,gm2 --prefix=/usr --with-gcc-major-version-only --program-suffix=-9 --program-prefix=x86_64-linux-gnu- --enable-shared --enable-linker-build-id --libexecdir=/usr/lib --without-included-gettext --enable-threads=posix --libdir=/usr/lib --enable-nls --enable-clocale=gnu --enable-libstdcxx-debug --enable-libstdcxx-time=yes --with-default-libstdcxx-abi=new --enable-gnu-unique-object --disable-vtable-verify --enable-plugin --enable-default-pie --with-system-zlib --with-target-system-zlib=auto --enable-objc-gc=auto --enable-multiarch --disable-werror --with-arch-32=i686 --with-abi=m64 --with-multilib-list=m32,m64,mx32 --enable-multilib --with-tune=generic --enable-offload-targets=nvptx-none=/build/gcc-9-nrQql7/gcc-9-9.4.0/debian/tmp-nvptx/usr,hsa --without-cuda-driver --enable-checking=release --build=x86_64-linux-gnu --host=x86_64-linux-gnu --target=x86_64-linux-gnu
Thread model: posix
gcc version 9.4.0 (Ubuntu 9.4.0-1ubuntu1~18.04) 
COMPILER_PATH=/usr/lib/gcc/x86_64-linux-gnu/9/:/usr/lib/gcc/x86_64-linux-gnu/9/:/usr/lib/gcc/x86_64-linux-gnu/:/usr/lib/gcc/x86_64-linux-gnu/9/:/usr/lib/gcc/x86_64-linux-gnu/
LIBRARY_PATH=/usr/lib/gcc/x86_64-linux-gnu/9/:/usr/lib/gcc/x86_64-linux-gnu/9/../../../x86_64-linux-gnu/:/usr/lib/gcc/x86_64-linux-gnu/9/../../../../lib/:/lib/x86_64-linux-gnu/:/lib/../lib/:/usr/lib/x86_64-linux-gnu/:/usr/lib/../lib/:/usr/lib/gcc/x86_64-linux-gnu/9/../../../:/lib/:/usr/lib/
COLLECT_GCC_OPTIONS='-v' '-rdynamic' '-o' 'cmTC_f5f11' '-shared-libgcc' '-mtune=generic' '-march=x86-64'
 /usr/lib/gcc/x86_64-linux-gnu/9/collect2 -plugin /usr/lib/gcc/x86_64-linux-gnu/9/liblto_plugin.so -plugin-opt=/usr/lib/gcc/x86_64-linux-gnu/9/lto-wrapper -plugin-opt=-fresolution=/tmp/ccFDigwK.res -plugin-opt=-pass-through=-lgcc_s -plugin-opt=-pass-through=-lgcc -plugin-opt=-pass-through=-lc -plugin-opt=-pass-through=-lgcc_s -plugin-opt=-pass-through=-lgcc --build-id --eh-frame-hdr -m elf_x86_64 --hash-style=gnu --as-needed -export-dynamic -dynamic-linker /lib64/ld-linux-x86-64.so.2 -pie -z now -z relro -o cmTC_f5f11 /usr/lib/gcc/x86_64-linux-gnu/9/../../../x86_64-linux-gnu/Scrt1.o /usr/lib/gcc/x86_64-linux-gnu/9/../../../x86_64-linux-gnu/crti.o /usr/lib/gcc/x86_64-linux-gnu/9/crtbeginS.o -L/usr/lib/gcc/x86_64-linux-gnu/9 -L/usr/lib/gcc/x86_64-linux-gnu/9/../../../x86_64-linux-gnu -L/usr/lib/gcc/x86_64-linux-gnu/9/../../../../lib -L/lib/x86_64-linux-gnu -L/lib/../lib -L/usr/lib/x86_64-linux-gnu -L/usr/lib/../lib -L/usr/lib/gcc/x86_64-linux-gnu/9/../../.. CMakeFiles/cmTC_f5f11.dir/CMakeCXXCompilerABI.cpp.o -lstdc++ -lm -lgcc_s -lgcc -lc -lgcc_s -lgcc /usr/lib/gcc/x86_64-linux-gnu/9/crtendS.o /usr/lib/gcc/x86_64-linux-gnu/9/../../../x86_64-linux-gnu/crtn.o
COLLECT_GCC_OPTIONS='-v' '-rdynamic' '-o' 'cmTC_f5f11' '-shared-libgcc' '-mtune=generic' '-march=x86-64'
make[4]: Leaving directory '/home/pdell/dev/viz3d/Eigen3/src/Eigen3-build/CMakeFiles/CMakeTmp'
make[3]: Leaving directory '/home/pdell/dev/viz3d/Eigen3/src/Eigen3-build/CMakeFiles/CMakeTmp'



Parsed CXX implicit include dir info from above output: rv=done
  found start of include info
  found start of implicit include info
    add: [/usr/include/c++/9]
    add: [/usr/include/x86_64-linux-gnu/c++/9]
    add: [/usr/include/c++/9/backward]
    add: [/usr/lib/gcc/x86_64-linux-gnu/9/include]
    add: [/usr/local/include]
    add: [/usr/include/x86_64-linux-gnu]
    add: [/usr/include]
  end of search list found
  collapse include dir [/usr/include/c++/9] ==> [/usr/include/c++/9]
  collapse include dir [/usr/include/x86_64-linux-gnu/c++/9] ==> [/usr/include/x86_64-linux-gnu/c++/9]
  collapse include dir [/usr/include/c++/9/backward] ==> [/usr/include/c++/9/backward]
  collapse include dir [/usr/lib/gcc/x86_64-linux-gnu/9/include] ==> [/usr/lib/gcc/x86_64-linux-gnu/9/include]
  collapse include dir [/usr/local/include] ==> [/usr/local/include]
  collapse include dir [/usr/include/x86_64-linux-gnu] ==> [/usr/include/x86_64-linux-gnu]
  collapse include dir [/usr/include] ==> [/usr/include]
  implicit include dirs: [/usr/include/c++/9;/usr/include/x86_64-linux-gnu/c++/9;/usr/include/c++/9/backward;/usr/lib/gcc/x86_64-linux-gnu/9/include;/usr/local/include;/usr/include/x86_64-linux-gnu;/usr/include]


Parsed CXX implicit link information from above output:
  link line regex: [^( *|.*[/\])(ld|CMAKE_LINK_STARTFILE-NOTFOUND|([^/\]+-)?ld|collect2)[^/\]*( |$)]
  ignore line: [Change Dir: /home/pdell/dev/viz3d/Eigen3/src/Eigen3-build/CMakeFiles/CMakeTmp]
  ignore line: []
  ignore line: [Run Build Command(s):/usr/bin/make -f Makefile cmTC_f5f11/fast && make[3]: Entering directory '/home/pdell/dev/viz3d/Eigen3/src/Eigen3-build/CMakeFiles/CMakeTmp']
  ignore line: [/usr/bin/make  -f CMakeFiles/cmTC_f5f11.dir/build.make CMakeFiles/cmTC_f5f11.dir/build]
  ignore line: [make[4]: Entering directory '/home/pdell/dev/viz3d/Eigen3/src/Eigen3-build/CMakeFiles/CMakeTmp']
  ignore line: [Building CXX object CMakeFiles/cmTC_f5f11.dir/CMakeCXXCompilerABI.cpp.o]
  ignore line: [/usr/bin/c++   -v -o CMakeFiles/cmTC_f5f11.dir/CMakeCXXCompilerABI.cpp.o -c /usr/share/cmake-3.21/Modules/CMakeCXXCompilerABI.cpp]
  ignore line: [Using built-in specs.]
  ignore line: [COLLECT_GCC=/usr/bin/c++]
  ignore line: [OFFLOAD_TARGET_NAMES=nvptx-none:hsa]
  ignore line: [OFFLOAD_TARGET_DEFAULT=1]
  ignore line: [Target: x86_64-linux-gnu]
  ignore line: [Configured with: ../src/configure -v --with-pkgversion='Ubuntu 9.4.0-1ubuntu1~18.04' --with-bugurl=file:///usr/share/doc/gcc-9/README.Bugs --enable-languages=c ada c++ go brig d fortran objc obj-c++ gm2 --prefix=/usr --with-gcc-major-version-only --program-suffix=-9 --program-prefix=x86_64-linux-gnu- --enable-shared --enable-linker-build-id --libexecdir=/usr/lib --without-included-gettext --enable-threads=posix --libdir=/usr/lib --enable-nls --enable-clocale=gnu --enable-libstdcxx-debug --enable-libstdcxx-time=yes --with-default-libstdcxx-abi=new --enable-gnu-unique-object --disable-vtable-verify --enable-plugin --enable-default-pie --with-system-zlib --with-target-system-zlib=auto --enable-objc-gc=auto --enable-multiarch --disable-werror --with-arch-32=i686 --with-abi=m64 --with-multilib-list=m32 m64 mx32 --enable-multilib --with-tune=generic --enable-offload-targets=nvptx-none=/build/gcc-9-nrQql7/gcc-9-9.4.0/debian/tmp-nvptx/usr hsa --without-cuda-driver --enable-checking=release --build=x86_64-linux-gnu --host=x86_64-linux-gnu --target=x86_64-linux-gnu]
  ignore line: [Thread model: posix]
  ignore line: [gcc version 9.4.0 (Ubuntu 9.4.0-1ubuntu1~18.04) ]
  ignore line: [COLLECT_GCC_OPTIONS='-v' '-o' 'CMakeFiles/cmTC_f5f11.dir/CMakeCXXCompilerABI.cpp.o' '-c' '-shared-libgcc' '-mtune=generic' '-march=x86-64']
  ignore line: [ /usr/lib/gcc/x86_64-linux-gnu/9/cc1plus -quiet -v -imultiarch x86_64-linux-gnu -D_GNU_SOURCE /usr/share/cmake-3.21/Modules/CMakeCXXCompilerABI.cpp -quiet -dumpbase CMakeCXXCompilerABI.cpp -mtune=generic -march=x86-64 -auxbase-strip CMakeFiles/cmTC_f5f11.dir/CMakeCXXCompilerABI.cpp.o -version -fasynchronous-unwind-tables -fstack-protector-strong -Wformat -Wformat-security -o /tmp/ccRvihDL.s]
  ignore line: [GNU C++14 (Ubuntu 9.4.0-1ubuntu1~18.04) version 9.4.0 (x86_64-linux-gnu)]
  ignore line: [	compiled by GNU C version 9.4.0  GMP version 6.1.2  MPFR version 4.0.1  MPC version 1.1.0  isl version isl-0.19-GMP]
  ignore line: []
  ignore line: [GGC heuristics: --param ggc-min-expand=100 --param ggc-min-heapsize=131072]
  ignore line: [ignoring duplicate directory "/usr/include/x86_64-linux-gnu/c++/9"]
  ignore line: [ignoring nonexistent directory "/usr/local/include/x86_64-linux-gnu"]
  ignore line: [ignoring nonexistent directory "/usr/lib/gcc/x86_64-linux-gnu/9/include-fixed"]
  ignore line: [ignoring nonexistent directory "/usr/lib/gcc/x86_64-linux-gnu/9/../../../../x86_64-linux-gnu/include"]
  ignore line: [#include "..." search starts here:]
  ignore line: [#include <...> search starts here:]
  ignore line: [ /usr/include/c++/9]
  ignore line: [ /usr/include/x86_64-linux-gnu/c++/9]
  ignore line: [ /usr/include/c++/9/backward]
  ignore line: [ /usr/lib/gcc/x86_64-linux-gnu/9/include]
  ignore line: [ /usr/local/include]
  ignore line: [ /usr/include/x86_64-linux-gnu]
  ignore line: [ /usr/include]
  ignore line: [End of search list.]
  ignore line: [GNU C++14 (Ubuntu 9.4.0-1ubuntu1~18.04) version 9.4.0 (x86_64-linux-gnu)]
  ignore line: [	compiled by GNU C version 9.4.0  GMP version 6.1.2  MPFR version 4.0.1  MPC version 1.1.0  isl version isl-0.19-GMP]
  ignore line: []
  ignore line: [GGC heuristics: --param ggc-min-expand=100 --param ggc-min-heapsize=131072]
  ignore line: [Compiler executable checksum: 306847ad22fd9e2a7a49ad7f5781968e]
  ignore line: [COLLECT_GCC_OPTIONS='-v' '-o' 'CMakeFiles/cmTC_f5f11.dir/CMakeCXXCompilerABI.cpp.o' '-c' '-shared-libgcc' '-mtune=generic' '-march=x86-64']
  ignore line: [ as -v --64 -o CMakeFiles/cmTC_f5f11.dir/CMakeCXXCompilerABI.cpp.o /tmp/ccRvihDL.s]
  ignore line: [GNU assembler version 2.30 (x86_64-linux-gnu) using BFD version (GNU Binutils for Ubuntu) 2.30]
  ignore line: [COMPILER_PATH=/usr/lib/gcc/x86_64-linux-gnu/9/:/usr/lib/gcc/x86_64-linux-gnu/9/:/usr/lib/gcc/x86_64-linux-gnu/:/usr/lib/gcc/x86_64-linux-gnu/9/:/usr/lib/gcc/x86_64-linux-gnu/]
  ignore line: [LIBRARY_PATH=/usr/lib/gcc/x86_64-linux-gnu/9/:/usr/lib/gcc/x86_64-linux-gnu/9/../../../x86_64-linux-gnu/:/usr/lib/gcc/x86_64-linux-gnu/9/../../../../lib/:/lib/x86_64-linux-gnu/:/lib/../lib/:/usr/lib/x86_64-linux-gnu/:/usr/lib/../lib/:/usr/lib/gcc/x86_64-linux-gnu/9/../../../:/lib/:/usr/lib/]
  ignore line: [COLLECT_GCC_OPTIONS='-v' '-o' 'CMakeFiles/cmTC_f5f11.dir/CMakeCXXCompilerABI.cpp.o' '-c' '-shared-libgcc' '-mtune=generic' '-march=x86-64']
  ignore line: [Linking CXX executable cmTC_f5f11]
  ignore line: [/usr/bin/cmake -E cmake_link_script CMakeFiles/cmTC_f5f11.dir/link.txt --verbose=1]
  ignore line: [/usr/bin/c++  -v -rdynamic CMakeFiles/cmTC_f5f11.dir/CMakeCXXCompilerABI.cpp.o -o cmTC_f5f11 ]
  ignore line: [Using built-in specs.]
  ignore line: [COLLECT_GCC=/usr/bin/c++]
  ignore line: [COLLECT_LTO_WRAPPER=/usr/lib/gcc/x86_64-linux-gnu/9/lto-wrapper]
  ignore line: [OFFLOAD_TARGET_NAMES=nvptx-none:hsa]
  ignore line: [OFFLOAD_TARGET_DEFAULT=1]
  ignore line: [Target: x86_64-linux-gnu]
  ignore line: [Configured with: ../src/configure -v --with-pkgversion='Ubuntu 9.4.0-1ubuntu1~18.04' --with-bugurl=file:///usr/share/doc/gcc-9/README.Bugs --enable-languages=c ada c++ go brig d fortran objc obj-c++ gm2 --prefix=/usr --with-gcc-major-version-only --program-suffix=-9 --program-prefix=x86_64-linux-gnu- --enable-shared --enable-linker-build-id --libexecdir=/usr/lib --without-included-gettext --enable-threads=posix --libdir=/usr/lib --enable-nls --enable-clocale=gnu --enable-libstdcxx-debug --enable-libstdcxx-time=yes --with-default-libstdcxx-abi=new --enable-gnu-unique-object --disable-vtable-verify --enable-plugin --enable-default-pie --with-system-zlib --with-target-system-zlib=auto --enable-objc-gc=auto --enable-multiarch --disable-werror --with-arch-32=i686 --with-abi=m64 --with-multilib-list=m32 m64 mx32 --enable-multilib --with-tune=generic --enable-offload-targets=nvptx-none=/build/gcc-9-nrQql7/gcc-9-9.4.0/debian/tmp-nvptx/usr hsa --without-cuda-driver --enable-checking=release --build=x86_64-linux-gnu --host=x86_64-linux-gnu --target=x86_64-linux-gnu]
  ignore line: [Thread model: posix]
  ignore line: [gcc version 9.4.0 (Ubuntu 9.4.0-1ubuntu1~18.04) ]
  ignore line: [COMPILER_PATH=/usr/lib/gcc/x86_64-linux-gnu/9/:/usr/lib/gcc/x86_64-linux-gnu/9/:/usr/lib/gcc/x86_64-linux-gnu/:/usr/lib/gcc/x86_64-linux-gnu/9/:/usr/lib/gcc/x86_64-linux-gnu/]
  ignore line: [LIBRARY_PATH=/usr/lib/gcc/x86_64-linux-gnu/9/:/usr/lib/gcc/x86_64-linux-gnu/9/../../../x86_64-linux-gnu/:/usr/lib/gcc/x86_64-linux-gnu/9/../../../../lib/:/lib/x86_64-linux-gnu/:/lib/../lib/:/usr/lib/x86_64-linux-gnu/:/usr/lib/../lib/:/usr/lib/gcc/x86_64-linux-gnu/9/../../../:/lib/:/usr/lib/]
  ignore line: [COLLECT_GCC_OPTIONS='-v' '-rdynamic' '-o' 'cmTC_f5f11' '-shared-libgcc' '-mtune=generic' '-march=x86-64']
  link line: [ /usr/lib/gcc/x86_64-linux-gnu/9/collect2 -plugin /usr/lib/gcc/x86_64-linux-gnu/9/liblto_plugin.so -plugin-opt=/usr/lib/gcc/x86_64-linux-gnu/9/lto-wrapper -plugin-opt=-fresolution=/tmp/ccFDigwK.res -plugin-opt=-pass-through=-lgcc_s -plugin-opt=-pass-through=-lgcc -plugin-opt=-pass-through=-lc -plugin-opt=-pass-through=-lgcc_s -plugin-opt=-pass-through=-lgcc --build-id --eh-frame-hdr -m elf_x86_64 --hash-style=gnu --as-needed -export-dynamic -dynamic-linker /lib64/ld-linux-x86-64.so.2 -pie -z now -z relro -o cmTC_f5f11 /usr/lib/gcc/x86_64-linux-gnu/9/../../../x86_64-linux-gnu/Scrt1.o /usr/lib/gcc/x86_64-linux-gnu/9/../../../x86_64-linux-gnu/crti.o /usr/lib/gcc/x86_64-linux-gnu/9/crtbeginS.o -L/usr/lib/gcc/x86_64-linux-gnu/9 -L/usr/lib/gcc/x86_64-linux-gnu/9/../../../x86_64-linux-gnu -L/usr/lib/gcc/x86_64-linux-gnu/9/../../../../lib -L/lib/x86_64-linux-gnu -L/lib/../lib -L/usr/lib/x86_64-linux-gnu -L/usr/lib/../lib -L/usr/lib/gcc/x86_64-linux-gnu/9/../../.. CMakeFiles/cmTC_f5f11.dir/CMakeCXXCompilerABI.cpp.o -lstdc++ -lm -lgcc_s -lgcc -lc -lgcc_s -lgcc /usr/lib/gcc/x86_64-linux-gnu/9/crtendS.o /usr/lib/gcc/x86_64-linux-gnu/9/../../../x86_64-linux-gnu/crtn.o]
    arg [/usr/lib/gcc/x86_64-linux-gnu/9/collect2] ==> ignore
    arg [-plugin] ==> ignore
    arg [/usr/lib/gcc/x86_64-linux-gnu/9/liblto_plugin.so] ==> ignore
    arg [-plugin-opt=/usr/lib/gcc/x86_64-linux-gnu/9/lto-wrapper] ==> ignore
    arg [-plugin-opt=-fresolution=/tmp/ccFDigwK.res] ==> ignore
    arg [-plugin-opt=-pass-through=-lgcc_s] ==> ignore
    arg [-plugin-opt=-pass-through=-lgcc] ==> ignore
    arg [-plugin-opt=-pass-through=-lc] ==> ignore
    arg [-plugin-opt=-pass-through=-lgcc_s] ==> ignore
    arg [-plugin-opt=-pass-through=-lgcc] ==> ignore
    arg [--build-id] ==> ignore
    arg [--eh-frame-hdr] ==> ignore
    arg [-m] ==> ignore
    arg [elf_x86_64] ==> ignore
    arg [--hash-style=gnu] ==> ignore
    arg [--as-needed] ==> ignore
    arg [-export-dynamic] ==> ignore
    arg [-dynamic-linker] ==> ignore
    arg [/lib64/ld-linux-x86-64.so.2] ==> ignore
    arg [-pie] ==> ignore
    arg [-znow] ==> ignore
    arg [-zrelro] ==> ignore
    arg [-o] ==> ignore
    arg [cmTC_f5f11] ==> ignore
    arg [/usr/lib/gcc/x86_64-linux-gnu/9/../../../x86_64-linux-gnu/Scrt1.o] ==> obj [/usr/lib/gcc/x86_64-linux-gnu/9/../../../x86_64-linux-gnu/Scrt1.o]
    arg [/usr/lib/gcc/x86_64-linux-gnu/9/../../../x86_64-linux-gnu/crti.o] ==> obj [/usr/lib/gcc/x86_64-linux-gnu/9/../../../x86_64-linux-gnu/crti.o]
    arg [/usr/lib/gcc/x86_64-linux-gnu/9/crtbeginS.o] ==> obj [/usr/lib/gcc/x86_64-linux-gnu/9/crtbeginS.o]
    arg [-L/usr/lib/gcc/x86_64-linux-gnu/9] ==> dir [/usr/lib/gcc/x86_64-linux-gnu/9]
    arg [-L/usr/lib/gcc/x86_64-linux-gnu/9/../../../x86_64-linux-gnu] ==> dir [/usr/lib/gcc/x86_64-linux-gnu/9/../../../x86_64-linux-gnu]
    arg [-L/usr/lib/gcc/x86_64-linux-gnu/9/../../../../lib] ==> dir [/usr/lib/gcc/x86_64-linux-gnu/9/../../../../lib]
    arg [-L/lib/x86_64-linux-gnu] ==> dir [/lib/x86_64-linux-gnu]
    arg [-L/lib/../lib] ==> dir [/lib/../lib]
    arg [-L/usr/lib/x86_64-linux-gnu] ==> dir [/usr/lib/x86_64-linux-gnu]
    arg [-L/usr/lib/../lib] ==> dir [/usr/lib/../lib]
    arg [-L/usr/lib/gcc/x86_64-linux-gnu/9/../../..] ==> dir [/usr/lib/gcc/x86_64-linux-gnu/9/../../..]
    arg [CMakeFiles/cmTC_f5f11.dir/CMakeCXXCompilerABI.cpp.o] ==> ignore
    arg [-lstdc++] ==> lib [stdc++]
    arg [-lm] ==> lib [m]
    arg [-lgcc_s] ==> lib [gcc_s]
    arg [-lgcc] ==> lib [gcc]
    arg [-lc] ==> lib [c]
    arg [-lgcc_s] ==> lib [gcc_s]
    arg [-lgcc] ==> lib [gcc]
    arg [/usr/lib/gcc/x86_64-linux-gnu/9/crtendS.o] ==> obj [/usr/lib/gcc/x86_64-linux-gnu/9/crtendS.o]
    arg [/usr/lib/gcc/x86_64-linux-gnu/9/../../../x86_64-linux-gnu/crtn.o] ==> obj [/usr/lib/gcc/x86_64-linux-gnu/9/../../../x86_64-linux-gnu/crtn.o]
  collapse obj [/usr/lib/gcc/x86_64-linux-gnu/9/../../../x86_64-linux-gnu/Scrt1.o] ==> [/usr/lib/x86_64-linux-gnu/Scrt1.o]
  collapse obj [/usr/lib/gcc/x86_64-linux-gnu/9/../../../x86_64-linux-gnu/crti.o] ==> [/usr/lib/x86_64-linux-gnu/crti.o]
  collapse obj [/usr/lib/gcc/x86_64-linux-gnu/9/../../../x86_64-linux-gnu/crtn.o] ==> [/usr/lib/x86_64-linux-gnu/crtn.o]
  collapse library dir [/usr/lib/gcc/x86_64-linux-gnu/9] ==> [/usr/lib/gcc/x86_64-linux-gnu/9]
  collapse library dir [/usr/lib/gcc/x86_64-linux-gnu/9/../../../x86_64-linux-gnu] ==> [/usr/lib/x86_64-linux-gnu]
  collapse library dir [/usr/lib/gcc/x86_64-linux-gnu/9/../../../../lib] ==> [/usr/lib]
  collapse library dir [/lib/x86_64-linux-gnu] ==> [/lib/x86_64-linux-gnu]
  collapse library dir [/lib/../lib] ==> [/lib]
  collapse library dir [/usr/lib/x86_64-linux-gnu] ==> [/usr/lib/x86_64-linux-gnu]
  collapse library dir [/usr/lib/../lib] ==> [/usr/lib]
  collapse library dir [/usr/lib/gcc/x86_64-linux-gnu/9/../../..] ==> [/usr/lib]
  implicit libs: [stdc++;m;gcc_s;gcc;c;gcc_s;gcc]
  implicit objs: [/usr/lib/x86_64-linux-gnu/Scrt1.o;/usr/lib/x86_64-linux-gnu/crti.o;/usr/lib/gcc/x86_64-linux-gnu/9/crtbeginS.o;/usr/lib/gcc/x86_64-linux-gnu/9/crtendS.o;/usr/lib/x86_64-linux-gnu/crtn.o]
  implicit dirs: [/usr/lib/gcc/x86_64-linux-gnu/9;/usr/lib/x86_64-linux-gnu;/usr/lib;/lib/x86_64-linux-gnu;/lib]
  implicit fwks: []


Performing C++ SOURCE FILE Test EIGEN_COMPILER_SUPPORT_CPP11 succeeded with the following output:
Change Dir: /home/pdell/dev/viz3d/Eigen3/src/Eigen3-build/CMakeFiles/CMakeTmp

Run Build Command(s):/usr/bin/make -f Makefile cmTC_af02e/fast && make[3]: Entering directory '/home/pdell/dev/viz3d/Eigen3/src/Eigen3-build/CMakeFiles/CMakeTmp'
/usr/bin/make  -f CMakeFiles/cmTC_af02e.dir/build.make CMakeFiles/cmTC_af02e.dir/build
make[4]: Entering directory '/home/pdell/dev/viz3d/Eigen3/src/Eigen3-build/CMakeFiles/CMakeTmp'
Building CXX object CMakeFiles/cmTC_af02e.dir/src.cxx.o
/usr/bin/c++ -DEIGEN_COMPILER_SUPPORT_CPP11  -std=c++11 -o CMakeFiles/cmTC_af02e.dir/src.cxx.o -c /home/pdell/dev/viz3d/Eigen3/src/Eigen3-build/CMakeFiles/CMakeTmp/src.cxx
Linking CXX executable cmTC_af02e
/usr/bin/cmake -E cmake_link_script CMakeFiles/cmTC_af02e.dir/link.txt --verbose=1
/usr/bin/c++ -rdynamic CMakeFiles/cmTC_af02e.dir/src.cxx.o -o cmTC_af02e 
make[4]: Leaving directory '/home/pdell/dev/viz3d/Eigen3/src/Eigen3-build/CMakeFiles/CMakeTmp'
make[3]: Leaving directory '/home/pdell/dev/viz3d/Eigen3/src/Eigen3-build/CMakeFiles/CMakeTmp'


Source file was:
int main() { return 0; }
Performing C++ SOURCE FILE Test COMPILER_SUPPORT_std=cpp03 succeeded with the following output:
Change Dir: /home/pdell/dev/viz3d/Eigen3/src/Eigen3-build/CMakeFiles/CMakeTmp

Run Build Command(s):/usr/bin/make -f Makefile cmTC_5c5bb/fast && make[3]: Entering directory '/home/pdell/dev/viz3d/Eigen3/src/Eigen3-build/CMakeFiles/CMakeTmp'
/usr/bin/make  -f CMakeFiles/cmTC_5c5bb.dir/build.make CMakeFiles/cmTC_5c5bb.dir/build
make[4]: Entering directory '/home/pdell/dev/viz3d/Eigen3/src/Eigen3-build/CMakeFiles/CMakeTmp'
Building CXX object CMakeFiles/cmTC_5c5bb.dir/src.cxx.o
/usr/bin/c++ -DCOMPILER_SUPPORT_std=cpp03  -std=c++03 -o CMakeFiles/cmTC_5c5bb.dir/src.cxx.o -c /home/pdell/dev/viz3d/Eigen3/src/Eigen3-build/CMakeFiles/CMakeTmp/src.cxx
Linking CXX executable cmTC_5c5bb
/usr/bin/cmake -E cmake_link_script CMakeFiles/cmTC_5c5bb.dir/link.txt --verbose=1
/usr/bin/c++ -rdynamic CMakeFiles/cmTC_5c5bb.dir/src.cxx.o -o cmTC_5c5bb 
make[4]: Leaving directory '/home/pdell/dev/viz3d/Eigen3/src/Eigen3-build/CMakeFiles/CMakeTmp'
make[3]: Leaving directory '/home/pdell/dev/viz3d/Eigen3/src/Eigen3-build/CMakeFiles/CMakeTmp'


Source file was:
int main() { return 0; }
Performing C++ SOURCE FILE Test standard_math_library_linked_to_automatically succeeded with the following output:
Change Dir: /home/pdell/dev/viz3d/Eigen3/src/Eigen3-build/CMakeFiles/CMakeTmp

Run Build Command(s):/usr/bin/make -f Makefile cmTC_21f36/fast && make[3]: Entering directory '/home/pdell/dev/viz3d/Eigen3/src/Eigen3-build/CMakeFiles/CMakeTmp'
/usr/bin/make  -f CMakeFiles/cmTC_21f36.dir/build.make CMakeFiles/cmTC_21f36.dir/build
make[4]: Entering directory '/home/pdell/dev/viz3d/Eigen3/src/Eigen3-build/CMakeFiles/CMakeTmp'
Building CXX object CMakeFiles/cmTC_21f36.dir/src.cxx.o
/usr/bin/c++ -Dstandard_math_library_linked_to_automatically  -std=c++03  -o CMakeFiles/cmTC_21f36.dir/src.cxx.o -c /home/pdell/dev/viz3d/Eigen3/src/Eigen3-build/CMakeFiles/CMakeTmp/src.cxx
Linking CXX executable cmTC_21f36
/usr/bin/cmake -E cmake_link_script CMakeFiles/cmTC_21f36.dir/link.txt --verbose=1
/usr/bin/c++  -std=c++03  -rdynamic CMakeFiles/cmTC_21f36.dir/src.cxx.o -o cmTC_21f36 
make[4]: Leaving directory '/home/pdell/dev/viz3d/Eigen3/src/Eigen3-build/CMakeFiles/CMakeTmp'
make[3]: Leaving directory '/home/pdell/dev/viz3d/Eigen3/src/Eigen3-build/CMakeFiles/CMakeTmp'


Source file was:
#include<cmath>
int main() { std::sin(0.0); std::log(0.0f); }
Performing C++ SOURCE FILE Test COMPILER_SUPPORT_WERROR succeeded with the following output:
Change Dir: /home/pdell/dev/viz3d/Eigen3/src/Eigen3-build/CMakeFiles/CMakeTmp

Run Build Command(s):/usr/bin/make -f Makefile cmTC_928da/fast && make[3]: Entering directory '/home/pdell/dev/viz3d/Eigen3/src/Eigen3-build/CMakeFiles/CMakeTmp'
/usr/bin/make  -f CMakeFiles/cmTC_928da.dir/build.make CMakeFiles/cmTC_928da.dir/build
make[4]: Entering directory '/home/pdell/dev/viz3d/Eigen3/src/Eigen3-build/CMakeFiles/CMakeTmp'
Building CXX object CMakeFiles/cmTC_928da.dir/src.cxx.o
/usr/bin/c++ -DCOMPILER_SUPPORT_WERROR  -std=c++03    -Werror -o CMakeFiles/cmTC_928da.dir/src.cxx.o -c /home/pdell/dev/viz3d/Eigen3/src/Eigen3-build/CMakeFiles/CMakeTmp/src.cxx
Linking CXX executable cmTC_928da
/usr/bin/cmake -E cmake_link_script CMakeFiles/cmTC_928da.dir/link.txt --verbose=1
/usr/bin/c++  -std=c++03  -rdynamic CMakeFiles/cmTC_928da.dir/src.cxx.o -o cmTC_928da 
make[4]: Leaving directory '/home/pdell/dev/viz3d/Eigen3/src/Eigen3-build/CMakeFiles/CMakeTmp'
make[3]: Leaving directory '/home/pdell/dev/viz3d/Eigen3/src/Eigen3-build/CMakeFiles/CMakeTmp'


Source file was:
int main() { return 0; }
Performing C++ SOURCE FILE Test COMPILER_SUPPORT_pedantic succeeded with the following output:
Change Dir: /home/pdell/dev/viz3d/Eigen3/src/Eigen3-build/CMakeFiles/CMakeTmp

Run Build Command(s):/usr/bin/make -f Makefile cmTC_f89b3/fast && make[3]: Entering directory '/home/pdell/dev/viz3d/Eigen3/src/Eigen3-build/CMakeFiles/CMakeTmp'
/usr/bin/make  -f CMakeFiles/cmTC_f89b3.dir/build.make CMakeFiles/cmTC_f89b3.dir/build
make[4]: Entering directory '/home/pdell/dev/viz3d/Eigen3/src/Eigen3-build/CMakeFiles/CMakeTmp'
Building CXX object CMakeFiles/cmTC_f89b3.dir/src.cxx.o
/usr/bin/c++ -DCOMPILER_SUPPORT_pedantic  -std=c++03 -Werror   -pedantic -o CMakeFiles/cmTC_f89b3.dir/src.cxx.o -c /home/pdell/dev/viz3d/Eigen3/src/Eigen3-build/CMakeFiles/CMakeTmp/src.cxx
Linking CXX executable cmTC_f89b3
/usr/bin/cmake -E cmake_link_script CMakeFiles/cmTC_f89b3.dir/link.txt --verbose=1
/usr/bin/c++  -std=c++03 -Werror -rdynamic CMakeFiles/cmTC_f89b3.dir/src.cxx.o -o cmTC_f89b3 
make[4]: Leaving directory '/home/pdell/dev/viz3d/Eigen3/src/Eigen3-build/CMakeFiles/CMakeTmp'
make[3]: Leaving directory '/home/pdell/dev/viz3d/Eigen3/src/Eigen3-build/CMakeFiles/CMakeTmp'


Source file was:
int main() { return 0; }
Performing C++ SOURCE FILE Test COMPILER_SUPPORT_Wall succeeded with the following output:
Change Dir: /home/pdell/dev/viz3d/Eigen3/src/Eigen3-build/CMakeFiles/CMakeTmp

Run Build Command(s):/usr/bin/make -f Makefile cmTC_83f58/fast && make[3]: Entering directory '/home/pdell/dev/viz3d/Eigen3/src/Eigen3-build/CMakeFiles/CMakeTmp'
/usr/bin/make  -f CMakeFiles/cmTC_83f58.dir/build.make CMakeFiles/cmTC_83f58.dir/build
make[4]: Entering directory '/home/pdell/dev/viz3d/Eigen3/src/Eigen3-build/CMakeFiles/CMakeTmp'
Building CXX object CMakeFiles/cmTC_83f58.dir/src.cxx.o
/usr/bin/c++ -DCOMPILER_SUPPORT_Wall  -std=c++03 -pedantic -Werror   -Wall -o CMakeFiles/cmTC_83f58.dir/src.cxx.o -c /home/pdell/dev/viz3d/Eigen3/src/Eigen3-build/CMakeFiles/CMakeTmp/src.cxx
Linking CXX executable cmTC_83f58
/usr/bin/cmake -E cmake_link_script CMakeFiles/cmTC_83f58.dir/link.txt --verbose=1
/usr/bin/c++  -std=c++03 -pedantic -Werror -rdynamic CMakeFiles/cmTC_83f58.dir/src.cxx.o -o cmTC_83f58 
make[4]: Leaving directory '/home/pdell/dev/viz3d/Eigen3/src/Eigen3-build/CMakeFiles/CMakeTmp'
make[3]: Leaving directory '/home/pdell/dev/viz3d/Eigen3/src/Eigen3-build/CMakeFiles/CMakeTmp'


Source file was:
int main() { return 0; }
Performing C++ SOURCE FILE Test COMPILER_SUPPORT_Wextra succeeded with the following output:
Change Dir: /home/pdell/dev/viz3d/Eigen3/src/Eigen3-build/CMakeFiles/CMakeTmp

Run Build Command(s):/usr/bin/make -f Makefile cmTC_02fd7/fast && make[3]: Entering directory '/home/pdell/dev/viz3d/Eigen3/src/Eigen3-build/CMakeFiles/CMakeTmp'
/usr/bin/make  -f CMakeFiles/cmTC_02fd7.dir/build.make CMakeFiles/cmTC_02fd7.dir/build
make[4]: Entering directory '/home/pdell/dev/viz3d/Eigen3/src/Eigen3-build/CMakeFiles/CMakeTmp'
Building CXX object CMakeFiles/cmTC_02fd7.dir/src.cxx.o
/usr/bin/c++ -DCOMPILER_SUPPORT_Wextra  -std=c++03 -pedantic -Wall -Werror   -Wextra -o CMakeFiles/cmTC_02fd7.dir/src.cxx.o -c /home/pdell/dev/viz3d/Eigen3/src/Eigen3-build/CMakeFiles/CMakeTmp/src.cxx
Linking CXX executable cmTC_02fd7
/usr/bin/cmake -E cmake_link_script CMakeFiles/cmTC_02fd7.dir/link.txt --verbose=1
/usr/bin/c++  -std=c++03 -pedantic -Wall -Werror -rdynamic CMakeFiles/cmTC_02fd7.dir/src.cxx.o -o cmTC_02fd7 
make[4]: Leaving directory '/home/pdell/dev/viz3d/Eigen3/src/Eigen3-build/CMakeFiles/CMakeTmp'
make[3]: Leaving directory '/home/pdell/dev/viz3d/Eigen3/src/Eigen3-build/CMakeFiles/CMakeTmp'


Source file was:
int main() { return 0; }
Performing C++ SOURCE FILE Test COMPILER_SUPPORT_Wundef succeeded with the following output:
Change Dir: /home/pdell/dev/viz3d/Eigen3/src/Eigen3-build/CMakeFiles/CMakeTmp

Run Build Command(s):/usr/bin/make -f Makefile cmTC_a5c31/fast && make[3]: Entering directory '/home/pdell/dev/viz3d/Eigen3/src/Eigen3-build/CMakeFiles/CMakeTmp'
/usr/bin/make  -f CMakeFiles/cmTC_a5c31.dir/build.make CMakeFiles/cmTC_a5c31.dir/build
make[4]: Entering directory '/home/pdell/dev/viz3d/Eigen3/src/Eigen3-build/CMakeFiles/CMakeTmp'
Building CXX object CMakeFiles/cmTC_a5c31.dir/src.cxx.o
/usr/bin/c++ -DCOMPILER_SUPPORT_Wundef  -std=c++03 -pedantic -Wall -Wextra -Werror   -Wundef -o CMakeFiles/cmTC_a5c31.dir/src.cxx.o -c /home/pdell/dev/viz3d/Eigen3/src/Eigen3-build/CMakeFiles/CMakeTmp/src.cxx
Linking CXX executable cmTC_a5c31
/usr/bin/cmake -E cmake_link_script CMakeFiles/cmTC_a5c31.dir/link.txt --verbose=1
/usr/bin/c++  -std=c++03 -pedantic -Wall -Wextra -Werror -rdynamic CMakeFiles/cmTC_a5c31.dir/src.cxx.o -o cmTC_a5c31 
make[4]: Leaving directory '/home/pdell/dev/viz3d/Eigen3/src/Eigen3-build/CMakeFiles/CMakeTmp'
make[3]: Leaving directory '/home/pdell/dev/viz3d/Eigen3/src/Eigen3-build/CMakeFiles/CMakeTmp'


Source file was:
int main() { return 0; }
Performing C++ SOURCE FILE Test COMPILER_SUPPORT_Wcastalign succeeded with the following output:
Change Dir: /home/pdell/dev/viz3d/Eigen3/src/Eigen3-build/CMakeFiles/CMakeTmp

Run Build Command(s):/usr/bin/make -f Makefile cmTC_56a49/fast && make[3]: Entering directory '/home/pdell/dev/viz3d/Eigen3/src/Eigen3-build/CMakeFiles/CMakeTmp'
/usr/bin/make  -f CMakeFiles/cmTC_56a49.dir/build.make CMakeFiles/cmTC_56a49.dir/build
make[4]: Entering directory '/home/pdell/dev/viz3d/Eigen3/src/Eigen3-build/CMakeFiles/CMakeTmp'
Building CXX object CMakeFiles/cmTC_56a49.dir/src.cxx.o
/usr/bin/c++ -DCOMPILER_SUPPORT_Wcastalign  -std=c++03 -pedantic -Wall -Wextra -Wundef -Werror   -Wcast-align -o CMakeFiles/cmTC_56a49.dir/src.cxx.o -c /home/pdell/dev/viz3d/Eigen3/src/Eigen3-build/CMakeFiles/CMakeTmp/src.cxx
Linking CXX executable cmTC_56a49
/usr/bin/cmake -E cmake_link_script CMakeFiles/cmTC_56a49.dir/link.txt --verbose=1
/usr/bin/c++  -std=c++03 -pedantic -Wall -Wextra -Wundef -Werror -rdynamic CMakeFiles/cmTC_56a49.dir/src.cxx.o -o cmTC_56a49 
make[4]: Leaving directory '/home/pdell/dev/viz3d/Eigen3/src/Eigen3-build/CMakeFiles/CMakeTmp'
make[3]: Leaving directory '/home/pdell/dev/viz3d/Eigen3/src/Eigen3-build/CMakeFiles/CMakeTmp'


Source file was:
int main() { return 0; }
Performing C++ SOURCE FILE Test COMPILER_SUPPORT_Wcharsubscripts succeeded with the following output:
Change Dir: /home/pdell/dev/viz3d/Eigen3/src/Eigen3-build/CMakeFiles/CMakeTmp

Run Build Command(s):/usr/bin/make -f Makefile cmTC_e5e0b/fast && make[3]: Entering directory '/home/pdell/dev/viz3d/Eigen3/src/Eigen3-build/CMakeFiles/CMakeTmp'
/usr/bin/make  -f CMakeFiles/cmTC_e5e0b.dir/build.make CMakeFiles/cmTC_e5e0b.dir/build
make[4]: Entering directory '/home/pdell/dev/viz3d/Eigen3/src/Eigen3-build/CMakeFiles/CMakeTmp'
Building CXX object CMakeFiles/cmTC_e5e0b.dir/src.cxx.o
/usr/bin/c++ -DCOMPILER_SUPPORT_Wcharsubscripts  -std=c++03 -pedantic -Wall -Wextra -Wundef -Wcast-align -Werror   -Wchar-subscripts -o CMakeFiles/cmTC_e5e0b.dir/src.cxx.o -c /home/pdell/dev/viz3d/Eigen3/src/Eigen3-build/CMakeFiles/CMakeTmp/src.cxx
Linking CXX executable cmTC_e5e0b
/usr/bin/cmake -E cmake_link_script CMakeFiles/cmTC_e5e0b.dir/link.txt --verbose=1
/usr/bin/c++  -std=c++03 -pedantic -Wall -Wextra -Wundef -Wcast-align -Werror -rdynamic CMakeFiles/cmTC_e5e0b.dir/src.cxx.o -o cmTC_e5e0b 
make[4]: Leaving directory '/home/pdell/dev/viz3d/Eigen3/src/Eigen3-build/CMakeFiles/CMakeTmp'
make[3]: Leaving directory '/home/pdell/dev/viz3d/Eigen3/src/Eigen3-build/CMakeFiles/CMakeTmp'


Source file was:
int main() { return 0; }
Performing C++ SOURCE FILE Test COMPILER_SUPPORT_Wnonvirtualdtor succeeded with the following output:
Change Dir: /home/pdell/dev/viz3d/Eigen3/src/Eigen3-build/CMakeFiles/CMakeTmp

Run Build Command(s):/usr/bin/make -f Makefile cmTC_ae08d/fast && make[3]: Entering directory '/home/pdell/dev/viz3d/Eigen3/src/Eigen3-build/CMakeFiles/CMakeTmp'
/usr/bin/make  -f CMakeFiles/cmTC_ae08d.dir/build.make CMakeFiles/cmTC_ae08d.dir/build
make[4]: Entering directory '/home/pdell/dev/viz3d/Eigen3/src/Eigen3-build/CMakeFiles/CMakeTmp'
Building CXX object CMakeFiles/cmTC_ae08d.dir/src.cxx.o
/usr/bin/c++ -DCOMPILER_SUPPORT_Wnonvirtualdtor  -std=c++03 -pedantic -Wall -Wextra -Wundef -Wcast-align -Wchar-subscripts -Werror   -Wnon-virtual-dtor -o CMakeFiles/cmTC_ae08d.dir/src.cxx.o -c /home/pdell/dev/viz3d/Eigen3/src/Eigen3-build/CMakeFiles/CMakeTmp/src.cxx
Linking CXX executable cmTC_ae08d
/usr/bin/cmake -E cmake_link_script CMakeFiles/cmTC_ae08d.dir/link.txt --verbose=1
/usr/bin/c++  -std=c++03 -pedantic -Wall -Wextra -Wundef -Wcast-align -Wchar-subscripts -Werror -rdynamic CMakeFiles/cmTC_ae08d.dir/src.cxx.o -o cmTC_ae08d 
make[4]: Leaving directory '/home/pdell/dev/viz3d/Eigen3/src/Eigen3-build/CMakeFiles/CMakeTmp'
make[3]: Leaving directory '/home/pdell/dev/viz3d/Eigen3/src/Eigen3-build/CMakeFiles/CMakeTmp'


Source file was:
int main() { return 0; }
Performing C++ SOURCE FILE Test COMPILER_SUPPORT_Wunusedlocaltypedefs succeeded with the following output:
Change Dir: /home/pdell/dev/viz3d/Eigen3/src/Eigen3-build/CMakeFiles/CMakeTmp

Run Build Command(s):/usr/bin/make -f Makefile cmTC_8a999/fast && make[3]: Entering directory '/home/pdell/dev/viz3d/Eigen3/src/Eigen3-build/CMakeFiles/CMakeTmp'
/usr/bin/make  -f CMakeFiles/cmTC_8a999.dir/build.make CMakeFiles/cmTC_8a999.dir/build
make[4]: Entering directory '/home/pdell/dev/viz3d/Eigen3/src/Eigen3-build/CMakeFiles/CMakeTmp'
Building CXX object CMakeFiles/cmTC_8a999.dir/src.cxx.o
/usr/bin/c++ -DCOMPILER_SUPPORT_Wunusedlocaltypedefs  -std=c++03 -pedantic -Wall -Wextra -Wundef -Wcast-align -Wchar-subscripts -Wnon-virtual-dtor -Werror   -Wunused-local-typedefs -o CMakeFiles/cmTC_8a999.dir/src.cxx.o -c /home/pdell/dev/viz3d/Eigen3/src/Eigen3-build/CMakeFiles/CMakeTmp/src.cxx
Linking CXX executable cmTC_8a999
/usr/bin/cmake -E cmake_link_script CMakeFiles/cmTC_8a999.dir/link.txt --verbose=1
/usr/bin/c++  -std=c++03 -pedantic -Wall -Wextra -Wundef -Wcast-align -Wchar-subscripts -Wnon-virtual-dtor -Werror -rdynamic CMakeFiles/cmTC_8a999.dir/src.cxx.o -o cmTC_8a999 
make[4]: Leaving directory '/home/pdell/dev/viz3d/Eigen3/src/Eigen3-build/CMakeFiles/CMakeTmp'
make[3]: Leaving directory '/home/pdell/dev/viz3d/Eigen3/src/Eigen3-build/CMakeFiles/CMakeTmp'


Source file was:
int main() { return 0; }
Performing C++ SOURCE FILE Test COMPILER_SUPPORT_Wpointerarith succeeded with the following output:
Change Dir: /home/pdell/dev/viz3d/Eigen3/src/Eigen3-build/CMakeFiles/CMakeTmp

Run Build Command(s):/usr/bin/make -f Makefile cmTC_c66a8/fast && make[3]: Entering directory '/home/pdell/dev/viz3d/Eigen3/src/Eigen3-build/CMakeFiles/CMakeTmp'
/usr/bin/make  -f CMakeFiles/cmTC_c66a8.dir/build.make CMakeFiles/cmTC_c66a8.dir/build
make[4]: Entering directory '/home/pdell/dev/viz3d/Eigen3/src/Eigen3-build/CMakeFiles/CMakeTmp'
Building CXX object CMakeFiles/cmTC_c66a8.dir/src.cxx.o
/usr/bin/c++ -DCOMPILER_SUPPORT_Wpointerarith  -std=c++03 -pedantic -Wall -Wextra -Wundef -Wcast-align -Wchar-subscripts -Wnon-virtual-dtor -Wunused-local-typedefs -Werror   -Wpointer-arith -o CMakeFiles/cmTC_c66a8.dir/src.cxx.o -c /home/pdell/dev/viz3d/Eigen3/src/Eigen3-build/CMakeFiles/CMakeTmp/src.cxx
Linking CXX executable cmTC_c66a8
/usr/bin/cmake -E cmake_link_script CMakeFiles/cmTC_c66a8.dir/link.txt --verbose=1
/usr/bin/c++  -std=c++03 -pedantic -Wall -Wextra -Wundef -Wcast-align -Wchar-subscripts -Wnon-virtual-dtor -Wunused-local-typedefs -Werror -rdynamic CMakeFiles/cmTC_c66a8.dir/src.cxx.o -o cmTC_c66a8 
make[4]: Leaving directory '/home/pdell/dev/viz3d/Eigen3/src/Eigen3-build/CMakeFiles/CMakeTmp'
make[3]: Leaving directory '/home/pdell/dev/viz3d/Eigen3/src/Eigen3-build/CMakeFiles/CMakeTmp'


Source file was:
int main() { return 0; }
Performing C++ SOURCE FILE Test COMPILER_SUPPORT_Wwritestrings succeeded with the following output:
Change Dir: /home/pdell/dev/viz3d/Eigen3/src/Eigen3-build/CMakeFiles/CMakeTmp

Run Build Command(s):/usr/bin/make -f Makefile cmTC_25be7/fast && make[3]: Entering directory '/home/pdell/dev/viz3d/Eigen3/src/Eigen3-build/CMakeFiles/CMakeTmp'
/usr/bin/make  -f CMakeFiles/cmTC_25be7.dir/build.make CMakeFiles/cmTC_25be7.dir/build
make[4]: Entering directory '/home/pdell/dev/viz3d/Eigen3/src/Eigen3-build/CMakeFiles/CMakeTmp'
Building CXX object CMakeFiles/cmTC_25be7.dir/src.cxx.o
/usr/bin/c++ -DCOMPILER_SUPPORT_Wwritestrings  -std=c++03 -pedantic -Wall -Wextra -Wundef -Wcast-align -Wchar-subscripts -Wnon-virtual-dtor -Wunused-local-typedefs -Wpointer-arith -Werror   -Wwrite-strings -o CMakeFiles/cmTC_25be7.dir/src.cxx.o -c /home/pdell/dev/viz3d/Eigen3/src/Eigen3-build/CMakeFiles/CMakeTmp/src.cxx
Linking CXX executable cmTC_25be7
/usr/bin/cmake -E cmake_link_script CMakeFiles/cmTC_25be7.dir/link.txt --verbose=1
/usr/bin/c++  -std=c++03 -pedantic -Wall -Wextra -Wundef -Wcast-align -Wchar-subscripts -Wnon-virtual-dtor -Wunused-local-typedefs -Wpointer-arith -Werror -rdynamic CMakeFiles/cmTC_25be7.dir/src.cxx.o -o cmTC_25be7 
make[4]: Leaving directory '/home/pdell/dev/viz3d/Eigen3/src/Eigen3-build/CMakeFiles/CMakeTmp'
make[3]: Leaving directory '/home/pdell/dev/viz3d/Eigen3/src/Eigen3-build/CMakeFiles/CMakeTmp'


Source file was:
int main() { return 0; }
Performing C++ SOURCE FILE Test COMPILER_SUPPORT_Wformatsecurity succeeded with the following output:
Change Dir: /home/pdell/dev/viz3d/Eigen3/src/Eigen3-build/CMakeFiles/CMakeTmp

Run Build Command(s):/usr/bin/make -f Makefile cmTC_88969/fast && make[3]: Entering directory '/home/pdell/dev/viz3d/Eigen3/src/Eigen3-build/CMakeFiles/CMakeTmp'
/usr/bin/make  -f CMakeFiles/cmTC_88969.dir/build.make CMakeFiles/cmTC_88969.dir/build
make[4]: Entering directory '/home/pdell/dev/viz3d/Eigen3/src/Eigen3-build/CMakeFiles/CMakeTmp'
Building CXX object CMakeFiles/cmTC_88969.dir/src.cxx.o
/usr/bin/c++ -DCOMPILER_SUPPORT_Wformatsecurity  -std=c++03 -pedantic -Wall -Wextra -Wundef -Wcast-align -Wchar-subscripts -Wnon-virtual-dtor -Wunused-local-typedefs -Wpointer-arith -Wwrite-strings -Werror   -Wformat-security -o CMakeFiles/cmTC_88969.dir/src.cxx.o -c /home/pdell/dev/viz3d/Eigen3/src/Eigen3-build/CMakeFiles/CMakeTmp/src.cxx
Linking CXX executable cmTC_88969
/usr/bin/cmake -E cmake_link_script CMakeFiles/cmTC_88969.dir/link.txt --verbose=1
/usr/bin/c++  -std=c++03 -pedantic -Wall -Wextra -Wundef -Wcast-align -Wchar-subscripts -Wnon-virtual-dtor -Wunused-local-typedefs -Wpointer-arith -Wwrite-strings -Werror -rdynamic CMakeFiles/cmTC_88969.dir/src.cxx.o -o cmTC_88969 
make[4]: Leaving directory '/home/pdell/dev/viz3d/Eigen3/src/Eigen3-build/CMakeFiles/CMakeTmp'
make[3]: Leaving directory '/home/pdell/dev/viz3d/Eigen3/src/Eigen3-build/CMakeFiles/CMakeTmp'


Source file was:
int main() { return 0; }
Performing C++ SOURCE FILE Test COMPILER_SUPPORT_Wlogicalop succeeded with the following output:
Change Dir: /home/pdell/dev/viz3d/Eigen3/src/Eigen3-build/CMakeFiles/CMakeTmp

Run Build Command(s):/usr/bin/make -f Makefile cmTC_9beeb/fast && make[3]: Entering directory '/home/pdell/dev/viz3d/Eigen3/src/Eigen3-build/CMakeFiles/CMakeTmp'
/usr/bin/make  -f CMakeFiles/cmTC_9beeb.dir/build.make CMakeFiles/cmTC_9beeb.dir/build
make[4]: Entering directory '/home/pdell/dev/viz3d/Eigen3/src/Eigen3-build/CMakeFiles/CMakeTmp'
Building CXX object CMakeFiles/cmTC_9beeb.dir/src.cxx.o
/usr/bin/c++ -DCOMPILER_SUPPORT_Wlogicalop  -std=c++03 -pedantic -Wall -Wextra -Wundef -Wcast-align -Wchar-subscripts -Wnon-virtual-dtor -Wunused-local-typedefs -Wpointer-arith -Wwrite-strings -Wformat-security -Werror   -Wlogical-op -o CMakeFiles/cmTC_9beeb.dir/src.cxx.o -c /home/pdell/dev/viz3d/Eigen3/src/Eigen3-build/CMakeFiles/CMakeTmp/src.cxx
Linking CXX executable cmTC_9beeb
/usr/bin/cmake -E cmake_link_script CMakeFiles/cmTC_9beeb.dir/link.txt --verbose=1
/usr/bin/c++  -std=c++03 -pedantic -Wall -Wextra -Wundef -Wcast-align -Wchar-subscripts -Wnon-virtual-dtor -Wunused-local-typedefs -Wpointer-arith -Wwrite-strings -Wformat-security -Werror -rdynamic CMakeFiles/cmTC_9beeb.dir/src.cxx.o -o cmTC_9beeb 
make[4]: Leaving directory '/home/pdell/dev/viz3d/Eigen3/src/Eigen3-build/CMakeFiles/CMakeTmp'
make[3]: Leaving directory '/home/pdell/dev/viz3d/Eigen3/src/Eigen3-build/CMakeFiles/CMakeTmp'


Source file was:
int main() { return 0; }
Performing C++ SOURCE FILE Test COMPILER_SUPPORT_Wdoublepromotion succeeded with the following output:
Change Dir: /home/pdell/dev/viz3d/Eigen3/src/Eigen3-build/CMakeFiles/CMakeTmp

Run Build Command(s):/usr/bin/make -f Makefile cmTC_01f7b/fast && make[3]: Entering directory '/home/pdell/dev/viz3d/Eigen3/src/Eigen3-build/CMakeFiles/CMakeTmp'
/usr/bin/make  -f CMakeFiles/cmTC_01f7b.dir/build.make CMakeFiles/cmTC_01f7b.dir/build
make[4]: Entering directory '/home/pdell/dev/viz3d/Eigen3/src/Eigen3-build/CMakeFiles/CMakeTmp'
Building CXX object CMakeFiles/cmTC_01f7b.dir/src.cxx.o
/usr/bin/c++ -DCOMPILER_SUPPORT_Wdoublepromotion  -std=c++03 -pedantic -Wall -Wextra -Wundef -Wcast-align -Wchar-subscripts -Wnon-virtual-dtor -Wunused-local-typedefs -Wpointer-arith -Wwrite-strings -Wformat-security -Wlogical-op -Werror   -Wdouble-promotion -o CMakeFiles/cmTC_01f7b.dir/src.cxx.o -c /home/pdell/dev/viz3d/Eigen3/src/Eigen3-build/CMakeFiles/CMakeTmp/src.cxx
Linking CXX executable cmTC_01f7b
/usr/bin/cmake -E cmake_link_script CMakeFiles/cmTC_01f7b.dir/link.txt --verbose=1
/usr/bin/c++  -std=c++03 -pedantic -Wall -Wextra -Wundef -Wcast-align -Wchar-subscripts -Wnon-virtual-dtor -Wunused-local-typedefs -Wpointer-arith -Wwrite-strings -Wformat-security -Wlogical-op -Werror -rdynamic CMakeFiles/cmTC_01f7b.dir/src.cxx.o -o cmTC_01f7b 
make[4]: Leaving directory '/home/pdell/dev/viz3d/Eigen3/src/Eigen3-build/CMakeFiles/CMakeTmp'
make[3]: Leaving directory '/home/pdell/dev/viz3d/Eigen3/src/Eigen3-build/CMakeFiles/CMakeTmp'


Source file was:
int main() { return 0; }
Performing C++ SOURCE FILE Test COMPILER_SUPPORT_Wnopsabi succeeded with the following output:
Change Dir: /home/pdell/dev/viz3d/Eigen3/src/Eigen3-build/CMakeFiles/CMakeTmp

Run Build Command(s):/usr/bin/make -f Makefile cmTC_7872f/fast && make[3]: Entering directory '/home/pdell/dev/viz3d/Eigen3/src/Eigen3-build/CMakeFiles/CMakeTmp'
/usr/bin/make  -f CMakeFiles/cmTC_7872f.dir/build.make CMakeFiles/cmTC_7872f.dir/build
make[4]: Entering directory '/home/pdell/dev/viz3d/Eigen3/src/Eigen3-build/CMakeFiles/CMakeTmp'
Building CXX object CMakeFiles/cmTC_7872f.dir/src.cxx.o
/usr/bin/c++ -DCOMPILER_SUPPORT_Wnopsabi  -std=c++03 -pedantic -Wall -Wextra -Wundef -Wcast-align -Wchar-subscripts -Wnon-virtual-dtor -Wunused-local-typedefs -Wpointer-arith -Wwrite-strings -Wformat-security -Wlogical-op -Wdouble-promotion -Werror   -Wno-psabi -o CMakeFiles/cmTC_7872f.dir/src.cxx.o -c /home/pdell/dev/viz3d/Eigen3/src/Eigen3-build/CMakeFiles/CMakeTmp/src.cxx
Linking CXX executable cmTC_7872f
/usr/bin/cmake -E cmake_link_script CMakeFiles/cmTC_7872f.dir/link.txt --verbose=1
/usr/bin/c++  -std=c++03 -pedantic -Wall -Wextra -Wundef -Wcast-align -Wchar-subscripts -Wnon-virtual-dtor -Wunused-local-typedefs -Wpointer-arith -Wwrite-strings -Wformat-security -Wlogical-op -Wdouble-promotion -Werror -rdynamic CMakeFiles/cmTC_7872f.dir/src.cxx.o -o cmTC_7872f 
make[4]: Leaving directory '/home/pdell/dev/viz3d/Eigen3/src/Eigen3-build/CMakeFiles/CMakeTmp'
make[3]: Leaving directory '/home/pdell/dev/viz3d/Eigen3/src/Eigen3-build/CMakeFiles/CMakeTmp'


Source file was:
int main() { return 0; }
Performing C++ SOURCE FILE Test COMPILER_SUPPORT_Wnovariadicmacros succeeded with the following output:
Change Dir: /home/pdell/dev/viz3d/Eigen3/src/Eigen3-build/CMakeFiles/CMakeTmp

Run Build Command(s):/usr/bin/make -f Makefile cmTC_5c587/fast && make[3]: Entering directory '/home/pdell/dev/viz3d/Eigen3/src/Eigen3-build/CMakeFiles/CMakeTmp'
/usr/bin/make  -f CMakeFiles/cmTC_5c587.dir/build.make CMakeFiles/cmTC_5c587.dir/build
make[4]: Entering directory '/home/pdell/dev/viz3d/Eigen3/src/Eigen3-build/CMakeFiles/CMakeTmp'
Building CXX object CMakeFiles/cmTC_5c587.dir/src.cxx.o
/usr/bin/c++ -DCOMPILER_SUPPORT_Wnovariadicmacros  -std=c++03 -pedantic -Wall -Wextra -Wundef -Wcast-align -Wchar-subscripts -Wnon-virtual-dtor -Wunused-local-typedefs -Wpointer-arith -Wwrite-strings -Wformat-security -Wlogical-op -Wdouble-promotion -Wno-psabi -Werror   -Wno-variadic-macros -o CMakeFiles/cmTC_5c587.dir/src.cxx.o -c /home/pdell/dev/viz3d/Eigen3/src/Eigen3-build/CMakeFiles/CMakeTmp/src.cxx
Linking CXX executable cmTC_5c587
/usr/bin/cmake -E cmake_link_script CMakeFiles/cmTC_5c587.dir/link.txt --verbose=1
/usr/bin/c++  -std=c++03 -pedantic -Wall -Wextra -Wundef -Wcast-align -Wchar-subscripts -Wnon-virtual-dtor -Wunused-local-typedefs -Wpointer-arith -Wwrite-strings -Wformat-security -Wlogical-op -Wdouble-promotion -Wno-psabi -Werror -rdynamic CMakeFiles/cmTC_5c587.dir/src.cxx.o -o cmTC_5c587 
make[4]: Leaving directory '/home/pdell/dev/viz3d/Eigen3/src/Eigen3-build/CMakeFiles/CMakeTmp'
make[3]: Leaving directory '/home/pdell/dev/viz3d/Eigen3/src/Eigen3-build/CMakeFiles/CMakeTmp'


Source file was:
int main() { return 0; }
Performing C++ SOURCE FILE Test COMPILER_SUPPORT_Wnolonglong succeeded with the following output:
Change Dir: /home/pdell/dev/viz3d/Eigen3/src/Eigen3-build/CMakeFiles/CMakeTmp

Run Build Command(s):/usr/bin/make -f Makefile cmTC_e39cd/fast && make[3]: Entering directory '/home/pdell/dev/viz3d/Eigen3/src/Eigen3-build/CMakeFiles/CMakeTmp'
/usr/bin/make  -f CMakeFiles/cmTC_e39cd.dir/build.make CMakeFiles/cmTC_e39cd.dir/build
make[4]: Entering directory '/home/pdell/dev/viz3d/Eigen3/src/Eigen3-build/CMakeFiles/CMakeTmp'
Building CXX object CMakeFiles/cmTC_e39cd.dir/src.cxx.o
/usr/bin/c++ -DCOMPILER_SUPPORT_Wnolonglong  -std=c++03 -pedantic -Wall -Wextra -Wundef -Wcast-align -Wchar-subscripts -Wnon-virtual-dtor -Wunused-local-typedefs -Wpointer-arith -Wwrite-strings -Wformat-security -Wlogical-op -Wdouble-promotion -Wno-psabi -Wno-variadic-macros -Werror   -Wno-long-long -o CMakeFiles/cmTC_e39cd.dir/src.cxx.o -c /home/pdell/dev/viz3d/Eigen3/src/Eigen3-build/CMakeFiles/CMakeTmp/src.cxx
Linking CXX executable cmTC_e39cd
/usr/bin/cmake -E cmake_link_script CMakeFiles/cmTC_e39cd.dir/link.txt --verbose=1
/usr/bin/c++  -std=c++03 -pedantic -Wall -Wextra -Wundef -Wcast-align -Wchar-subscripts -Wnon-virtual-dtor -Wunused-local-typedefs -Wpointer-arith -Wwrite-strings -Wformat-security -Wlogical-op -Wdouble-promotion -Wno-psabi -Wno-variadic-macros -Werror -rdynamic CMakeFiles/cmTC_e39cd.dir/src.cxx.o -o cmTC_e39cd 
make[4]: Leaving directory '/home/pdell/dev/viz3d/Eigen3/src/Eigen3-build/CMakeFiles/CMakeTmp'
make[3]: Leaving directory '/home/pdell/dev/viz3d/Eigen3/src/Eigen3-build/CMakeFiles/CMakeTmp'


Source file was:
int main() { return 0; }
Performing C++ SOURCE FILE Test COMPILER_SUPPORT_fnochecknew succeeded with the following output:
Change Dir: /home/pdell/dev/viz3d/Eigen3/src/Eigen3-build/CMakeFiles/CMakeTmp

Run Build Command(s):/usr/bin/make -f Makefile cmTC_232d2/fast && make[3]: Entering directory '/home/pdell/dev/viz3d/Eigen3/src/Eigen3-build/CMakeFiles/CMakeTmp'
/usr/bin/make  -f CMakeFiles/cmTC_232d2.dir/build.make CMakeFiles/cmTC_232d2.dir/build
make[4]: Entering directory '/home/pdell/dev/viz3d/Eigen3/src/Eigen3-build/CMakeFiles/CMakeTmp'
Building CXX object CMakeFiles/cmTC_232d2.dir/src.cxx.o
/usr/bin/c++ -DCOMPILER_SUPPORT_fnochecknew  -std=c++03 -pedantic -Wall -Wextra -Wundef -Wcast-align -Wchar-subscripts -Wnon-virtual-dtor -Wunused-local-typedefs -Wpointer-arith -Wwrite-strings -Wformat-security -Wlogical-op -Wdouble-promotion -Wno-psabi -Wno-variadic-macros -Wno-long-long -Werror   -fno-check-new -o CMakeFiles/cmTC_232d2.dir/src.cxx.o -c /home/pdell/dev/viz3d/Eigen3/src/Eigen3-build/CMakeFiles/CMakeTmp/src.cxx
Linking CXX executable cmTC_232d2
/usr/bin/cmake -E cmake_link_script CMakeFiles/cmTC_232d2.dir/link.txt --verbose=1
/usr/bin/c++  -std=c++03 -pedantic -Wall -Wextra -Wundef -Wcast-align -Wchar-subscripts -Wnon-virtual-dtor -Wunused-local-typedefs -Wpointer-arith -Wwrite-strings -Wformat-security -Wlogical-op -Wdouble-promotion -Wno-psabi -Wno-variadic-macros -Wno-long-long -Werror -rdynamic CMakeFiles/cmTC_232d2.dir/src.cxx.o -o cmTC_232d2 
make[4]: Leaving directory '/home/pdell/dev/viz3d/Eigen3/src/Eigen3-build/CMakeFiles/CMakeTmp'
make[3]: Leaving directory '/home/pdell/dev/viz3d/Eigen3/src/Eigen3-build/CMakeFiles/CMakeTmp'


Source file was:
int main() { return 0; }
Performing C++ SOURCE FILE Test COMPILER_SUPPORT_fnocommon succeeded with the following output:
Change Dir: /home/pdell/dev/viz3d/Eigen3/src/Eigen3-build/CMakeFiles/CMakeTmp

Run Build Command(s):/usr/bin/make -f Makefile cmTC_c4aec/fast && make[3]: Entering directory '/home/pdell/dev/viz3d/Eigen3/src/Eigen3-build/CMakeFiles/CMakeTmp'
/usr/bin/make  -f CMakeFiles/cmTC_c4aec.dir/build.make CMakeFiles/cmTC_c4aec.dir/build
make[4]: Entering directory '/home/pdell/dev/viz3d/Eigen3/src/Eigen3-build/CMakeFiles/CMakeTmp'
Building CXX object CMakeFiles/cmTC_c4aec.dir/src.cxx.o
/usr/bin/c++ -DCOMPILER_SUPPORT_fnocommon  -std=c++03 -pedantic -Wall -Wextra -Wundef -Wcast-align -Wchar-subscripts -Wnon-virtual-dtor -Wunused-local-typedefs -Wpointer-arith -Wwrite-strings -Wformat-security -Wlogical-op -Wdouble-promotion -Wno-psabi -Wno-variadic-macros -Wno-long-long -fno-check-new -Werror   -fno-common -o CMakeFiles/cmTC_c4aec.dir/src.cxx.o -c /home/pdell/dev/viz3d/Eigen3/src/Eigen3-build/CMakeFiles/CMakeTmp/src.cxx
Linking CXX executable cmTC_c4aec
/usr/bin/cmake -E cmake_link_script CMakeFiles/cmTC_c4aec.dir/link.txt --verbose=1
/usr/bin/c++  -std=c++03 -pedantic -Wall -Wextra -Wundef -Wcast-align -Wchar-subscripts -Wnon-virtual-dtor -Wunused-local-typedefs -Wpointer-arith -Wwrite-strings -Wformat-security -Wlogical-op -Wdouble-promotion -Wno-psabi -Wno-variadic-macros -Wno-long-long -fno-check-new -Werror -rdynamic CMakeFiles/cmTC_c4aec.dir/src.cxx.o -o cmTC_c4aec 
make[4]: Leaving directory '/home/pdell/dev/viz3d/Eigen3/src/Eigen3-build/CMakeFiles/CMakeTmp'
make[3]: Leaving directory '/home/pdell/dev/viz3d/Eigen3/src/Eigen3-build/CMakeFiles/CMakeTmp'


Source file was:
int main() { return 0; }
Performing C++ SOURCE FILE Test COMPILER_SUPPORT_fstrictaliasing succeeded with the following output:
Change Dir: /home/pdell/dev/viz3d/Eigen3/src/Eigen3-build/CMakeFiles/CMakeTmp

Run Build Command(s):/usr/bin/make -f Makefile cmTC_a840f/fast && make[3]: Entering directory '/home/pdell/dev/viz3d/Eigen3/src/Eigen3-build/CMakeFiles/CMakeTmp'
/usr/bin/make  -f CMakeFiles/cmTC_a840f.dir/build.make CMakeFiles/cmTC_a840f.dir/build
make[4]: Entering directory '/home/pdell/dev/viz3d/Eigen3/src/Eigen3-build/CMakeFiles/CMakeTmp'
Building CXX object CMakeFiles/cmTC_a840f.dir/src.cxx.o
/usr/bin/c++ -DCOMPILER_SUPPORT_fstrictaliasing  -std=c++03 -pedantic -Wall -Wextra -Wundef -Wcast-align -Wchar-subscripts -Wnon-virtual-dtor -Wunused-local-typedefs -Wpointer-arith -Wwrite-strings -Wformat-security -Wlogical-op -Wdouble-promotion -Wno-psabi -Wno-variadic-macros -Wno-long-long -fno-check-new -fno-common -Werror   -fstrict-aliasing -o CMakeFiles/cmTC_a840f.dir/src.cxx.o -c /home/pdell/dev/viz3d/Eigen3/src/Eigen3-build/CMakeFiles/CMakeTmp/src.cxx
Linking CXX executable cmTC_a840f
/usr/bin/cmake -E cmake_link_script CMakeFiles/cmTC_a840f.dir/link.txt --verbose=1
/usr/bin/c++  -std=c++03 -pedantic -Wall -Wextra -Wundef -Wcast-align -Wchar-subscripts -Wnon-virtual-dtor -Wunused-local-typedefs -Wpointer-arith -Wwrite-strings -Wformat-security -Wlogical-op -Wdouble-promotion -Wno-psabi -Wno-variadic-macros -Wno-long-long -fno-check-new -fno-common -Werror -rdynamic CMakeFiles/cmTC_a840f.dir/src.cxx.o -o cmTC_a840f 
make[4]: Leaving directory '/home/pdell/dev/viz3d/Eigen3/src/Eigen3-build/CMakeFiles/CMakeTmp'
make[3]: Leaving directory '/home/pdell/dev/viz3d/Eigen3/src/Eigen3-build/CMakeFiles/CMakeTmp'


Source file was:
int main() { return 0; }
Performing C++ SOURCE FILE Test COMPILER_SUPPORT_ansi succeeded with the following output:
Change Dir: /home/pdell/dev/viz3d/Eigen3/src/Eigen3-build/CMakeFiles/CMakeTmp

Run Build Command(s):/usr/bin/make -f Makefile cmTC_5e9fa/fast && make[3]: Entering directory '/home/pdell/dev/viz3d/Eigen3/src/Eigen3-build/CMakeFiles/CMakeTmp'
/usr/bin/make  -f CMakeFiles/cmTC_5e9fa.dir/build.make CMakeFiles/cmTC_5e9fa.dir/build
make[4]: Entering directory '/home/pdell/dev/viz3d/Eigen3/src/Eigen3-build/CMakeFiles/CMakeTmp'
Building CXX object CMakeFiles/cmTC_5e9fa.dir/src.cxx.o
/usr/bin/c++ -DCOMPILER_SUPPORT_ansi  -std=c++03 -pedantic -Wall -Wextra -Wundef -Wcast-align -Wchar-subscripts -Wnon-virtual-dtor -Wunused-local-typedefs -Wpointer-arith -Wwrite-strings -Wformat-security -Wlogical-op -Wdouble-promotion -Wno-psabi -Wno-variadic-macros -Wno-long-long -fno-check-new -fno-common -fstrict-aliasing -Werror   -ansi -o CMakeFiles/cmTC_5e9fa.dir/src.cxx.o -c /home/pdell/dev/viz3d/Eigen3/src/Eigen3-build/CMakeFiles/CMakeTmp/src.cxx
Linking CXX executable cmTC_5e9fa
/usr/bin/cmake -E cmake_link_script CMakeFiles/cmTC_5e9fa.dir/link.txt --verbose=1
/usr/bin/c++  -std=c++03 -pedantic -Wall -Wextra -Wundef -Wcast-align -Wchar-subscripts -Wnon-virtual-dtor -Wunused-local-typedefs -Wpointer-arith -Wwrite-strings -Wformat-security -Wlogical-op -Wdouble-promotion -Wno-psabi -Wno-variadic-macros -Wno-long-long -fno-check-new -fno-common -fstrict-aliasing -Werror -rdynamic CMakeFiles/cmTC_5e9fa.dir/src.cxx.o -o cmTC_5e9fa 
make[4]: Leaving directory '/home/pdell/dev/viz3d/Eigen3/src/Eigen3-build/CMakeFiles/CMakeTmp'
make[3]: Leaving directory '/home/pdell/dev/viz3d/Eigen3/src/Eigen3-build/CMakeFiles/CMakeTmp'


Source file was:
int main() { return 0; }
Performing C++ SOURCE FILE Test COMPILER_SUPPORT_OPENMP succeeded with the following output:
Change Dir: /home/pdell/dev/viz3d/Eigen3/src/Eigen3-build/CMakeFiles/CMakeTmp

Run Build Command(s):/usr/bin/make -f Makefile cmTC_fd279/fast && make[3]: Entering directory '/home/pdell/dev/viz3d/Eigen3/src/Eigen3-build/CMakeFiles/CMakeTmp'
/usr/bin/make  -f CMakeFiles/cmTC_fd279.dir/build.make CMakeFiles/cmTC_fd279.dir/build
make[4]: Entering directory '/home/pdell/dev/viz3d/Eigen3/src/Eigen3-build/CMakeFiles/CMakeTmp'
Building CXX object CMakeFiles/cmTC_fd279.dir/src.cxx.o
/usr/bin/c++ -DCOMPILER_SUPPORT_OPENMP  -std=c++03 -pedantic -Wall -Wextra -Wundef -Wcast-align -Wchar-subscripts -Wnon-virtual-dtor -Wunused-local-typedefs -Wpointer-arith -Wwrite-strings -Wformat-security -Wlogical-op -Wdouble-promotion -Wno-psabi -Wno-variadic-macros -Wno-long-long -fno-check-new -fno-common -fstrict-aliasing -ansi    -fopenmp -o CMakeFiles/cmTC_fd279.dir/src.cxx.o -c /home/pdell/dev/viz3d/Eigen3/src/Eigen3-build/CMakeFiles/CMakeTmp/src.cxx
Linking CXX executable cmTC_fd279
/usr/bin/cmake -E cmake_link_script CMakeFiles/cmTC_fd279.dir/link.txt --verbose=1
/usr/bin/c++  -std=c++03 -pedantic -Wall -Wextra -Wundef -Wcast-align -Wchar-subscripts -Wnon-virtual-dtor -Wunused-local-typedefs -Wpointer-arith -Wwrite-strings -Wformat-security -Wlogical-op -Wdouble-promotion -Wno-psabi -Wno-variadic-macros -Wno-long-long -fno-check-new -fno-common -fstrict-aliasing -ansi  -rdynamic CMakeFiles/cmTC_fd279.dir/src.cxx.o -o cmTC_fd279 
make[4]: Leaving directory '/home/pdell/dev/viz3d/Eigen3/src/Eigen3-build/CMakeFiles/CMakeTmp'
make[3]: Leaving directory '/home/pdell/dev/viz3d/Eigen3/src/Eigen3-build/CMakeFiles/CMakeTmp'


Source file was:
int main() { return 0; }
Determining if the include file pthread.h exists passed with the following output:
Change Dir: /home/pdell/dev/viz3d/Eigen3/src/Eigen3-build/CMakeFiles/CMakeTmp

Run Build Command(s):/usr/bin/make -f Makefile cmTC_a3bb3/fast && make[3]: Entering directory '/home/pdell/dev/viz3d/Eigen3/src/Eigen3-build/CMakeFiles/CMakeTmp'
/usr/bin/make  -f CMakeFiles/cmTC_a3bb3.dir/build.make CMakeFiles/cmTC_a3bb3.dir/build
make[4]: Entering directory '/home/pdell/dev/viz3d/Eigen3/src/Eigen3-build/CMakeFiles/CMakeTmp'
Building C object CMakeFiles/cmTC_a3bb3.dir/CheckIncludeFile.c.o
/usr/bin/cc    -o CMakeFiles/cmTC_a3bb3.dir/CheckIncludeFile.c.o -c /home/pdell/dev/viz3d/Eigen3/src/Eigen3-build/CMakeFiles/CMakeTmp/CheckIncludeFile.c
Linking C executable cmTC_a3bb3
/usr/bin/cmake -E cmake_link_script CMakeFiles/cmTC_a3bb3.dir/link.txt --verbose=1
/usr/bin/cc -rdynamic CMakeFiles/cmTC_a3bb3.dir/CheckIncludeFile.c.o -o cmTC_a3bb3 
make[4]: Leaving directory '/home/pdell/dev/viz3d/Eigen3/src/Eigen3-build/CMakeFiles/CMakeTmp'
make[3]: Leaving directory '/home/pdell/dev/viz3d/Eigen3/src/Eigen3-build/CMakeFiles/CMakeTmp'



Determining if the function pthread_create exists in the pthread passed with the following output:
Change Dir: /home/pdell/dev/viz3d/Eigen3/src/Eigen3-build/CMakeFiles/CMakeTmp

Run Build Command(s):/usr/bin/make -f Makefile cmTC_a9ea9/fast && make[3]: Entering directory '/home/pdell/dev/viz3d/Eigen3/src/Eigen3-build/CMakeFiles/CMakeTmp'
/usr/bin/make  -f CMakeFiles/cmTC_a9ea9.dir/build.make CMakeFiles/cmTC_a9ea9.dir/build
make[4]: Entering directory '/home/pdell/dev/viz3d/Eigen3/src/Eigen3-build/CMakeFiles/CMakeTmp'
Building C object CMakeFiles/cmTC_a9ea9.dir/CheckFunctionExists.c.o
/usr/bin/cc   -DCHECK_FUNCTION_EXISTS=pthread_create -o CMakeFiles/cmTC_a9ea9.dir/CheckFunctionExists.c.o -c /usr/share/cmake-3.21/Modules/CheckFunctionExists.c
Linking C executable cmTC_a9ea9
/usr/bin/cmake -E cmake_link_script CMakeFiles/cmTC_a9ea9.dir/link.txt --verbose=1
/usr/bin/cc  -DCHECK_FUNCTION_EXISTS=pthread_create -rdynamic CMakeFiles/cmTC_a9ea9.dir/CheckFunctionExists.c.o -o cmTC_a9ea9  -lpthread 
make[4]: Leaving directory '/home/pdell/dev/viz3d/Eigen3/src/Eigen3-build/CMakeFiles/CMakeTmp'
make[3]: Leaving directory '/home/pdell/dev/viz3d/Eigen3/src/Eigen3-build/CMakeFiles/CMakeTmp'



Determining if the function dgemm_ exists passed with the following output:
Change Dir: /home/pdell/dev/viz3d/Eigen3/src/Eigen3-build/CMakeFiles/CMakeTmp

Run Build Command(s):/usr/bin/make -f Makefile cmTC_20d6a/fast && make[3]: Entering directory '/home/pdell/dev/viz3d/Eigen3/src/Eigen3-build/CMakeFiles/CMakeTmp'
/usr/bin/make  -f CMakeFiles/cmTC_20d6a.dir/build.make CMakeFiles/cmTC_20d6a.dir/build
make[4]: Entering directory '/home/pdell/dev/viz3d/Eigen3/src/Eigen3-build/CMakeFiles/CMakeTmp'
Building C object CMakeFiles/cmTC_20d6a.dir/CheckFunctionExists.c.o
/usr/bin/cc   -DCHECK_FUNCTION_EXISTS=dgemm_ -fopenmp -o CMakeFiles/cmTC_20d6a.dir/CheckFunctionExists.c.o -c /usr/share/cmake-3.21/Modules/CheckFunctionExists.c
Linking C executable cmTC_20d6a
/usr/bin/cmake -E cmake_link_script CMakeFiles/cmTC_20d6a.dir/link.txt --verbose=1
/usr/bin/cc  -DCHECK_FUNCTION_EXISTS=dgemm_ -fopenmp -rdynamic CMakeFiles/cmTC_20d6a.dir/CheckFunctionExists.c.o -o cmTC_20d6a  /usr/lib/x86_64-linux-gnu/libf77blas.so /usr/lib/x86_64-linux-gnu/libatlas.so 
make[4]: Leaving directory '/home/pdell/dev/viz3d/Eigen3/src/Eigen3-build/CMakeFiles/CMakeTmp'
make[3]: Leaving directory '/home/pdell/dev/viz3d/Eigen3/src/Eigen3-build/CMakeFiles/CMakeTmp'



Determining if the function cheev_ exists passed with the following output:
Change Dir: /home/pdell/dev/viz3d/Eigen3/src/Eigen3-build/CMakeFiles/CMakeTmp

Run Build Command(s):/usr/bin/make -f Makefile cmTC_cffc6/fast && make[3]: Entering directory '/home/pdell/dev/viz3d/Eigen3/src/Eigen3-build/CMakeFiles/CMakeTmp'
/usr/bin/make  -f CMakeFiles/cmTC_cffc6.dir/build.make CMakeFiles/cmTC_cffc6.dir/build
make[4]: Entering directory '/home/pdell/dev/viz3d/Eigen3/src/Eigen3-build/CMakeFiles/CMakeTmp'
Building C object CMakeFiles/cmTC_cffc6.dir/CheckFunctionExists.c.o
/usr/bin/cc -DLAPACK_USE_F2C  -DCHECK_FUNCTION_EXISTS=cheev_ -fopenmp -o CMakeFiles/cmTC_cffc6.dir/CheckFunctionExists.c.o -c /usr/share/cmake-3.21/Modules/CheckFunctionExists.c
Linking C executable cmTC_cffc6
/usr/bin/cmake -E cmake_link_script CMakeFiles/cmTC_cffc6.dir/link.txt --verbose=1
/usr/bin/cc  -DCHECK_FUNCTION_EXISTS=cheev_ -fopenmp -rdynamic CMakeFiles/cmTC_cffc6.dir/CheckFunctionExists.c.o -o cmTC_cffc6  /usr/lib/x86_64-linux-gnu/liblapack.so /usr/lib/x86_64-linux-gnu/libf77blas.so /usr/lib/x86_64-linux-gnu/libatlas.so 
make[4]: Leaving directory '/home/pdell/dev/viz3d/Eigen3/src/Eigen3-build/CMakeFiles/CMakeTmp'
make[3]: Leaving directory '/home/pdell/dev/viz3d/Eigen3/src/Eigen3-build/CMakeFiles/CMakeTmp'



Performing C++ SOURCE FILE Test SUPERLU_HAS_GLOBAL_MEM_USAGE_T succeeded with the following output:
Change Dir: /home/pdell/dev/viz3d/Eigen3/src/Eigen3-build/CMakeFiles/CMakeTmp

Run Build Command(s):/usr/bin/make -f Makefile cmTC_b08b9/fast && make[3]: Entering directory '/home/pdell/dev/viz3d/Eigen3/src/Eigen3-build/CMakeFiles/CMakeTmp'
/usr/bin/make  -f CMakeFiles/cmTC_b08b9.dir/build.make CMakeFiles/cmTC_b08b9.dir/build
make[4]: Entering directory '/home/pdell/dev/viz3d/Eigen3/src/Eigen3-build/CMakeFiles/CMakeTmp'
Building CXX object CMakeFiles/cmTC_b08b9.dir/src.cxx.o
/usr/bin/c++ -DLAPACK_USE_F2C -DSUPERLU_HAS_GLOBAL_MEM_USAGE_T -I/usr/include/superlu -std=c++03 -pedantic -Wall -Wextra -Wundef -Wcast-align -Wchar-subscripts -Wnon-virtual-dtor -Wunused-local-typedefs -Wpointer-arith -Wwrite-strings -Wformat-security -Wlogical-op -Wdouble-promotion -Wno-psabi -Wno-variadic-macros -Wno-long-long -fno-check-new -fno-common -fstrict-aliasing -ansi -fopenmp -o CMakeFiles/cmTC_b08b9.dir/src.cxx.o -c /home/pdell/dev/viz3d/Eigen3/src/Eigen3-build/CMakeFiles/CMakeTmp/src.cxx
/home/pdell/dev/viz3d/Eigen3/src/Eigen3-build/CMakeFiles/CMakeTmp/src.cxx: In function int main():
/home/pdell/dev/viz3d/Eigen3/src/Eigen3-build/CMakeFiles/CMakeTmp/src.cxx:6:15: warning: unused variable mem [-Wunused-variable]
    6 |   mem_usage_t mem;
      |               ^~~
Linking CXX executable cmTC_b08b9
/usr/bin/cmake -E cmake_link_script CMakeFiles/cmTC_b08b9.dir/link.txt --verbose=1
/usr/bin/c++  -std=c++03 -pedantic -Wall -Wextra -Wundef -Wcast-align -Wchar-subscripts -Wnon-virtual-dtor -Wunused-local-typedefs -Wpointer-arith -Wwrite-strings -Wformat-security -Wlogical-op -Wdouble-promotion -Wno-psabi -Wno-variadic-macros -Wno-long-long -fno-check-new -fno-common -fstrict-aliasing -ansi -fopenmp -rdynamic CMakeFiles/cmTC_b08b9.dir/src.cxx.o -o cmTC_b08b9 
make[4]: Leaving directory '/home/pdell/dev/viz3d/Eigen3/src/Eigen3-build/CMakeFiles/CMakeTmp'
make[3]: Leaving directory '/home/pdell/dev/viz3d/Eigen3/src/Eigen3-build/CMakeFiles/CMakeTmp'


Source file was:

typedef int int_t;
#include <supermatrix.h>
#include <slu_util.h>
int main() {
  mem_usage_t mem;
  return 0;
}
Performing C++ SOURCE FILE Test SUPERLU_HAS_CLEAN_ENUMS succeeded with the following output:
Change Dir: /home/pdell/dev/viz3d/Eigen3/src/Eigen3-build/CMakeFiles/CMakeTmp

Run Build Command(s):/usr/bin/make -f Makefile cmTC_bbe29/fast && make[3]: Entering directory '/home/pdell/dev/viz3d/Eigen3/src/Eigen3-build/CMakeFiles/CMakeTmp'
/usr/bin/make  -f CMakeFiles/cmTC_bbe29.dir/build.make CMakeFiles/cmTC_bbe29.dir/build
make[4]: Entering directory '/home/pdell/dev/viz3d/Eigen3/src/Eigen3-build/CMakeFiles/CMakeTmp'
Building CXX object CMakeFiles/cmTC_bbe29.dir/src.cxx.o
/usr/bin/c++ -DLAPACK_USE_F2C -DSUPERLU_HAS_CLEAN_ENUMS -I/usr/include/superlu -std=c++03 -pedantic -Wall -Wextra -Wundef -Wcast-align -Wchar-subscripts -Wnon-virtual-dtor -Wunused-local-typedefs -Wpointer-arith -Wwrite-strings -Wformat-security -Wlogical-op -Wdouble-promotion -Wno-psabi -Wno-variadic-macros -Wno-long-long -fno-check-new -fno-common -fstrict-aliasing -ansi -fopenmp -o CMakeFiles/cmTC_bbe29.dir/src.cxx.o -c /home/pdell/dev/viz3d/Eigen3/src/Eigen3-build/CMakeFiles/CMakeTmp/src.cxx
Linking CXX executable cmTC_bbe29
/usr/bin/cmake -E cmake_link_script CMakeFiles/cmTC_bbe29.dir/link.txt --verbose=1
/usr/bin/c++  -std=c++03 -pedantic -Wall -Wextra -Wundef -Wcast-align -Wchar-subscripts -Wnon-virtual-dtor -Wunused-local-typedefs -Wpointer-arith -Wwrite-strings -Wformat-security -Wlogical-op -Wdouble-promotion -Wno-psabi -Wno-variadic-macros -Wno-long-long -fno-check-new -fno-common -fstrict-aliasing -ansi -fopenmp -rdynamic CMakeFiles/cmTC_bbe29.dir/src.cxx.o -o cmTC_bbe29 
make[4]: Leaving directory '/home/pdell/dev/viz3d/Eigen3/src/Eigen3-build/CMakeFiles/CMakeTmp'
make[3]: Leaving directory '/home/pdell/dev/viz3d/Eigen3/src/Eigen3-build/CMakeFiles/CMakeTmp'


Source file was:

typedef int int_t;
#include <supermatrix.h>
#include <superlu_enum_consts.h>
int main() {
  return SLU_SINGLE;
}
Performing C++ SOURCE FILE Test SUPERLU_HAS_GLOBALLU_T succeeded with the following output:
Change Dir: /home/pdell/dev/viz3d/Eigen3/src/Eigen3-build/CMakeFiles/CMakeTmp

Run Build Command(s):/usr/bin/make -f Makefile cmTC_8755f/fast && make[3]: Entering directory '/home/pdell/dev/viz3d/Eigen3/src/Eigen3-build/CMakeFiles/CMakeTmp'
/usr/bin/make  -f CMakeFiles/cmTC_8755f.dir/build.make CMakeFiles/cmTC_8755f.dir/build
make[4]: Entering directory '/home/pdell/dev/viz3d/Eigen3/src/Eigen3-build/CMakeFiles/CMakeTmp'
Building CXX object CMakeFiles/cmTC_8755f.dir/src.cxx.o
/usr/bin/c++ -DLAPACK_USE_F2C -DSUPERLU_HAS_GLOBALLU_T -I/usr/include/superlu -std=c++03 -pedantic -Wall -Wextra -Wundef -Wcast-align -Wchar-subscripts -Wnon-virtual-dtor -Wunused-local-typedefs -Wpointer-arith -Wwrite-strings -Wformat-security -Wlogical-op -Wdouble-promotion -Wno-psabi -Wno-variadic-macros -Wno-long-long -fno-check-new -fno-common -fstrict-aliasing -ansi -fopenmp -o CMakeFiles/cmTC_8755f.dir/src.cxx.o -c /home/pdell/dev/viz3d/Eigen3/src/Eigen3-build/CMakeFiles/CMakeTmp/src.cxx
/home/pdell/dev/viz3d/Eigen3/src/Eigen3-build/CMakeFiles/CMakeTmp/src.cxx: In function int main():
/home/pdell/dev/viz3d/Eigen3/src/Eigen3-build/CMakeFiles/CMakeTmp/src.cxx:7:14: warning: unused variable glu [-Wunused-variable]
    7 |   GlobalLU_t glu;
      |              ^~~
Linking CXX executable cmTC_8755f
/usr/bin/cmake -E cmake_link_script CMakeFiles/cmTC_8755f.dir/link.txt --verbose=1
/usr/bin/c++  -std=c++03 -pedantic -Wall -Wextra -Wundef -Wcast-align -Wchar-subscripts -Wnon-virtual-dtor -Wunused-local-typedefs -Wpointer-arith -Wwrite-strings -Wformat-security -Wlogical-op -Wdouble-promotion -Wno-psabi -Wno-variadic-macros -Wno-long-long -fno-check-new -fno-common -fstrict-aliasing -ansi -fopenmp -rdynamic CMakeFiles/cmTC_8755f.dir/src.cxx.o -o cmTC_8755f 
make[4]: Leaving directory '/home/pdell/dev/viz3d/Eigen3/src/Eigen3-build/CMakeFiles/CMakeTmp'
make[3]: Leaving directory '/home/pdell/dev/viz3d/Eigen3/src/Eigen3-build/CMakeFiles/CMakeTmp'


Source file was:

typedef int int_t;
#include <supermatrix.h>
#include <slu_util.h>
int main(void)
{
  GlobalLU_t glu;
  return 0;
}
Performing C++ SOURCE FILE Test COMPILER_SUPPORT_FASTMATH succeeded with the following output:
Change Dir: /home/pdell/dev/viz3d/Eigen3/src/Eigen3-build/CMakeFiles/CMakeTmp

Run Build Command(s):/usr/bin/make -f Makefile cmTC_8dba3/fast && make[3]: Entering directory '/home/pdell/dev/viz3d/Eigen3/src/Eigen3-build/CMakeFiles/CMakeTmp'
/usr/bin/make  -f CMakeFiles/cmTC_8dba3.dir/build.make CMakeFiles/cmTC_8dba3.dir/build
make[4]: Entering directory '/home/pdell/dev/viz3d/Eigen3/src/Eigen3-build/CMakeFiles/CMakeTmp'
Building CXX object CMakeFiles/cmTC_8dba3.dir/src.cxx.o
/usr/bin/c++ -DCOMPILER_SUPPORT_FASTMATH  -std=c++03 -pedantic -Wall -Wextra -Wundef -Wcast-align -Wchar-subscripts -Wnon-virtual-dtor -Wunused-local-typedefs -Wpointer-arith -Wwrite-strings -Wformat-security -Wlogical-op -Wdouble-promotion -Wno-psabi -Wno-variadic-macros -Wno-long-long -fno-check-new -fno-common -fstrict-aliasing -ansi -fopenmp   -ffast-math -o CMakeFiles/cmTC_8dba3.dir/src.cxx.o -c /home/pdell/dev/viz3d/Eigen3/src/Eigen3-build/CMakeFiles/CMakeTmp/src.cxx
Linking CXX executable cmTC_8dba3
/usr/bin/cmake -E cmake_link_script CMakeFiles/cmTC_8dba3.dir/link.txt --verbose=1
/usr/bin/c++  -std=c++03 -pedantic -Wall -Wextra -Wundef -Wcast-align -Wchar-subscripts -Wnon-virtual-dtor -Wunused-local-typedefs -Wpointer-arith -Wwrite-strings -Wformat-security -Wlogical-op -Wdouble-promotion -Wno-psabi -Wno-variadic-macros -Wno-long-long -fno-check-new -fno-common -fstrict-aliasing -ansi -fopenmp -rdynamic CMakeFiles/cmTC_8dba3.dir/src.cxx.o -o cmTC_8dba3 
make[4]: Leaving directory '/home/pdell/dev/viz3d/Eigen3/src/Eigen3-build/CMakeFiles/CMakeTmp'
make[3]: Leaving directory '/home/pdell/dev/viz3d/Eigen3/src/Eigen3-build/CMakeFiles/CMakeTmp'


Source file was:
int main() { return 0; }
